[2016-11-01 10:26:14] DEBUG [django.db.backends:89] (0.000) 
            SELECT name, type FROM sqlite_master
            WHERE type in ('table', 'view') AND NOT name='sqlite_sequence'
            ORDER BY name; args=None
[2016-11-01 10:26:14] DEBUG [django.db.backends:89] (0.000) SELECT "django_migrations"."app", "django_migrations"."name" FROM "django_migrations"; args=()
[2016-11-01 10:32:42] DEBUG [django.db.backends:89] (0.003) SELECT "django_session"."session_key", "django_session"."session_data", "django_session"."expire_date" FROM "django_session" WHERE ("django_session"."expire_date" > '2016-11-01 15:32:42.363132' AND "django_session"."session_key" = 'z4f7zll736z3vighq98miob9f247jz43'); args=('2016-11-01 15:32:42.363132', 'z4f7zll736z3vighq98miob9f247jz43')
[2016-11-01 10:32:42] DEBUG [django.db.backends:89] (0.002) SELECT "auths_user"."password", "auths_user"."last_login", "auths_user"."is_superuser", "auths_user"."username", "auths_user"."first_name", "auths_user"."last_name", "auths_user"."email", "auths_user"."is_staff", "auths_user"."is_active", "auths_user"."date_joined", "auths_user"."id", "auths_user"."last_hierarchy_id", "auths_user"."last_module_id", "auths_user"."person_id", "auths_user"."updated_at", "auths_user"."registered_by" FROM "auths_user" WHERE "auths_user"."id" = '98c929be19fb4598b30233dd1ddbfcfd'; args=('98c929be19fb4598b30233dd1ddbfcfd',)
[2016-11-01 10:32:42] DEBUG [django.template:927] Exception while resolving variable 'is_popup' in template 'admin/index.html'.
Traceback (most recent call last):
  File "D:\vemo_vent\ve_vemo\lib\site-packages\django\template\base.py", line 883, in _resolve_lookup
    current = current[bit]
  File "D:\vemo_vent\ve_vemo\lib\site-packages\django\template\context.py", line 77, in __getitem__
    raise KeyError(key)
KeyError: 'is_popup'

During handling of the above exception, another exception occurred:

Traceback (most recent call last):
  File "D:\vemo_vent\ve_vemo\lib\site-packages\django\template\base.py", line 889, in _resolve_lookup
    if isinstance(current, BaseContext) and getattr(type(current), bit):
AttributeError: type object 'RequestContext' has no attribute 'is_popup'

During handling of the above exception, another exception occurred:

Traceback (most recent call last):
  File "D:\vemo_vent\ve_vemo\lib\site-packages\django\template\base.py", line 898, in _resolve_lookup
    current = current[int(bit)]
ValueError: invalid literal for int() with base 10: 'is_popup'

During handling of the above exception, another exception occurred:

Traceback (most recent call last):
  File "D:\vemo_vent\ve_vemo\lib\site-packages\django\template\base.py", line 905, in _resolve_lookup
    (bit, current))  # missing attribute
django.template.base.VariableDoesNotExist: Failed lookup for key [is_popup] in "[{'None': None, 'False': False, 'True': True}, {'DEFAULT_MESSAGE_LEVELS': {'DEBUG': 10, 'SUCCESS': 25, 'ERROR': 40, 'WARNING': 30, 'INFO': 20}, 'request': <WSGIRequest: GET '/admin/'>, 'csrf_token': <SimpleLazyObject: <function csrf.<locals>._get_val at 0x00A74DB0>>, 'messages': <django.contrib.messages.storage.fallback.FallbackStorage object at 0x00A76530>, 'user': <SimpleLazyObject: <User: admin>>, 'perms': <django.contrib.auth.context_processors.PermWrapper object at 0x00AF3D90>}, {}, {'available_apps': [{'name': <django.utils.functional.lazy.<locals>.__proxy__ object at 0x032631B0>, 'app_label': 'auth', 'has_module_perms': True, 'models': [{'add_url': '/admin/auth/group/add/', 'name': <django.utils.functional.lazy.<locals>.__proxy__ object at 0x00ADD3D0>, 'admin_url': '/admin/auth/group/', 'object_name': 'Group', 'perms': {'add': True, 'delete': True, 'change': True}}, {'add_url': '/admin/auth/permission/add/', 'name': <django.utils.functional.lazy.<locals>.__proxy__ object at 0x00ADD250>, 'admin_url': '/admin/auth/permission/', 'object_name': 'Permission', 'perms': {'add': True, 'delete': True, 'change': True}}], 'app_url': '/admin/auth/'}, {'name': 'Auths', 'app_label': 'auths', 'has_module_perms': True, 'models': [{'add_url': '/admin/auths/hierarchytype/add/', 'name': <django.utils.functional.lazy.<locals>.__proxy__ object at 0x00ADD330>, 'admin_url': '/admin/auths/hierarchytype/', 'object_name': 'HierarchyType', 'perms': {'add': True, 'delete': True, 'change': True}}, {'add_url': '/admin/auths/hierarchy/add/', 'name': <django.utils.functional.lazy.<locals>.__proxy__ object at 0x00ADD3B0>, 'admin_url': '/admin/auths/hierarchy/', 'object_name': 'Hierarchy', 'perms': {'add': True, 'delete': True, 'change': True}}, {'add_url': '/admin/auths/menu/add/', 'name': <django.utils.functional.lazy.<locals>.__proxy__ object at 0x00ADD370>, 'admin_url': '/admin/auths/menu/', 'object_name': 'Menu', 'perms': {'add': True, 'delete': True, 'change': True}}, {'add_url': '/admin/auths/person/add/', 'name': <django.utils.functional.lazy.<locals>.__proxy__ object at 0x00ADD2D0>, 'admin_url': '/admin/auths/person/', 'object_name': 'Person', 'perms': {'add': True, 'delete': True, 'change': True}}, {'add_url': '/admin/auths/userhierarchygroup/add/', 'name': <django.utils.functional.lazy.<locals>.__proxy__ object at 0x00ADD3F0>, 'admin_url': '/admin/auths/userhierarchygroup/', 'object_name': 'UserHierarchyGroup', 'perms': {'add': True, 'delete': True, 'change': True}}, {'add_url': '/admin/auths/userhierarchypermission/add/', 'name': <django.utils.functional.lazy.<locals>.__proxy__ object at 0x00ADD290>, 'admin_url': '/admin/auths/userhierarchypermission/', 'object_name': 'UserHierarchyPermission', 'perms': {'add': True, 'delete': True, 'change': True}}, {'add_url': '/admin/auths/user/add/', 'name': <django.utils.functional.lazy.<locals>.__proxy__ object at 0x00ADD310>, 'admin_url': '/admin/auths/user/', 'object_name': 'User', 'perms': {'add': True, 'delete': True, 'change': True}}], 'app_url': '/admin/auths/'}, {'name': 'Catalogo', 'app_label': 'catalogo', 'has_module_perms': True, 'models': [{'add_url': '/admin/catalogo/autor/add/', 'name': 'Autores', 'admin_url': '/admin/catalogo/autor/', 'object_name': 'Autor', 'perms': {'add': True, 'delete': True, 'change': True}}, {'add_url': '/admin/catalogo/categoria/add/', 'name': 'Categorias', 'admin_url': '/admin/catalogo/categoria/', 'object_name': 'Categoria', 'perms': {'add': True, 'delete': True, 'change': True}}, {'add_url': '/admin/catalogo/libro/add/', 'name': 'Libros', 'admin_url': '/admin/catalogo/libro/', 'object_name': 'Libro', 'perms': {'add': True, 'delete': True, 'change': True}}], 'app_url': '/admin/catalogo/'}, {'name': <django.utils.functional.lazy.<locals>.__proxy__ object at 0x03263210>, 'app_label': 'contenttypes', 'has_module_perms': True, 'models': [{'add_url': '/admin/contenttypes/contenttype/add/', 'name': <django.utils.functional.lazy.<locals>.__proxy__ object at 0x00ADD350>, 'admin_url': '/admin/contenttypes/contenttype/', 'object_name': 'ContentType', 'perms': {'add': True, 'delete': True, 'change': True}}], 'app_url': '/admin/contenttypes/'}, {'name': 'Django OAuth Toolkit', 'app_label': 'oauth2_provider', 'has_module_perms': True, 'models': [{'add_url': '/admin/oauth2_provider/accesstoken/add/', 'name': <django.utils.functional.lazy.<locals>.__proxy__ object at 0x00ADD2B0>, 'admin_url': '/admin/oauth2_provider/accesstoken/', 'object_name': 'AccessToken', 'perms': {'add': True, 'delete': True, 'change': True}}, {'add_url': '/admin/oauth2_provider/application/add/', 'name': <django.utils.functional.lazy.<locals>.__proxy__ object at 0x00ADD170>, 'admin_url': '/admin/oauth2_provider/application/', 'object_name': 'Application', 'perms': {'add': True, 'delete': True, 'change': True}}, {'add_url': '/admin/oauth2_provider/grant/add/', 'name': <django.utils.functional.lazy.<locals>.__proxy__ object at 0x00ADD390>, 'admin_url': '/admin/oauth2_provider/grant/', 'object_name': 'Grant', 'perms': {'add': True, 'delete': True, 'change': True}}, {'add_url': '/admin/oauth2_provider/refreshtoken/add/', 'name': <django.utils.functional.lazy.<locals>.__proxy__ object at 0x00ADD4B0>, 'admin_url': '/admin/oauth2_provider/refreshtoken/', 'object_name': 'RefreshToken', 'perms': {'add': True, 'delete': True, 'change': True}}], 'app_url': '/admin/oauth2_provider/'}], 'app_list': [{'name': <django.utils.functional.lazy.<locals>.__proxy__ object at 0x032631B0>, 'app_label': 'auth', 'has_module_perms': True, 'models': [{'add_url': '/admin/auth/group/add/', 'name': <django.utils.functional.lazy.<locals>.__proxy__ object at 0x00ADD050>, 'admin_url': '/admin/auth/group/', 'object_name': 'Group', 'perms': {'add': True, 'delete': True, 'change': True}}, {'add_url': '/admin/auth/permission/add/', 'name': <django.utils.functional.lazy.<locals>.__proxy__ object at 0x00AC7FB0>, 'admin_url': '/admin/auth/permission/', 'object_name': 'Permission', 'perms': {'add': True, 'delete': True, 'change': True}}], 'app_url': '/admin/auth/'}, {'name': 'Auths', 'app_label': 'auths', 'has_module_perms': True, 'models': [{'add_url': '/admin/auths/hierarchytype/add/', 'name': <django.utils.functional.lazy.<locals>.__proxy__ object at 0x00A81570>, 'admin_url': '/admin/auths/hierarchytype/', 'object_name': 'HierarchyType', 'perms': {'add': True, 'delete': True, 'change': True}}, {'add_url': '/admin/auths/hierarchy/add/', 'name': <django.utils.functional.lazy.<locals>.__proxy__ object at 0x00AC7F90>, 'admin_url': '/admin/auths/hierarchy/', 'object_name': 'Hierarchy', 'perms': {'add': True, 'delete': True, 'change': True}}, {'add_url': '/admin/auths/menu/add/', 'name': <django.utils.functional.lazy.<locals>.__proxy__ object at 0x00AC7F30>, 'admin_url': '/admin/auths/menu/', 'object_name': 'Menu', 'perms': {'add': True, 'delete': True, 'change': True}}, {'add_url': '/admin/auths/person/add/', 'name': <django.utils.functional.lazy.<locals>.__proxy__ object at 0x00AC7F70>, 'admin_url': '/admin/auths/person/', 'object_name': 'Person', 'perms': {'add': True, 'delete': True, 'change': True}}, {'add_url': '/admin/auths/userhierarchygroup/add/', 'name': <django.utils.functional.lazy.<locals>.__proxy__ object at 0x00ADD030>, 'admin_url': '/admin/auths/userhierarchygroup/', 'object_name': 'UserHierarchyGroup', 'perms': {'add': True, 'delete': True, 'change': True}}, {'add_url': '/admin/auths/userhierarchypermission/add/', 'name': <django.utils.functional.lazy.<locals>.__proxy__ object at 0x00AC7FF0>, 'admin_url': '/admin/auths/userhierarchypermission/', 'object_name': 'UserHierarchyPermission', 'perms': {'add': True, 'delete': True, 'change': True}}, {'add_url': '/admin/auths/user/add/', 'name': <django.utils.functional.lazy.<locals>.__proxy__ object at 0x00AC7810>, 'admin_url': '/admin/auths/user/', 'object_name': 'User', 'perms': {'add': True, 'delete': True, 'change': True}}], 'app_url': '/admin/auths/'}, {'name': 'Catalogo', 'app_label': 'catalogo', 'has_module_perms': True, 'models': [{'add_url': '/admin/catalogo/autor/add/', 'name': 'Autores', 'admin_url': '/admin/catalogo/autor/', 'object_name': 'Autor', 'perms': {'add': True, 'delete': True, 'change': True}}, {'add_url': '/admin/catalogo/categoria/add/', 'name': 'Categorias', 'admin_url': '/admin/catalogo/categoria/', 'object_name': 'Categoria', 'perms': {'add': True, 'delete': True, 'change': True}}, {'add_url': '/admin/catalogo/libro/add/', 'name': 'Libros', 'admin_url': '/admin/catalogo/libro/', 'object_name': 'Libro', 'perms': {'add': True, 'delete': True, 'change': True}}], 'app_url': '/admin/catalogo/'}, {'name': <django.utils.functional.lazy.<locals>.__proxy__ object at 0x03263210>, 'app_label': 'contenttypes', 'has_module_perms': True, 'models': [{'add_url': '/admin/contenttypes/contenttype/add/', 'name': <django.utils.functional.lazy.<locals>.__proxy__ object at 0x00A815F0>, 'admin_url': '/admin/contenttypes/contenttype/', 'object_name': 'ContentType', 'perms': {'add': True, 'delete': True, 'change': True}}], 'app_url': '/admin/contenttypes/'}, {'name': 'Django OAuth Toolkit', 'app_label': 'oauth2_provider', 'has_module_perms': True, 'models': [{'add_url': '/admin/oauth2_provider/accesstoken/add/', 'name': <django.utils.functional.lazy.<locals>.__proxy__ object at 0x00A9AE70>, 'admin_url': '/admin/oauth2_provider/accesstoken/', 'object_name': 'AccessToken', 'perms': {'add': True, 'delete': True, 'change': True}}, {'add_url': '/admin/oauth2_provider/application/add/', 'name': <django.utils.functional.lazy.<locals>.__proxy__ object at 0x00AC7FD0>, 'admin_url': '/admin/oauth2_provider/application/', 'object_name': 'Application', 'perms': {'add': True, 'delete': True, 'change': True}}, {'add_url': '/admin/oauth2_provider/grant/add/', 'name': <django.utils.functional.lazy.<locals>.__proxy__ object at 0x00AC7F50>, 'admin_url': '/admin/oauth2_provider/grant/', 'object_name': 'Grant', 'perms': {'add': True, 'delete': True, 'change': True}}, {'add_url': '/admin/oauth2_provider/refreshtoken/add/', 'name': <django.utils.functional.lazy.<locals>.__proxy__ object at 0x00ADD0F0>, 'admin_url': '/admin/oauth2_provider/refreshtoken/', 'object_name': 'RefreshToken', 'perms': {'add': True, 'delete': True, 'change': True}}], 'app_url': '/admin/oauth2_provider/'}], 'LANGUAGE_BIDI': False, 'title': <django.utils.functional.lazy.<locals>.__proxy__ object at 0x03258C90>, 'site_url': '/', 'LANGUAGE_CODE': 'en-us', 'site_title': <django.utils.functional.lazy.<locals>.__proxy__ object at 0x03258B90>, 'has_permission': True, 'site_header': <django.utils.functional.lazy.<locals>.__proxy__ object at 0x03258C50>}]"
[2016-11-01 10:32:42] DEBUG [django.template:927] Exception while resolving variable 'is_popup' in template 'admin/index.html'.
Traceback (most recent call last):
  File "D:\vemo_vent\ve_vemo\lib\site-packages\django\template\base.py", line 883, in _resolve_lookup
    current = current[bit]
  File "D:\vemo_vent\ve_vemo\lib\site-packages\django\template\context.py", line 77, in __getitem__
    raise KeyError(key)
KeyError: 'is_popup'

During handling of the above exception, another exception occurred:

Traceback (most recent call last):
  File "D:\vemo_vent\ve_vemo\lib\site-packages\django\template\base.py", line 889, in _resolve_lookup
    if isinstance(current, BaseContext) and getattr(type(current), bit):
AttributeError: type object 'RequestContext' has no attribute 'is_popup'

During handling of the above exception, another exception occurred:

Traceback (most recent call last):
  File "D:\vemo_vent\ve_vemo\lib\site-packages\django\template\base.py", line 898, in _resolve_lookup
    current = current[int(bit)]
ValueError: invalid literal for int() with base 10: 'is_popup'

During handling of the above exception, another exception occurred:

Traceback (most recent call last):
  File "D:\vemo_vent\ve_vemo\lib\site-packages\django\template\base.py", line 905, in _resolve_lookup
    (bit, current))  # missing attribute
django.template.base.VariableDoesNotExist: Failed lookup for key [is_popup] in "[{'None': None, 'False': False, 'True': True}, {'DEFAULT_MESSAGE_LEVELS': {'DEBUG': 10, 'SUCCESS': 25, 'ERROR': 40, 'WARNING': 30, 'INFO': 20}, 'request': <WSGIRequest: GET '/admin/'>, 'csrf_token': <SimpleLazyObject: <function csrf.<locals>._get_val at 0x00A74DB0>>, 'messages': <django.contrib.messages.storage.fallback.FallbackStorage object at 0x00A76530>, 'user': <SimpleLazyObject: <User: admin>>, 'perms': <django.contrib.auth.context_processors.PermWrapper object at 0x00AF3D90>}, {}, {'available_apps': [{'name': <django.utils.functional.lazy.<locals>.__proxy__ object at 0x032631B0>, 'app_label': 'auth', 'has_module_perms': True, 'models': [{'add_url': '/admin/auth/group/add/', 'name': <django.utils.functional.lazy.<locals>.__proxy__ object at 0x00ADD3D0>, 'admin_url': '/admin/auth/group/', 'object_name': 'Group', 'perms': {'add': True, 'delete': True, 'change': True}}, {'add_url': '/admin/auth/permission/add/', 'name': <django.utils.functional.lazy.<locals>.__proxy__ object at 0x00ADD250>, 'admin_url': '/admin/auth/permission/', 'object_name': 'Permission', 'perms': {'add': True, 'delete': True, 'change': True}}], 'app_url': '/admin/auth/'}, {'name': 'Auths', 'app_label': 'auths', 'has_module_perms': True, 'models': [{'add_url': '/admin/auths/hierarchytype/add/', 'name': <django.utils.functional.lazy.<locals>.__proxy__ object at 0x00ADD330>, 'admin_url': '/admin/auths/hierarchytype/', 'object_name': 'HierarchyType', 'perms': {'add': True, 'delete': True, 'change': True}}, {'add_url': '/admin/auths/hierarchy/add/', 'name': <django.utils.functional.lazy.<locals>.__proxy__ object at 0x00ADD3B0>, 'admin_url': '/admin/auths/hierarchy/', 'object_name': 'Hierarchy', 'perms': {'add': True, 'delete': True, 'change': True}}, {'add_url': '/admin/auths/menu/add/', 'name': <django.utils.functional.lazy.<locals>.__proxy__ object at 0x00ADD370>, 'admin_url': '/admin/auths/menu/', 'object_name': 'Menu', 'perms': {'add': True, 'delete': True, 'change': True}}, {'add_url': '/admin/auths/person/add/', 'name': <django.utils.functional.lazy.<locals>.__proxy__ object at 0x00ADD2D0>, 'admin_url': '/admin/auths/person/', 'object_name': 'Person', 'perms': {'add': True, 'delete': True, 'change': True}}, {'add_url': '/admin/auths/userhierarchygroup/add/', 'name': <django.utils.functional.lazy.<locals>.__proxy__ object at 0x00ADD3F0>, 'admin_url': '/admin/auths/userhierarchygroup/', 'object_name': 'UserHierarchyGroup', 'perms': {'add': True, 'delete': True, 'change': True}}, {'add_url': '/admin/auths/userhierarchypermission/add/', 'name': <django.utils.functional.lazy.<locals>.__proxy__ object at 0x00ADD290>, 'admin_url': '/admin/auths/userhierarchypermission/', 'object_name': 'UserHierarchyPermission', 'perms': {'add': True, 'delete': True, 'change': True}}, {'add_url': '/admin/auths/user/add/', 'name': <django.utils.functional.lazy.<locals>.__proxy__ object at 0x00ADD310>, 'admin_url': '/admin/auths/user/', 'object_name': 'User', 'perms': {'add': True, 'delete': True, 'change': True}}], 'app_url': '/admin/auths/'}, {'name': 'Catalogo', 'app_label': 'catalogo', 'has_module_perms': True, 'models': [{'add_url': '/admin/catalogo/autor/add/', 'name': 'Autores', 'admin_url': '/admin/catalogo/autor/', 'object_name': 'Autor', 'perms': {'add': True, 'delete': True, 'change': True}}, {'add_url': '/admin/catalogo/categoria/add/', 'name': 'Categorias', 'admin_url': '/admin/catalogo/categoria/', 'object_name': 'Categoria', 'perms': {'add': True, 'delete': True, 'change': True}}, {'add_url': '/admin/catalogo/libro/add/', 'name': 'Libros', 'admin_url': '/admin/catalogo/libro/', 'object_name': 'Libro', 'perms': {'add': True, 'delete': True, 'change': True}}], 'app_url': '/admin/catalogo/'}, {'name': <django.utils.functional.lazy.<locals>.__proxy__ object at 0x03263210>, 'app_label': 'contenttypes', 'has_module_perms': True, 'models': [{'add_url': '/admin/contenttypes/contenttype/add/', 'name': <django.utils.functional.lazy.<locals>.__proxy__ object at 0x00ADD350>, 'admin_url': '/admin/contenttypes/contenttype/', 'object_name': 'ContentType', 'perms': {'add': True, 'delete': True, 'change': True}}], 'app_url': '/admin/contenttypes/'}, {'name': 'Django OAuth Toolkit', 'app_label': 'oauth2_provider', 'has_module_perms': True, 'models': [{'add_url': '/admin/oauth2_provider/accesstoken/add/', 'name': <django.utils.functional.lazy.<locals>.__proxy__ object at 0x00ADD2B0>, 'admin_url': '/admin/oauth2_provider/accesstoken/', 'object_name': 'AccessToken', 'perms': {'add': True, 'delete': True, 'change': True}}, {'add_url': '/admin/oauth2_provider/application/add/', 'name': <django.utils.functional.lazy.<locals>.__proxy__ object at 0x00ADD170>, 'admin_url': '/admin/oauth2_provider/application/', 'object_name': 'Application', 'perms': {'add': True, 'delete': True, 'change': True}}, {'add_url': '/admin/oauth2_provider/grant/add/', 'name': <django.utils.functional.lazy.<locals>.__proxy__ object at 0x00ADD390>, 'admin_url': '/admin/oauth2_provider/grant/', 'object_name': 'Grant', 'perms': {'add': True, 'delete': True, 'change': True}}, {'add_url': '/admin/oauth2_provider/refreshtoken/add/', 'name': <django.utils.functional.lazy.<locals>.__proxy__ object at 0x00ADD4B0>, 'admin_url': '/admin/oauth2_provider/refreshtoken/', 'object_name': 'RefreshToken', 'perms': {'add': True, 'delete': True, 'change': True}}], 'app_url': '/admin/oauth2_provider/'}], 'app_list': [{'name': <django.utils.functional.lazy.<locals>.__proxy__ object at 0x032631B0>, 'app_label': 'auth', 'has_module_perms': True, 'models': [{'add_url': '/admin/auth/group/add/', 'name': <django.utils.functional.lazy.<locals>.__proxy__ object at 0x00ADD050>, 'admin_url': '/admin/auth/group/', 'object_name': 'Group', 'perms': {'add': True, 'delete': True, 'change': True}}, {'add_url': '/admin/auth/permission/add/', 'name': <django.utils.functional.lazy.<locals>.__proxy__ object at 0x00AC7FB0>, 'admin_url': '/admin/auth/permission/', 'object_name': 'Permission', 'perms': {'add': True, 'delete': True, 'change': True}}], 'app_url': '/admin/auth/'}, {'name': 'Auths', 'app_label': 'auths', 'has_module_perms': True, 'models': [{'add_url': '/admin/auths/hierarchytype/add/', 'name': <django.utils.functional.lazy.<locals>.__proxy__ object at 0x00A81570>, 'admin_url': '/admin/auths/hierarchytype/', 'object_name': 'HierarchyType', 'perms': {'add': True, 'delete': True, 'change': True}}, {'add_url': '/admin/auths/hierarchy/add/', 'name': <django.utils.functional.lazy.<locals>.__proxy__ object at 0x00AC7F90>, 'admin_url': '/admin/auths/hierarchy/', 'object_name': 'Hierarchy', 'perms': {'add': True, 'delete': True, 'change': True}}, {'add_url': '/admin/auths/menu/add/', 'name': <django.utils.functional.lazy.<locals>.__proxy__ object at 0x00AC7F30>, 'admin_url': '/admin/auths/menu/', 'object_name': 'Menu', 'perms': {'add': True, 'delete': True, 'change': True}}, {'add_url': '/admin/auths/person/add/', 'name': <django.utils.functional.lazy.<locals>.__proxy__ object at 0x00AC7F70>, 'admin_url': '/admin/auths/person/', 'object_name': 'Person', 'perms': {'add': True, 'delete': True, 'change': True}}, {'add_url': '/admin/auths/userhierarchygroup/add/', 'name': <django.utils.functional.lazy.<locals>.__proxy__ object at 0x00ADD030>, 'admin_url': '/admin/auths/userhierarchygroup/', 'object_name': 'UserHierarchyGroup', 'perms': {'add': True, 'delete': True, 'change': True}}, {'add_url': '/admin/auths/userhierarchypermission/add/', 'name': <django.utils.functional.lazy.<locals>.__proxy__ object at 0x00AC7FF0>, 'admin_url': '/admin/auths/userhierarchypermission/', 'object_name': 'UserHierarchyPermission', 'perms': {'add': True, 'delete': True, 'change': True}}, {'add_url': '/admin/auths/user/add/', 'name': <django.utils.functional.lazy.<locals>.__proxy__ object at 0x00AC7810>, 'admin_url': '/admin/auths/user/', 'object_name': 'User', 'perms': {'add': True, 'delete': True, 'change': True}}], 'app_url': '/admin/auths/'}, {'name': 'Catalogo', 'app_label': 'catalogo', 'has_module_perms': True, 'models': [{'add_url': '/admin/catalogo/autor/add/', 'name': 'Autores', 'admin_url': '/admin/catalogo/autor/', 'object_name': 'Autor', 'perms': {'add': True, 'delete': True, 'change': True}}, {'add_url': '/admin/catalogo/categoria/add/', 'name': 'Categorias', 'admin_url': '/admin/catalogo/categoria/', 'object_name': 'Categoria', 'perms': {'add': True, 'delete': True, 'change': True}}, {'add_url': '/admin/catalogo/libro/add/', 'name': 'Libros', 'admin_url': '/admin/catalogo/libro/', 'object_name': 'Libro', 'perms': {'add': True, 'delete': True, 'change': True}}], 'app_url': '/admin/catalogo/'}, {'name': <django.utils.functional.lazy.<locals>.__proxy__ object at 0x03263210>, 'app_label': 'contenttypes', 'has_module_perms': True, 'models': [{'add_url': '/admin/contenttypes/contenttype/add/', 'name': <django.utils.functional.lazy.<locals>.__proxy__ object at 0x00A815F0>, 'admin_url': '/admin/contenttypes/contenttype/', 'object_name': 'ContentType', 'perms': {'add': True, 'delete': True, 'change': True}}], 'app_url': '/admin/contenttypes/'}, {'name': 'Django OAuth Toolkit', 'app_label': 'oauth2_provider', 'has_module_perms': True, 'models': [{'add_url': '/admin/oauth2_provider/accesstoken/add/', 'name': <django.utils.functional.lazy.<locals>.__proxy__ object at 0x00A9AE70>, 'admin_url': '/admin/oauth2_provider/accesstoken/', 'object_name': 'AccessToken', 'perms': {'add': True, 'delete': True, 'change': True}}, {'add_url': '/admin/oauth2_provider/application/add/', 'name': <django.utils.functional.lazy.<locals>.__proxy__ object at 0x00AC7FD0>, 'admin_url': '/admin/oauth2_provider/application/', 'object_name': 'Application', 'perms': {'add': True, 'delete': True, 'change': True}}, {'add_url': '/admin/oauth2_provider/grant/add/', 'name': <django.utils.functional.lazy.<locals>.__proxy__ object at 0x00AC7F50>, 'admin_url': '/admin/oauth2_provider/grant/', 'object_name': 'Grant', 'perms': {'add': True, 'delete': True, 'change': True}}, {'add_url': '/admin/oauth2_provider/refreshtoken/add/', 'name': <django.utils.functional.lazy.<locals>.__proxy__ object at 0x00ADD0F0>, 'admin_url': '/admin/oauth2_provider/refreshtoken/', 'object_name': 'RefreshToken', 'perms': {'add': True, 'delete': True, 'change': True}}], 'app_url': '/admin/oauth2_provider/'}], 'LANGUAGE_BIDI': False, 'title': <django.utils.functional.lazy.<locals>.__proxy__ object at 0x03258C90>, 'site_url': '/', 'LANGUAGE_CODE': 'en-us', 'site_title': <django.utils.functional.lazy.<locals>.__proxy__ object at 0x03258B90>, 'has_permission': True, 'site_header': <django.utils.functional.lazy.<locals>.__proxy__ object at 0x03258C50>}]"
[2016-11-01 10:32:42] DEBUG [django.db.backends:89] (0.002) SELECT "django_admin_log"."id", "django_admin_log"."action_time", "django_admin_log"."user_id", "django_admin_log"."content_type_id", "django_admin_log"."object_id", "django_admin_log"."object_repr", "django_admin_log"."action_flag", "django_admin_log"."change_message", "auths_user"."password", "auths_user"."last_login", "auths_user"."is_superuser", "auths_user"."username", "auths_user"."first_name", "auths_user"."last_name", "auths_user"."email", "auths_user"."is_staff", "auths_user"."is_active", "auths_user"."date_joined", "auths_user"."id", "auths_user"."last_hierarchy_id", "auths_user"."last_module_id", "auths_user"."person_id", "auths_user"."updated_at", "auths_user"."registered_by", "django_content_type"."id", "django_content_type"."app_label", "django_content_type"."model" FROM "django_admin_log" INNER JOIN "auths_user" ON ("django_admin_log"."user_id" = "auths_user"."id") LEFT OUTER JOIN "django_content_type" ON ("django_admin_log"."content_type_id" = "django_content_type"."id") WHERE "django_admin_log"."user_id" = '98c929be19fb4598b30233dd1ddbfcfd' ORDER BY "django_admin_log"."action_time" DESC LIMIT 10; args=('98c929be19fb4598b30233dd1ddbfcfd',)
[2016-11-01 10:32:43] WARNING [django.request:182] Not Found: /favicon.ico
[2016-11-01 10:32:43] DEBUG [django.template:927] Exception while resolving variable 'name' in template 'unknown'.
Traceback (most recent call last):
  File "D:\vemo_vent\ve_vemo\lib\site-packages\django\core\handlers\base.py", line 134, in get_response
    resolver_match = resolver.resolve(request.path_info)
  File "D:\vemo_vent\ve_vemo\lib\site-packages\django\core\urlresolvers.py", line 404, in resolve
    raise Resolver404({'tried': tried, 'path': new_path})
django.core.urlresolvers.Resolver404: {'tried': [[<RegexURLResolver <RegexURLPattern list> (admin:admin) ^admin/>], [<RegexURLResolver <module 'django.contrib.admindocs.urls' from 'D:\\vemo_vent\\ve_vemo\\lib\\site-packages\\django\\contrib\\admindocs\\urls.py'> (None:None) ^admin/doc/>], [<RegexURLResolver <module 'rest_framework.urls' from 'D:\\vemo_vent\\ve_vemo\\lib\\site-packages\\rest_framework\\urls.py'> (rest_framework:rest_framework) ^api-auth/>], [<RegexURLResolver <module 'oauth2_provider.urls' from 'D:\\vemo_vent\\ve_vemo\\lib\\site-packages\\oauth2_provider\\urls.py'> (None:oauth2_provider) ^o/>], [<RegexURLResolver <module 'vemo_service_apps.auths_api.urls' from 'D:\\vemo_vent\\vemo_service\\vemo_service_apps\\auths_api\\urls.py'> (None:None) ^api/auths/>], [<RegexURLResolver <module 'vemo_service_apps.catalogo_api.urls' from 'D:\\vemo_vent\\vemo_service\\vemo_service_apps\\catalogo_api\\urls.py'> (None:None) ^api/catalogo/>]], 'path': 'favicon.ico'}

During handling of the above exception, another exception occurred:

Traceback (most recent call last):
  File "D:\vemo_vent\ve_vemo\lib\site-packages\django\template\base.py", line 883, in _resolve_lookup
    current = current[bit]
TypeError: 'RegexURLResolver' object is not subscriptable

During handling of the above exception, another exception occurred:

Traceback (most recent call last):
  File "D:\vemo_vent\ve_vemo\lib\site-packages\django\template\base.py", line 891, in _resolve_lookup
    current = getattr(current, bit)
AttributeError: 'RegexURLResolver' object has no attribute 'name'

During handling of the above exception, another exception occurred:

Traceback (most recent call last):
  File "D:\vemo_vent\ve_vemo\lib\site-packages\django\template\base.py", line 898, in _resolve_lookup
    current = current[int(bit)]
ValueError: invalid literal for int() with base 10: 'name'

During handling of the above exception, another exception occurred:

Traceback (most recent call last):
  File "D:\vemo_vent\ve_vemo\lib\site-packages\django\template\base.py", line 905, in _resolve_lookup
    (bit, current))  # missing attribute
django.template.base.VariableDoesNotExist: Failed lookup for key [name] in '<RegexURLResolver <RegexURLPattern list> (admin:admin) ^admin/>'
[2016-11-01 10:32:43] DEBUG [django.template:927] Exception while resolving variable 'name' in template 'unknown'.
Traceback (most recent call last):
  File "D:\vemo_vent\ve_vemo\lib\site-packages\django\core\handlers\base.py", line 134, in get_response
    resolver_match = resolver.resolve(request.path_info)
  File "D:\vemo_vent\ve_vemo\lib\site-packages\django\core\urlresolvers.py", line 404, in resolve
    raise Resolver404({'tried': tried, 'path': new_path})
django.core.urlresolvers.Resolver404: {'tried': [[<RegexURLResolver <RegexURLPattern list> (admin:admin) ^admin/>], [<RegexURLResolver <module 'django.contrib.admindocs.urls' from 'D:\\vemo_vent\\ve_vemo\\lib\\site-packages\\django\\contrib\\admindocs\\urls.py'> (None:None) ^admin/doc/>], [<RegexURLResolver <module 'rest_framework.urls' from 'D:\\vemo_vent\\ve_vemo\\lib\\site-packages\\rest_framework\\urls.py'> (rest_framework:rest_framework) ^api-auth/>], [<RegexURLResolver <module 'oauth2_provider.urls' from 'D:\\vemo_vent\\ve_vemo\\lib\\site-packages\\oauth2_provider\\urls.py'> (None:oauth2_provider) ^o/>], [<RegexURLResolver <module 'vemo_service_apps.auths_api.urls' from 'D:\\vemo_vent\\vemo_service\\vemo_service_apps\\auths_api\\urls.py'> (None:None) ^api/auths/>], [<RegexURLResolver <module 'vemo_service_apps.catalogo_api.urls' from 'D:\\vemo_vent\\vemo_service\\vemo_service_apps\\catalogo_api\\urls.py'> (None:None) ^api/catalogo/>]], 'path': 'favicon.ico'}

During handling of the above exception, another exception occurred:

Traceback (most recent call last):
  File "D:\vemo_vent\ve_vemo\lib\site-packages\django\template\base.py", line 883, in _resolve_lookup
    current = current[bit]
TypeError: 'RegexURLResolver' object is not subscriptable

During handling of the above exception, another exception occurred:

Traceback (most recent call last):
  File "D:\vemo_vent\ve_vemo\lib\site-packages\django\template\base.py", line 891, in _resolve_lookup
    current = getattr(current, bit)
AttributeError: 'RegexURLResolver' object has no attribute 'name'

During handling of the above exception, another exception occurred:

Traceback (most recent call last):
  File "D:\vemo_vent\ve_vemo\lib\site-packages\django\template\base.py", line 898, in _resolve_lookup
    current = current[int(bit)]
ValueError: invalid literal for int() with base 10: 'name'

During handling of the above exception, another exception occurred:

Traceback (most recent call last):
  File "D:\vemo_vent\ve_vemo\lib\site-packages\django\template\base.py", line 905, in _resolve_lookup
    (bit, current))  # missing attribute
django.template.base.VariableDoesNotExist: Failed lookup for key [name] in "<RegexURLResolver <module 'django.contrib.admindocs.urls' from 'D:\\\\vemo_vent\\\\ve_vemo\\\\lib\\\\site-packages\\\\django\\\\contrib\\\\admindocs\\\\urls.py'> (None:None) ^admin/doc/>"
[2016-11-01 10:32:43] DEBUG [django.template:927] Exception while resolving variable 'name' in template 'unknown'.
Traceback (most recent call last):
  File "D:\vemo_vent\ve_vemo\lib\site-packages\django\core\handlers\base.py", line 134, in get_response
    resolver_match = resolver.resolve(request.path_info)
  File "D:\vemo_vent\ve_vemo\lib\site-packages\django\core\urlresolvers.py", line 404, in resolve
    raise Resolver404({'tried': tried, 'path': new_path})
django.core.urlresolvers.Resolver404: {'tried': [[<RegexURLResolver <RegexURLPattern list> (admin:admin) ^admin/>], [<RegexURLResolver <module 'django.contrib.admindocs.urls' from 'D:\\vemo_vent\\ve_vemo\\lib\\site-packages\\django\\contrib\\admindocs\\urls.py'> (None:None) ^admin/doc/>], [<RegexURLResolver <module 'rest_framework.urls' from 'D:\\vemo_vent\\ve_vemo\\lib\\site-packages\\rest_framework\\urls.py'> (rest_framework:rest_framework) ^api-auth/>], [<RegexURLResolver <module 'oauth2_provider.urls' from 'D:\\vemo_vent\\ve_vemo\\lib\\site-packages\\oauth2_provider\\urls.py'> (None:oauth2_provider) ^o/>], [<RegexURLResolver <module 'vemo_service_apps.auths_api.urls' from 'D:\\vemo_vent\\vemo_service\\vemo_service_apps\\auths_api\\urls.py'> (None:None) ^api/auths/>], [<RegexURLResolver <module 'vemo_service_apps.catalogo_api.urls' from 'D:\\vemo_vent\\vemo_service\\vemo_service_apps\\catalogo_api\\urls.py'> (None:None) ^api/catalogo/>]], 'path': 'favicon.ico'}

During handling of the above exception, another exception occurred:

Traceback (most recent call last):
  File "D:\vemo_vent\ve_vemo\lib\site-packages\django\template\base.py", line 883, in _resolve_lookup
    current = current[bit]
TypeError: 'RegexURLResolver' object is not subscriptable

During handling of the above exception, another exception occurred:

Traceback (most recent call last):
  File "D:\vemo_vent\ve_vemo\lib\site-packages\django\template\base.py", line 891, in _resolve_lookup
    current = getattr(current, bit)
AttributeError: 'RegexURLResolver' object has no attribute 'name'

During handling of the above exception, another exception occurred:

Traceback (most recent call last):
  File "D:\vemo_vent\ve_vemo\lib\site-packages\django\template\base.py", line 898, in _resolve_lookup
    current = current[int(bit)]
ValueError: invalid literal for int() with base 10: 'name'

During handling of the above exception, another exception occurred:

Traceback (most recent call last):
  File "D:\vemo_vent\ve_vemo\lib\site-packages\django\template\base.py", line 905, in _resolve_lookup
    (bit, current))  # missing attribute
django.template.base.VariableDoesNotExist: Failed lookup for key [name] in "<RegexURLResolver <module 'rest_framework.urls' from 'D:\\\\vemo_vent\\\\ve_vemo\\\\lib\\\\site-packages\\\\rest_framework\\\\urls.py'> (rest_framework:rest_framework) ^api-auth/>"
[2016-11-01 10:32:43] DEBUG [django.template:927] Exception while resolving variable 'name' in template 'unknown'.
Traceback (most recent call last):
  File "D:\vemo_vent\ve_vemo\lib\site-packages\django\core\handlers\base.py", line 134, in get_response
    resolver_match = resolver.resolve(request.path_info)
  File "D:\vemo_vent\ve_vemo\lib\site-packages\django\core\urlresolvers.py", line 404, in resolve
    raise Resolver404({'tried': tried, 'path': new_path})
django.core.urlresolvers.Resolver404: {'tried': [[<RegexURLResolver <RegexURLPattern list> (admin:admin) ^admin/>], [<RegexURLResolver <module 'django.contrib.admindocs.urls' from 'D:\\vemo_vent\\ve_vemo\\lib\\site-packages\\django\\contrib\\admindocs\\urls.py'> (None:None) ^admin/doc/>], [<RegexURLResolver <module 'rest_framework.urls' from 'D:\\vemo_vent\\ve_vemo\\lib\\site-packages\\rest_framework\\urls.py'> (rest_framework:rest_framework) ^api-auth/>], [<RegexURLResolver <module 'oauth2_provider.urls' from 'D:\\vemo_vent\\ve_vemo\\lib\\site-packages\\oauth2_provider\\urls.py'> (None:oauth2_provider) ^o/>], [<RegexURLResolver <module 'vemo_service_apps.auths_api.urls' from 'D:\\vemo_vent\\vemo_service\\vemo_service_apps\\auths_api\\urls.py'> (None:None) ^api/auths/>], [<RegexURLResolver <module 'vemo_service_apps.catalogo_api.urls' from 'D:\\vemo_vent\\vemo_service\\vemo_service_apps\\catalogo_api\\urls.py'> (None:None) ^api/catalogo/>]], 'path': 'favicon.ico'}

During handling of the above exception, another exception occurred:

Traceback (most recent call last):
  File "D:\vemo_vent\ve_vemo\lib\site-packages\django\template\base.py", line 883, in _resolve_lookup
    current = current[bit]
TypeError: 'RegexURLResolver' object is not subscriptable

During handling of the above exception, another exception occurred:

Traceback (most recent call last):
  File "D:\vemo_vent\ve_vemo\lib\site-packages\django\template\base.py", line 891, in _resolve_lookup
    current = getattr(current, bit)
AttributeError: 'RegexURLResolver' object has no attribute 'name'

During handling of the above exception, another exception occurred:

Traceback (most recent call last):
  File "D:\vemo_vent\ve_vemo\lib\site-packages\django\template\base.py", line 898, in _resolve_lookup
    current = current[int(bit)]
ValueError: invalid literal for int() with base 10: 'name'

During handling of the above exception, another exception occurred:

Traceback (most recent call last):
  File "D:\vemo_vent\ve_vemo\lib\site-packages\django\template\base.py", line 905, in _resolve_lookup
    (bit, current))  # missing attribute
django.template.base.VariableDoesNotExist: Failed lookup for key [name] in "<RegexURLResolver <module 'oauth2_provider.urls' from 'D:\\\\vemo_vent\\\\ve_vemo\\\\lib\\\\site-packages\\\\oauth2_provider\\\\urls.py'> (None:oauth2_provider) ^o/>"
[2016-11-01 10:32:43] DEBUG [django.template:927] Exception while resolving variable 'name' in template 'unknown'.
Traceback (most recent call last):
  File "D:\vemo_vent\ve_vemo\lib\site-packages\django\core\handlers\base.py", line 134, in get_response
    resolver_match = resolver.resolve(request.path_info)
  File "D:\vemo_vent\ve_vemo\lib\site-packages\django\core\urlresolvers.py", line 404, in resolve
    raise Resolver404({'tried': tried, 'path': new_path})
django.core.urlresolvers.Resolver404: {'tried': [[<RegexURLResolver <RegexURLPattern list> (admin:admin) ^admin/>], [<RegexURLResolver <module 'django.contrib.admindocs.urls' from 'D:\\vemo_vent\\ve_vemo\\lib\\site-packages\\django\\contrib\\admindocs\\urls.py'> (None:None) ^admin/doc/>], [<RegexURLResolver <module 'rest_framework.urls' from 'D:\\vemo_vent\\ve_vemo\\lib\\site-packages\\rest_framework\\urls.py'> (rest_framework:rest_framework) ^api-auth/>], [<RegexURLResolver <module 'oauth2_provider.urls' from 'D:\\vemo_vent\\ve_vemo\\lib\\site-packages\\oauth2_provider\\urls.py'> (None:oauth2_provider) ^o/>], [<RegexURLResolver <module 'vemo_service_apps.auths_api.urls' from 'D:\\vemo_vent\\vemo_service\\vemo_service_apps\\auths_api\\urls.py'> (None:None) ^api/auths/>], [<RegexURLResolver <module 'vemo_service_apps.catalogo_api.urls' from 'D:\\vemo_vent\\vemo_service\\vemo_service_apps\\catalogo_api\\urls.py'> (None:None) ^api/catalogo/>]], 'path': 'favicon.ico'}

During handling of the above exception, another exception occurred:

Traceback (most recent call last):
  File "D:\vemo_vent\ve_vemo\lib\site-packages\django\template\base.py", line 883, in _resolve_lookup
    current = current[bit]
TypeError: 'RegexURLResolver' object is not subscriptable

During handling of the above exception, another exception occurred:

Traceback (most recent call last):
  File "D:\vemo_vent\ve_vemo\lib\site-packages\django\template\base.py", line 891, in _resolve_lookup
    current = getattr(current, bit)
AttributeError: 'RegexURLResolver' object has no attribute 'name'

During handling of the above exception, another exception occurred:

Traceback (most recent call last):
  File "D:\vemo_vent\ve_vemo\lib\site-packages\django\template\base.py", line 898, in _resolve_lookup
    current = current[int(bit)]
ValueError: invalid literal for int() with base 10: 'name'

During handling of the above exception, another exception occurred:

Traceback (most recent call last):
  File "D:\vemo_vent\ve_vemo\lib\site-packages\django\template\base.py", line 905, in _resolve_lookup
    (bit, current))  # missing attribute
django.template.base.VariableDoesNotExist: Failed lookup for key [name] in "<RegexURLResolver <module 'vemo_service_apps.auths_api.urls' from 'D:\\\\vemo_vent\\\\vemo_service\\\\vemo_service_apps\\\\auths_api\\\\urls.py'> (None:None) ^api/auths/>"
[2016-11-01 10:32:43] DEBUG [django.template:927] Exception while resolving variable 'name' in template 'unknown'.
Traceback (most recent call last):
  File "D:\vemo_vent\ve_vemo\lib\site-packages\django\core\handlers\base.py", line 134, in get_response
    resolver_match = resolver.resolve(request.path_info)
  File "D:\vemo_vent\ve_vemo\lib\site-packages\django\core\urlresolvers.py", line 404, in resolve
    raise Resolver404({'tried': tried, 'path': new_path})
django.core.urlresolvers.Resolver404: {'tried': [[<RegexURLResolver <RegexURLPattern list> (admin:admin) ^admin/>], [<RegexURLResolver <module 'django.contrib.admindocs.urls' from 'D:\\vemo_vent\\ve_vemo\\lib\\site-packages\\django\\contrib\\admindocs\\urls.py'> (None:None) ^admin/doc/>], [<RegexURLResolver <module 'rest_framework.urls' from 'D:\\vemo_vent\\ve_vemo\\lib\\site-packages\\rest_framework\\urls.py'> (rest_framework:rest_framework) ^api-auth/>], [<RegexURLResolver <module 'oauth2_provider.urls' from 'D:\\vemo_vent\\ve_vemo\\lib\\site-packages\\oauth2_provider\\urls.py'> (None:oauth2_provider) ^o/>], [<RegexURLResolver <module 'vemo_service_apps.auths_api.urls' from 'D:\\vemo_vent\\vemo_service\\vemo_service_apps\\auths_api\\urls.py'> (None:None) ^api/auths/>], [<RegexURLResolver <module 'vemo_service_apps.catalogo_api.urls' from 'D:\\vemo_vent\\vemo_service\\vemo_service_apps\\catalogo_api\\urls.py'> (None:None) ^api/catalogo/>]], 'path': 'favicon.ico'}

During handling of the above exception, another exception occurred:

Traceback (most recent call last):
  File "D:\vemo_vent\ve_vemo\lib\site-packages\django\template\base.py", line 883, in _resolve_lookup
    current = current[bit]
TypeError: 'RegexURLResolver' object is not subscriptable

During handling of the above exception, another exception occurred:

Traceback (most recent call last):
  File "D:\vemo_vent\ve_vemo\lib\site-packages\django\template\base.py", line 891, in _resolve_lookup
    current = getattr(current, bit)
AttributeError: 'RegexURLResolver' object has no attribute 'name'

During handling of the above exception, another exception occurred:

Traceback (most recent call last):
  File "D:\vemo_vent\ve_vemo\lib\site-packages\django\template\base.py", line 898, in _resolve_lookup
    current = current[int(bit)]
ValueError: invalid literal for int() with base 10: 'name'

During handling of the above exception, another exception occurred:

Traceback (most recent call last):
  File "D:\vemo_vent\ve_vemo\lib\site-packages\django\template\base.py", line 905, in _resolve_lookup
    (bit, current))  # missing attribute
django.template.base.VariableDoesNotExist: Failed lookup for key [name] in "<RegexURLResolver <module 'vemo_service_apps.catalogo_api.urls' from 'D:\\\\vemo_vent\\\\vemo_service\\\\vemo_service_apps\\\\catalogo_api\\\\urls.py'> (None:None) ^api/catalogo/>"
[2016-11-01 10:32:43] WARNING [django.request:182] Not Found: /favicon.ico
[2016-11-01 10:32:43] DEBUG [django.template:927] Exception while resolving variable 'name' in template 'unknown'.
Traceback (most recent call last):
  File "D:\vemo_vent\ve_vemo\lib\site-packages\django\core\handlers\base.py", line 134, in get_response
    resolver_match = resolver.resolve(request.path_info)
  File "D:\vemo_vent\ve_vemo\lib\site-packages\django\core\urlresolvers.py", line 404, in resolve
    raise Resolver404({'tried': tried, 'path': new_path})
django.core.urlresolvers.Resolver404: {'tried': [[<RegexURLResolver <RegexURLPattern list> (admin:admin) ^admin/>], [<RegexURLResolver <module 'django.contrib.admindocs.urls' from 'D:\\vemo_vent\\ve_vemo\\lib\\site-packages\\django\\contrib\\admindocs\\urls.py'> (None:None) ^admin/doc/>], [<RegexURLResolver <module 'rest_framework.urls' from 'D:\\vemo_vent\\ve_vemo\\lib\\site-packages\\rest_framework\\urls.py'> (rest_framework:rest_framework) ^api-auth/>], [<RegexURLResolver <module 'oauth2_provider.urls' from 'D:\\vemo_vent\\ve_vemo\\lib\\site-packages\\oauth2_provider\\urls.py'> (None:oauth2_provider) ^o/>], [<RegexURLResolver <module 'vemo_service_apps.auths_api.urls' from 'D:\\vemo_vent\\vemo_service\\vemo_service_apps\\auths_api\\urls.py'> (None:None) ^api/auths/>], [<RegexURLResolver <module 'vemo_service_apps.catalogo_api.urls' from 'D:\\vemo_vent\\vemo_service\\vemo_service_apps\\catalogo_api\\urls.py'> (None:None) ^api/catalogo/>]], 'path': 'favicon.ico'}

During handling of the above exception, another exception occurred:

Traceback (most recent call last):
  File "D:\vemo_vent\ve_vemo\lib\site-packages\django\template\base.py", line 883, in _resolve_lookup
    current = current[bit]
TypeError: 'RegexURLResolver' object is not subscriptable

During handling of the above exception, another exception occurred:

Traceback (most recent call last):
  File "D:\vemo_vent\ve_vemo\lib\site-packages\django\template\base.py", line 891, in _resolve_lookup
    current = getattr(current, bit)
AttributeError: 'RegexURLResolver' object has no attribute 'name'

During handling of the above exception, another exception occurred:

Traceback (most recent call last):
  File "D:\vemo_vent\ve_vemo\lib\site-packages\django\template\base.py", line 898, in _resolve_lookup
    current = current[int(bit)]
ValueError: invalid literal for int() with base 10: 'name'

During handling of the above exception, another exception occurred:

Traceback (most recent call last):
  File "D:\vemo_vent\ve_vemo\lib\site-packages\django\template\base.py", line 905, in _resolve_lookup
    (bit, current))  # missing attribute
django.template.base.VariableDoesNotExist: Failed lookup for key [name] in '<RegexURLResolver <RegexURLPattern list> (admin:admin) ^admin/>'
[2016-11-01 10:32:43] DEBUG [django.template:927] Exception while resolving variable 'name' in template 'unknown'.
Traceback (most recent call last):
  File "D:\vemo_vent\ve_vemo\lib\site-packages\django\core\handlers\base.py", line 134, in get_response
    resolver_match = resolver.resolve(request.path_info)
  File "D:\vemo_vent\ve_vemo\lib\site-packages\django\core\urlresolvers.py", line 404, in resolve
    raise Resolver404({'tried': tried, 'path': new_path})
django.core.urlresolvers.Resolver404: {'tried': [[<RegexURLResolver <RegexURLPattern list> (admin:admin) ^admin/>], [<RegexURLResolver <module 'django.contrib.admindocs.urls' from 'D:\\vemo_vent\\ve_vemo\\lib\\site-packages\\django\\contrib\\admindocs\\urls.py'> (None:None) ^admin/doc/>], [<RegexURLResolver <module 'rest_framework.urls' from 'D:\\vemo_vent\\ve_vemo\\lib\\site-packages\\rest_framework\\urls.py'> (rest_framework:rest_framework) ^api-auth/>], [<RegexURLResolver <module 'oauth2_provider.urls' from 'D:\\vemo_vent\\ve_vemo\\lib\\site-packages\\oauth2_provider\\urls.py'> (None:oauth2_provider) ^o/>], [<RegexURLResolver <module 'vemo_service_apps.auths_api.urls' from 'D:\\vemo_vent\\vemo_service\\vemo_service_apps\\auths_api\\urls.py'> (None:None) ^api/auths/>], [<RegexURLResolver <module 'vemo_service_apps.catalogo_api.urls' from 'D:\\vemo_vent\\vemo_service\\vemo_service_apps\\catalogo_api\\urls.py'> (None:None) ^api/catalogo/>]], 'path': 'favicon.ico'}

During handling of the above exception, another exception occurred:

Traceback (most recent call last):
  File "D:\vemo_vent\ve_vemo\lib\site-packages\django\template\base.py", line 883, in _resolve_lookup
    current = current[bit]
TypeError: 'RegexURLResolver' object is not subscriptable

During handling of the above exception, another exception occurred:

Traceback (most recent call last):
  File "D:\vemo_vent\ve_vemo\lib\site-packages\django\template\base.py", line 891, in _resolve_lookup
    current = getattr(current, bit)
AttributeError: 'RegexURLResolver' object has no attribute 'name'

During handling of the above exception, another exception occurred:

Traceback (most recent call last):
  File "D:\vemo_vent\ve_vemo\lib\site-packages\django\template\base.py", line 898, in _resolve_lookup
    current = current[int(bit)]
ValueError: invalid literal for int() with base 10: 'name'

During handling of the above exception, another exception occurred:

Traceback (most recent call last):
  File "D:\vemo_vent\ve_vemo\lib\site-packages\django\template\base.py", line 905, in _resolve_lookup
    (bit, current))  # missing attribute
django.template.base.VariableDoesNotExist: Failed lookup for key [name] in "<RegexURLResolver <module 'django.contrib.admindocs.urls' from 'D:\\\\vemo_vent\\\\ve_vemo\\\\lib\\\\site-packages\\\\django\\\\contrib\\\\admindocs\\\\urls.py'> (None:None) ^admin/doc/>"
[2016-11-01 10:32:43] DEBUG [django.template:927] Exception while resolving variable 'name' in template 'unknown'.
Traceback (most recent call last):
  File "D:\vemo_vent\ve_vemo\lib\site-packages\django\core\handlers\base.py", line 134, in get_response
    resolver_match = resolver.resolve(request.path_info)
  File "D:\vemo_vent\ve_vemo\lib\site-packages\django\core\urlresolvers.py", line 404, in resolve
    raise Resolver404({'tried': tried, 'path': new_path})
django.core.urlresolvers.Resolver404: {'tried': [[<RegexURLResolver <RegexURLPattern list> (admin:admin) ^admin/>], [<RegexURLResolver <module 'django.contrib.admindocs.urls' from 'D:\\vemo_vent\\ve_vemo\\lib\\site-packages\\django\\contrib\\admindocs\\urls.py'> (None:None) ^admin/doc/>], [<RegexURLResolver <module 'rest_framework.urls' from 'D:\\vemo_vent\\ve_vemo\\lib\\site-packages\\rest_framework\\urls.py'> (rest_framework:rest_framework) ^api-auth/>], [<RegexURLResolver <module 'oauth2_provider.urls' from 'D:\\vemo_vent\\ve_vemo\\lib\\site-packages\\oauth2_provider\\urls.py'> (None:oauth2_provider) ^o/>], [<RegexURLResolver <module 'vemo_service_apps.auths_api.urls' from 'D:\\vemo_vent\\vemo_service\\vemo_service_apps\\auths_api\\urls.py'> (None:None) ^api/auths/>], [<RegexURLResolver <module 'vemo_service_apps.catalogo_api.urls' from 'D:\\vemo_vent\\vemo_service\\vemo_service_apps\\catalogo_api\\urls.py'> (None:None) ^api/catalogo/>]], 'path': 'favicon.ico'}

During handling of the above exception, another exception occurred:

Traceback (most recent call last):
  File "D:\vemo_vent\ve_vemo\lib\site-packages\django\template\base.py", line 883, in _resolve_lookup
    current = current[bit]
TypeError: 'RegexURLResolver' object is not subscriptable

During handling of the above exception, another exception occurred:

Traceback (most recent call last):
  File "D:\vemo_vent\ve_vemo\lib\site-packages\django\template\base.py", line 891, in _resolve_lookup
    current = getattr(current, bit)
AttributeError: 'RegexURLResolver' object has no attribute 'name'

During handling of the above exception, another exception occurred:

Traceback (most recent call last):
  File "D:\vemo_vent\ve_vemo\lib\site-packages\django\template\base.py", line 898, in _resolve_lookup
    current = current[int(bit)]
ValueError: invalid literal for int() with base 10: 'name'

During handling of the above exception, another exception occurred:

Traceback (most recent call last):
  File "D:\vemo_vent\ve_vemo\lib\site-packages\django\template\base.py", line 905, in _resolve_lookup
    (bit, current))  # missing attribute
django.template.base.VariableDoesNotExist: Failed lookup for key [name] in "<RegexURLResolver <module 'rest_framework.urls' from 'D:\\\\vemo_vent\\\\ve_vemo\\\\lib\\\\site-packages\\\\rest_framework\\\\urls.py'> (rest_framework:rest_framework) ^api-auth/>"
[2016-11-01 10:32:43] DEBUG [django.template:927] Exception while resolving variable 'name' in template 'unknown'.
Traceback (most recent call last):
  File "D:\vemo_vent\ve_vemo\lib\site-packages\django\core\handlers\base.py", line 134, in get_response
    resolver_match = resolver.resolve(request.path_info)
  File "D:\vemo_vent\ve_vemo\lib\site-packages\django\core\urlresolvers.py", line 404, in resolve
    raise Resolver404({'tried': tried, 'path': new_path})
django.core.urlresolvers.Resolver404: {'tried': [[<RegexURLResolver <RegexURLPattern list> (admin:admin) ^admin/>], [<RegexURLResolver <module 'django.contrib.admindocs.urls' from 'D:\\vemo_vent\\ve_vemo\\lib\\site-packages\\django\\contrib\\admindocs\\urls.py'> (None:None) ^admin/doc/>], [<RegexURLResolver <module 'rest_framework.urls' from 'D:\\vemo_vent\\ve_vemo\\lib\\site-packages\\rest_framework\\urls.py'> (rest_framework:rest_framework) ^api-auth/>], [<RegexURLResolver <module 'oauth2_provider.urls' from 'D:\\vemo_vent\\ve_vemo\\lib\\site-packages\\oauth2_provider\\urls.py'> (None:oauth2_provider) ^o/>], [<RegexURLResolver <module 'vemo_service_apps.auths_api.urls' from 'D:\\vemo_vent\\vemo_service\\vemo_service_apps\\auths_api\\urls.py'> (None:None) ^api/auths/>], [<RegexURLResolver <module 'vemo_service_apps.catalogo_api.urls' from 'D:\\vemo_vent\\vemo_service\\vemo_service_apps\\catalogo_api\\urls.py'> (None:None) ^api/catalogo/>]], 'path': 'favicon.ico'}

During handling of the above exception, another exception occurred:

Traceback (most recent call last):
  File "D:\vemo_vent\ve_vemo\lib\site-packages\django\template\base.py", line 883, in _resolve_lookup
    current = current[bit]
TypeError: 'RegexURLResolver' object is not subscriptable

During handling of the above exception, another exception occurred:

Traceback (most recent call last):
  File "D:\vemo_vent\ve_vemo\lib\site-packages\django\template\base.py", line 891, in _resolve_lookup
    current = getattr(current, bit)
AttributeError: 'RegexURLResolver' object has no attribute 'name'

During handling of the above exception, another exception occurred:

Traceback (most recent call last):
  File "D:\vemo_vent\ve_vemo\lib\site-packages\django\template\base.py", line 898, in _resolve_lookup
    current = current[int(bit)]
ValueError: invalid literal for int() with base 10: 'name'

During handling of the above exception, another exception occurred:

Traceback (most recent call last):
  File "D:\vemo_vent\ve_vemo\lib\site-packages\django\template\base.py", line 905, in _resolve_lookup
    (bit, current))  # missing attribute
django.template.base.VariableDoesNotExist: Failed lookup for key [name] in "<RegexURLResolver <module 'oauth2_provider.urls' from 'D:\\\\vemo_vent\\\\ve_vemo\\\\lib\\\\site-packages\\\\oauth2_provider\\\\urls.py'> (None:oauth2_provider) ^o/>"
[2016-11-01 10:32:43] DEBUG [django.template:927] Exception while resolving variable 'name' in template 'unknown'.
Traceback (most recent call last):
  File "D:\vemo_vent\ve_vemo\lib\site-packages\django\core\handlers\base.py", line 134, in get_response
    resolver_match = resolver.resolve(request.path_info)
  File "D:\vemo_vent\ve_vemo\lib\site-packages\django\core\urlresolvers.py", line 404, in resolve
    raise Resolver404({'tried': tried, 'path': new_path})
django.core.urlresolvers.Resolver404: {'tried': [[<RegexURLResolver <RegexURLPattern list> (admin:admin) ^admin/>], [<RegexURLResolver <module 'django.contrib.admindocs.urls' from 'D:\\vemo_vent\\ve_vemo\\lib\\site-packages\\django\\contrib\\admindocs\\urls.py'> (None:None) ^admin/doc/>], [<RegexURLResolver <module 'rest_framework.urls' from 'D:\\vemo_vent\\ve_vemo\\lib\\site-packages\\rest_framework\\urls.py'> (rest_framework:rest_framework) ^api-auth/>], [<RegexURLResolver <module 'oauth2_provider.urls' from 'D:\\vemo_vent\\ve_vemo\\lib\\site-packages\\oauth2_provider\\urls.py'> (None:oauth2_provider) ^o/>], [<RegexURLResolver <module 'vemo_service_apps.auths_api.urls' from 'D:\\vemo_vent\\vemo_service\\vemo_service_apps\\auths_api\\urls.py'> (None:None) ^api/auths/>], [<RegexURLResolver <module 'vemo_service_apps.catalogo_api.urls' from 'D:\\vemo_vent\\vemo_service\\vemo_service_apps\\catalogo_api\\urls.py'> (None:None) ^api/catalogo/>]], 'path': 'favicon.ico'}

During handling of the above exception, another exception occurred:

Traceback (most recent call last):
  File "D:\vemo_vent\ve_vemo\lib\site-packages\django\template\base.py", line 883, in _resolve_lookup
    current = current[bit]
TypeError: 'RegexURLResolver' object is not subscriptable

During handling of the above exception, another exception occurred:

Traceback (most recent call last):
  File "D:\vemo_vent\ve_vemo\lib\site-packages\django\template\base.py", line 891, in _resolve_lookup
    current = getattr(current, bit)
AttributeError: 'RegexURLResolver' object has no attribute 'name'

During handling of the above exception, another exception occurred:

Traceback (most recent call last):
  File "D:\vemo_vent\ve_vemo\lib\site-packages\django\template\base.py", line 898, in _resolve_lookup
    current = current[int(bit)]
ValueError: invalid literal for int() with base 10: 'name'

During handling of the above exception, another exception occurred:

Traceback (most recent call last):
  File "D:\vemo_vent\ve_vemo\lib\site-packages\django\template\base.py", line 905, in _resolve_lookup
    (bit, current))  # missing attribute
django.template.base.VariableDoesNotExist: Failed lookup for key [name] in "<RegexURLResolver <module 'vemo_service_apps.auths_api.urls' from 'D:\\\\vemo_vent\\\\vemo_service\\\\vemo_service_apps\\\\auths_api\\\\urls.py'> (None:None) ^api/auths/>"
[2016-11-01 10:32:43] DEBUG [django.template:927] Exception while resolving variable 'name' in template 'unknown'.
Traceback (most recent call last):
  File "D:\vemo_vent\ve_vemo\lib\site-packages\django\core\handlers\base.py", line 134, in get_response
    resolver_match = resolver.resolve(request.path_info)
  File "D:\vemo_vent\ve_vemo\lib\site-packages\django\core\urlresolvers.py", line 404, in resolve
    raise Resolver404({'tried': tried, 'path': new_path})
django.core.urlresolvers.Resolver404: {'tried': [[<RegexURLResolver <RegexURLPattern list> (admin:admin) ^admin/>], [<RegexURLResolver <module 'django.contrib.admindocs.urls' from 'D:\\vemo_vent\\ve_vemo\\lib\\site-packages\\django\\contrib\\admindocs\\urls.py'> (None:None) ^admin/doc/>], [<RegexURLResolver <module 'rest_framework.urls' from 'D:\\vemo_vent\\ve_vemo\\lib\\site-packages\\rest_framework\\urls.py'> (rest_framework:rest_framework) ^api-auth/>], [<RegexURLResolver <module 'oauth2_provider.urls' from 'D:\\vemo_vent\\ve_vemo\\lib\\site-packages\\oauth2_provider\\urls.py'> (None:oauth2_provider) ^o/>], [<RegexURLResolver <module 'vemo_service_apps.auths_api.urls' from 'D:\\vemo_vent\\vemo_service\\vemo_service_apps\\auths_api\\urls.py'> (None:None) ^api/auths/>], [<RegexURLResolver <module 'vemo_service_apps.catalogo_api.urls' from 'D:\\vemo_vent\\vemo_service\\vemo_service_apps\\catalogo_api\\urls.py'> (None:None) ^api/catalogo/>]], 'path': 'favicon.ico'}

During handling of the above exception, another exception occurred:

Traceback (most recent call last):
  File "D:\vemo_vent\ve_vemo\lib\site-packages\django\template\base.py", line 883, in _resolve_lookup
    current = current[bit]
TypeError: 'RegexURLResolver' object is not subscriptable

During handling of the above exception, another exception occurred:

Traceback (most recent call last):
  File "D:\vemo_vent\ve_vemo\lib\site-packages\django\template\base.py", line 891, in _resolve_lookup
    current = getattr(current, bit)
AttributeError: 'RegexURLResolver' object has no attribute 'name'

During handling of the above exception, another exception occurred:

Traceback (most recent call last):
  File "D:\vemo_vent\ve_vemo\lib\site-packages\django\template\base.py", line 898, in _resolve_lookup
    current = current[int(bit)]
ValueError: invalid literal for int() with base 10: 'name'

During handling of the above exception, another exception occurred:

Traceback (most recent call last):
  File "D:\vemo_vent\ve_vemo\lib\site-packages\django\template\base.py", line 905, in _resolve_lookup
    (bit, current))  # missing attribute
django.template.base.VariableDoesNotExist: Failed lookup for key [name] in "<RegexURLResolver <module 'vemo_service_apps.catalogo_api.urls' from 'D:\\\\vemo_vent\\\\vemo_service\\\\vemo_service_apps\\\\catalogo_api\\\\urls.py'> (None:None) ^api/catalogo/>"
[2016-11-01 10:45:53] DEBUG [django.db.backends:89] (0.004) SELECT "django_session"."session_key", "django_session"."session_data", "django_session"."expire_date" FROM "django_session" WHERE ("django_session"."expire_date" > '2016-11-01 15:45:53.371942' AND "django_session"."session_key" = 'z4f7zll736z3vighq98miob9f247jz43'); args=('2016-11-01 15:45:53.371942', 'z4f7zll736z3vighq98miob9f247jz43')
[2016-11-01 10:45:53] DEBUG [django.db.backends:89] (0.001) SELECT "auths_user"."password", "auths_user"."last_login", "auths_user"."is_superuser", "auths_user"."username", "auths_user"."first_name", "auths_user"."last_name", "auths_user"."email", "auths_user"."is_staff", "auths_user"."is_active", "auths_user"."date_joined", "auths_user"."id", "auths_user"."last_hierarchy_id", "auths_user"."last_module_id", "auths_user"."person_id", "auths_user"."updated_at", "auths_user"."registered_by" FROM "auths_user" WHERE "auths_user"."id" = '98c929be19fb4598b30233dd1ddbfcfd'; args=('98c929be19fb4598b30233dd1ddbfcfd',)
[2016-11-01 10:45:53] DEBUG [django.template:927] Exception while resolving variable 'is_popup' in template 'admin/index.html'.
Traceback (most recent call last):
  File "D:\vemo_vent\ve_vemo\lib\site-packages\django\template\base.py", line 883, in _resolve_lookup
    current = current[bit]
  File "D:\vemo_vent\ve_vemo\lib\site-packages\django\template\context.py", line 77, in __getitem__
    raise KeyError(key)
KeyError: 'is_popup'

During handling of the above exception, another exception occurred:

Traceback (most recent call last):
  File "D:\vemo_vent\ve_vemo\lib\site-packages\django\template\base.py", line 889, in _resolve_lookup
    if isinstance(current, BaseContext) and getattr(type(current), bit):
AttributeError: type object 'RequestContext' has no attribute 'is_popup'

During handling of the above exception, another exception occurred:

Traceback (most recent call last):
  File "D:\vemo_vent\ve_vemo\lib\site-packages\django\template\base.py", line 898, in _resolve_lookup
    current = current[int(bit)]
ValueError: invalid literal for int() with base 10: 'is_popup'

During handling of the above exception, another exception occurred:

Traceback (most recent call last):
  File "D:\vemo_vent\ve_vemo\lib\site-packages\django\template\base.py", line 905, in _resolve_lookup
    (bit, current))  # missing attribute
django.template.base.VariableDoesNotExist: Failed lookup for key [is_popup] in "[{'None': None, 'False': False, 'True': True}, {'DEFAULT_MESSAGE_LEVELS': {'DEBUG': 10, 'SUCCESS': 25, 'ERROR': 40, 'WARNING': 30, 'INFO': 20}, 'request': <WSGIRequest: GET '/admin/'>, 'csrf_token': <SimpleLazyObject: <function csrf.<locals>._get_val at 0x00AD4A98>>, 'messages': <django.contrib.messages.storage.fallback.FallbackStorage object at 0x00AF3AF0>, 'user': <SimpleLazyObject: <User: admin>>, 'perms': <django.contrib.auth.context_processors.PermWrapper object at 0x00ADD990>}, {}, {'available_apps': [{'name': <django.utils.functional.lazy.<locals>.__proxy__ object at 0x032631B0>, 'app_label': 'auth', 'has_module_perms': True, 'models': [{'add_url': '/admin/auth/group/add/', 'name': <django.utils.functional.lazy.<locals>.__proxy__ object at 0x00AEA8F0>, 'admin_url': '/admin/auth/group/', 'object_name': 'Group', 'perms': {'add': True, 'delete': True, 'change': True}}, {'add_url': '/admin/auth/permission/add/', 'name': <django.utils.functional.lazy.<locals>.__proxy__ object at 0x00AEAC70>, 'admin_url': '/admin/auth/permission/', 'object_name': 'Permission', 'perms': {'add': True, 'delete': True, 'change': True}}], 'app_url': '/admin/auth/'}, {'name': 'Auths', 'app_label': 'auths', 'has_module_perms': True, 'models': [{'add_url': '/admin/auths/hierarchytype/add/', 'name': <django.utils.functional.lazy.<locals>.__proxy__ object at 0x00AEA830>, 'admin_url': '/admin/auths/hierarchytype/', 'object_name': 'HierarchyType', 'perms': {'add': True, 'delete': True, 'change': True}}, {'add_url': '/admin/auths/hierarchy/add/', 'name': <django.utils.functional.lazy.<locals>.__proxy__ object at 0x00AEA850>, 'admin_url': '/admin/auths/hierarchy/', 'object_name': 'Hierarchy', 'perms': {'add': True, 'delete': True, 'change': True}}, {'add_url': '/admin/auths/menu/add/', 'name': <django.utils.functional.lazy.<locals>.__proxy__ object at 0x00AEA6B0>, 'admin_url': '/admin/auths/menu/', 'object_name': 'Menu', 'perms': {'add': True, 'delete': True, 'change': True}}, {'add_url': '/admin/auths/person/add/', 'name': <django.utils.functional.lazy.<locals>.__proxy__ object at 0x00AEACB0>, 'admin_url': '/admin/auths/person/', 'object_name': 'Person', 'perms': {'add': True, 'delete': True, 'change': True}}, {'add_url': '/admin/auths/userhierarchygroup/add/', 'name': <django.utils.functional.lazy.<locals>.__proxy__ object at 0x00AEA8B0>, 'admin_url': '/admin/auths/userhierarchygroup/', 'object_name': 'UserHierarchyGroup', 'perms': {'add': True, 'delete': True, 'change': True}}, {'add_url': '/admin/auths/userhierarchypermission/add/', 'name': <django.utils.functional.lazy.<locals>.__proxy__ object at 0x00AEACF0>, 'admin_url': '/admin/auths/userhierarchypermission/', 'object_name': 'UserHierarchyPermission', 'perms': {'add': True, 'delete': True, 'change': True}}, {'add_url': '/admin/auths/user/add/', 'name': <django.utils.functional.lazy.<locals>.__proxy__ object at 0x00AEA890>, 'admin_url': '/admin/auths/user/', 'object_name': 'User', 'perms': {'add': True, 'delete': True, 'change': True}}], 'app_url': '/admin/auths/'}, {'name': 'Catalogo', 'app_label': 'catalogo', 'has_module_perms': True, 'models': [{'add_url': '/admin/catalogo/autor/add/', 'name': 'Autores', 'admin_url': '/admin/catalogo/autor/', 'object_name': 'Autor', 'perms': {'add': True, 'delete': True, 'change': True}}, {'add_url': '/admin/catalogo/categoria/add/', 'name': 'Categorias', 'admin_url': '/admin/catalogo/categoria/', 'object_name': 'Categoria', 'perms': {'add': True, 'delete': True, 'change': True}}, {'add_url': '/admin/catalogo/libro/add/', 'name': 'Libros', 'admin_url': '/admin/catalogo/libro/', 'object_name': 'Libro', 'perms': {'add': True, 'delete': True, 'change': True}}], 'app_url': '/admin/catalogo/'}, {'name': <django.utils.functional.lazy.<locals>.__proxy__ object at 0x03263210>, 'app_label': 'contenttypes', 'has_module_perms': True, 'models': [{'add_url': '/admin/contenttypes/contenttype/add/', 'name': <django.utils.functional.lazy.<locals>.__proxy__ object at 0x00AEA750>, 'admin_url': '/admin/contenttypes/contenttype/', 'object_name': 'ContentType', 'perms': {'add': True, 'delete': True, 'change': True}}], 'app_url': '/admin/contenttypes/'}, {'name': 'Django OAuth Toolkit', 'app_label': 'oauth2_provider', 'has_module_perms': True, 'models': [{'add_url': '/admin/oauth2_provider/accesstoken/add/', 'name': <django.utils.functional.lazy.<locals>.__proxy__ object at 0x00AEA9B0>, 'admin_url': '/admin/oauth2_provider/accesstoken/', 'object_name': 'AccessToken', 'perms': {'add': True, 'delete': True, 'change': True}}, {'add_url': '/admin/oauth2_provider/application/add/', 'name': <django.utils.functional.lazy.<locals>.__proxy__ object at 0x00AEA8D0>, 'admin_url': '/admin/oauth2_provider/application/', 'object_name': 'Application', 'perms': {'add': True, 'delete': True, 'change': True}}, {'add_url': '/admin/oauth2_provider/grant/add/', 'name': <django.utils.functional.lazy.<locals>.__proxy__ object at 0x00AEA7D0>, 'admin_url': '/admin/oauth2_provider/grant/', 'object_name': 'Grant', 'perms': {'add': True, 'delete': True, 'change': True}}, {'add_url': '/admin/oauth2_provider/refreshtoken/add/', 'name': <django.utils.functional.lazy.<locals>.__proxy__ object at 0x00AEA4F0>, 'admin_url': '/admin/oauth2_provider/refreshtoken/', 'object_name': 'RefreshToken', 'perms': {'add': True, 'delete': True, 'change': True}}], 'app_url': '/admin/oauth2_provider/'}], 'app_list': [{'name': <django.utils.functional.lazy.<locals>.__proxy__ object at 0x032631B0>, 'app_label': 'auth', 'has_module_perms': True, 'models': [{'add_url': '/admin/auth/group/add/', 'name': <django.utils.functional.lazy.<locals>.__proxy__ object at 0x00AEAE50>, 'admin_url': '/admin/auth/group/', 'object_name': 'Group', 'perms': {'add': True, 'delete': True, 'change': True}}, {'add_url': '/admin/auth/permission/add/', 'name': <django.utils.functional.lazy.<locals>.__proxy__ object at 0x00AEAFB0>, 'admin_url': '/admin/auth/permission/', 'object_name': 'Permission', 'perms': {'add': True, 'delete': True, 'change': True}}], 'app_url': '/admin/auth/'}, {'name': 'Auths', 'app_label': 'auths', 'has_module_perms': True, 'models': [{'add_url': '/admin/auths/hierarchytype/add/', 'name': <django.utils.functional.lazy.<locals>.__proxy__ object at 0x00AF3030>, 'admin_url': '/admin/auths/hierarchytype/', 'object_name': 'HierarchyType', 'perms': {'add': True, 'delete': True, 'change': True}}, {'add_url': '/admin/auths/hierarchy/add/', 'name': <django.utils.functional.lazy.<locals>.__proxy__ object at 0x00AEAEB0>, 'admin_url': '/admin/auths/hierarchy/', 'object_name': 'Hierarchy', 'perms': {'add': True, 'delete': True, 'change': True}}, {'add_url': '/admin/auths/menu/add/', 'name': <django.utils.functional.lazy.<locals>.__proxy__ object at 0x00AEA7F0>, 'admin_url': '/admin/auths/menu/', 'object_name': 'Menu', 'perms': {'add': True, 'delete': True, 'change': True}}, {'add_url': '/admin/auths/person/add/', 'name': <django.utils.functional.lazy.<locals>.__proxy__ object at 0x00AEA910>, 'admin_url': '/admin/auths/person/', 'object_name': 'Person', 'perms': {'add': True, 'delete': True, 'change': True}}, {'add_url': '/admin/auths/userhierarchygroup/add/', 'name': <django.utils.functional.lazy.<locals>.__proxy__ object at 0x00AEA7B0>, 'admin_url': '/admin/auths/userhierarchygroup/', 'object_name': 'UserHierarchyGroup', 'perms': {'add': True, 'delete': True, 'change': True}}, {'add_url': '/admin/auths/userhierarchypermission/add/', 'name': <django.utils.functional.lazy.<locals>.__proxy__ object at 0x00AEAD30>, 'admin_url': '/admin/auths/userhierarchypermission/', 'object_name': 'UserHierarchyPermission', 'perms': {'add': True, 'delete': True, 'change': True}}, {'add_url': '/admin/auths/user/add/', 'name': <django.utils.functional.lazy.<locals>.__proxy__ object at 0x00AEAA30>, 'admin_url': '/admin/auths/user/', 'object_name': 'User', 'perms': {'add': True, 'delete': True, 'change': True}}], 'app_url': '/admin/auths/'}, {'name': 'Catalogo', 'app_label': 'catalogo', 'has_module_perms': True, 'models': [{'add_url': '/admin/catalogo/autor/add/', 'name': 'Autores', 'admin_url': '/admin/catalogo/autor/', 'object_name': 'Autor', 'perms': {'add': True, 'delete': True, 'change': True}}, {'add_url': '/admin/catalogo/categoria/add/', 'name': 'Categorias', 'admin_url': '/admin/catalogo/categoria/', 'object_name': 'Categoria', 'perms': {'add': True, 'delete': True, 'change': True}}, {'add_url': '/admin/catalogo/libro/add/', 'name': 'Libros', 'admin_url': '/admin/catalogo/libro/', 'object_name': 'Libro', 'perms': {'add': True, 'delete': True, 'change': True}}], 'app_url': '/admin/catalogo/'}, {'name': <django.utils.functional.lazy.<locals>.__proxy__ object at 0x03263210>, 'app_label': 'contenttypes', 'has_module_perms': True, 'models': [{'add_url': '/admin/contenttypes/contenttype/add/', 'name': <django.utils.functional.lazy.<locals>.__proxy__ object at 0x00AF3070>, 'admin_url': '/admin/contenttypes/contenttype/', 'object_name': 'ContentType', 'perms': {'add': True, 'delete': True, 'change': True}}], 'app_url': '/admin/contenttypes/'}, {'name': 'Django OAuth Toolkit', 'app_label': 'oauth2_provider', 'has_module_perms': True, 'models': [{'add_url': '/admin/oauth2_provider/accesstoken/add/', 'name': <django.utils.functional.lazy.<locals>.__proxy__ object at 0x00AEAFD0>, 'admin_url': '/admin/oauth2_provider/accesstoken/', 'object_name': 'AccessToken', 'perms': {'add': True, 'delete': True, 'change': True}}, {'add_url': '/admin/oauth2_provider/application/add/', 'name': <django.utils.functional.lazy.<locals>.__proxy__ object at 0x00AEAF50>, 'admin_url': '/admin/oauth2_provider/application/', 'object_name': 'Application', 'perms': {'add': True, 'delete': True, 'change': True}}, {'add_url': '/admin/oauth2_provider/grant/add/', 'name': <django.utils.functional.lazy.<locals>.__proxy__ object at 0x00AEAA10>, 'admin_url': '/admin/oauth2_provider/grant/', 'object_name': 'Grant', 'perms': {'add': True, 'delete': True, 'change': True}}, {'add_url': '/admin/oauth2_provider/refreshtoken/add/', 'name': <django.utils.functional.lazy.<locals>.__proxy__ object at 0x00AEAE70>, 'admin_url': '/admin/oauth2_provider/refreshtoken/', 'object_name': 'RefreshToken', 'perms': {'add': True, 'delete': True, 'change': True}}], 'app_url': '/admin/oauth2_provider/'}], 'LANGUAGE_BIDI': False, 'title': <django.utils.functional.lazy.<locals>.__proxy__ object at 0x03258C90>, 'site_url': '/', 'LANGUAGE_CODE': 'en-us', 'site_title': <django.utils.functional.lazy.<locals>.__proxy__ object at 0x03258B90>, 'has_permission': True, 'site_header': <django.utils.functional.lazy.<locals>.__proxy__ object at 0x03258C50>}]"
[2016-11-01 10:45:53] DEBUG [django.template:927] Exception while resolving variable 'is_popup' in template 'admin/index.html'.
Traceback (most recent call last):
  File "D:\vemo_vent\ve_vemo\lib\site-packages\django\template\base.py", line 883, in _resolve_lookup
    current = current[bit]
  File "D:\vemo_vent\ve_vemo\lib\site-packages\django\template\context.py", line 77, in __getitem__
    raise KeyError(key)
KeyError: 'is_popup'

During handling of the above exception, another exception occurred:

Traceback (most recent call last):
  File "D:\vemo_vent\ve_vemo\lib\site-packages\django\template\base.py", line 889, in _resolve_lookup
    if isinstance(current, BaseContext) and getattr(type(current), bit):
AttributeError: type object 'RequestContext' has no attribute 'is_popup'

During handling of the above exception, another exception occurred:

Traceback (most recent call last):
  File "D:\vemo_vent\ve_vemo\lib\site-packages\django\template\base.py", line 898, in _resolve_lookup
    current = current[int(bit)]
ValueError: invalid literal for int() with base 10: 'is_popup'

During handling of the above exception, another exception occurred:

Traceback (most recent call last):
  File "D:\vemo_vent\ve_vemo\lib\site-packages\django\template\base.py", line 905, in _resolve_lookup
    (bit, current))  # missing attribute
django.template.base.VariableDoesNotExist: Failed lookup for key [is_popup] in "[{'None': None, 'False': False, 'True': True}, {'DEFAULT_MESSAGE_LEVELS': {'DEBUG': 10, 'SUCCESS': 25, 'ERROR': 40, 'WARNING': 30, 'INFO': 20}, 'request': <WSGIRequest: GET '/admin/'>, 'csrf_token': <SimpleLazyObject: <function csrf.<locals>._get_val at 0x00AD4A98>>, 'messages': <django.contrib.messages.storage.fallback.FallbackStorage object at 0x00AF3AF0>, 'user': <SimpleLazyObject: <User: admin>>, 'perms': <django.contrib.auth.context_processors.PermWrapper object at 0x00ADD990>}, {}, {'available_apps': [{'name': <django.utils.functional.lazy.<locals>.__proxy__ object at 0x032631B0>, 'app_label': 'auth', 'has_module_perms': True, 'models': [{'add_url': '/admin/auth/group/add/', 'name': <django.utils.functional.lazy.<locals>.__proxy__ object at 0x00AEA8F0>, 'admin_url': '/admin/auth/group/', 'object_name': 'Group', 'perms': {'add': True, 'delete': True, 'change': True}}, {'add_url': '/admin/auth/permission/add/', 'name': <django.utils.functional.lazy.<locals>.__proxy__ object at 0x00AEAC70>, 'admin_url': '/admin/auth/permission/', 'object_name': 'Permission', 'perms': {'add': True, 'delete': True, 'change': True}}], 'app_url': '/admin/auth/'}, {'name': 'Auths', 'app_label': 'auths', 'has_module_perms': True, 'models': [{'add_url': '/admin/auths/hierarchytype/add/', 'name': <django.utils.functional.lazy.<locals>.__proxy__ object at 0x00AEA830>, 'admin_url': '/admin/auths/hierarchytype/', 'object_name': 'HierarchyType', 'perms': {'add': True, 'delete': True, 'change': True}}, {'add_url': '/admin/auths/hierarchy/add/', 'name': <django.utils.functional.lazy.<locals>.__proxy__ object at 0x00AEA850>, 'admin_url': '/admin/auths/hierarchy/', 'object_name': 'Hierarchy', 'perms': {'add': True, 'delete': True, 'change': True}}, {'add_url': '/admin/auths/menu/add/', 'name': <django.utils.functional.lazy.<locals>.__proxy__ object at 0x00AEA6B0>, 'admin_url': '/admin/auths/menu/', 'object_name': 'Menu', 'perms': {'add': True, 'delete': True, 'change': True}}, {'add_url': '/admin/auths/person/add/', 'name': <django.utils.functional.lazy.<locals>.__proxy__ object at 0x00AEACB0>, 'admin_url': '/admin/auths/person/', 'object_name': 'Person', 'perms': {'add': True, 'delete': True, 'change': True}}, {'add_url': '/admin/auths/userhierarchygroup/add/', 'name': <django.utils.functional.lazy.<locals>.__proxy__ object at 0x00AEA8B0>, 'admin_url': '/admin/auths/userhierarchygroup/', 'object_name': 'UserHierarchyGroup', 'perms': {'add': True, 'delete': True, 'change': True}}, {'add_url': '/admin/auths/userhierarchypermission/add/', 'name': <django.utils.functional.lazy.<locals>.__proxy__ object at 0x00AEACF0>, 'admin_url': '/admin/auths/userhierarchypermission/', 'object_name': 'UserHierarchyPermission', 'perms': {'add': True, 'delete': True, 'change': True}}, {'add_url': '/admin/auths/user/add/', 'name': <django.utils.functional.lazy.<locals>.__proxy__ object at 0x00AEA890>, 'admin_url': '/admin/auths/user/', 'object_name': 'User', 'perms': {'add': True, 'delete': True, 'change': True}}], 'app_url': '/admin/auths/'}, {'name': 'Catalogo', 'app_label': 'catalogo', 'has_module_perms': True, 'models': [{'add_url': '/admin/catalogo/autor/add/', 'name': 'Autores', 'admin_url': '/admin/catalogo/autor/', 'object_name': 'Autor', 'perms': {'add': True, 'delete': True, 'change': True}}, {'add_url': '/admin/catalogo/categoria/add/', 'name': 'Categorias', 'admin_url': '/admin/catalogo/categoria/', 'object_name': 'Categoria', 'perms': {'add': True, 'delete': True, 'change': True}}, {'add_url': '/admin/catalogo/libro/add/', 'name': 'Libros', 'admin_url': '/admin/catalogo/libro/', 'object_name': 'Libro', 'perms': {'add': True, 'delete': True, 'change': True}}], 'app_url': '/admin/catalogo/'}, {'name': <django.utils.functional.lazy.<locals>.__proxy__ object at 0x03263210>, 'app_label': 'contenttypes', 'has_module_perms': True, 'models': [{'add_url': '/admin/contenttypes/contenttype/add/', 'name': <django.utils.functional.lazy.<locals>.__proxy__ object at 0x00AEA750>, 'admin_url': '/admin/contenttypes/contenttype/', 'object_name': 'ContentType', 'perms': {'add': True, 'delete': True, 'change': True}}], 'app_url': '/admin/contenttypes/'}, {'name': 'Django OAuth Toolkit', 'app_label': 'oauth2_provider', 'has_module_perms': True, 'models': [{'add_url': '/admin/oauth2_provider/accesstoken/add/', 'name': <django.utils.functional.lazy.<locals>.__proxy__ object at 0x00AEA9B0>, 'admin_url': '/admin/oauth2_provider/accesstoken/', 'object_name': 'AccessToken', 'perms': {'add': True, 'delete': True, 'change': True}}, {'add_url': '/admin/oauth2_provider/application/add/', 'name': <django.utils.functional.lazy.<locals>.__proxy__ object at 0x00AEA8D0>, 'admin_url': '/admin/oauth2_provider/application/', 'object_name': 'Application', 'perms': {'add': True, 'delete': True, 'change': True}}, {'add_url': '/admin/oauth2_provider/grant/add/', 'name': <django.utils.functional.lazy.<locals>.__proxy__ object at 0x00AEA7D0>, 'admin_url': '/admin/oauth2_provider/grant/', 'object_name': 'Grant', 'perms': {'add': True, 'delete': True, 'change': True}}, {'add_url': '/admin/oauth2_provider/refreshtoken/add/', 'name': <django.utils.functional.lazy.<locals>.__proxy__ object at 0x00AEA4F0>, 'admin_url': '/admin/oauth2_provider/refreshtoken/', 'object_name': 'RefreshToken', 'perms': {'add': True, 'delete': True, 'change': True}}], 'app_url': '/admin/oauth2_provider/'}], 'app_list': [{'name': <django.utils.functional.lazy.<locals>.__proxy__ object at 0x032631B0>, 'app_label': 'auth', 'has_module_perms': True, 'models': [{'add_url': '/admin/auth/group/add/', 'name': <django.utils.functional.lazy.<locals>.__proxy__ object at 0x00AEAE50>, 'admin_url': '/admin/auth/group/', 'object_name': 'Group', 'perms': {'add': True, 'delete': True, 'change': True}}, {'add_url': '/admin/auth/permission/add/', 'name': <django.utils.functional.lazy.<locals>.__proxy__ object at 0x00AEAFB0>, 'admin_url': '/admin/auth/permission/', 'object_name': 'Permission', 'perms': {'add': True, 'delete': True, 'change': True}}], 'app_url': '/admin/auth/'}, {'name': 'Auths', 'app_label': 'auths', 'has_module_perms': True, 'models': [{'add_url': '/admin/auths/hierarchytype/add/', 'name': <django.utils.functional.lazy.<locals>.__proxy__ object at 0x00AF3030>, 'admin_url': '/admin/auths/hierarchytype/', 'object_name': 'HierarchyType', 'perms': {'add': True, 'delete': True, 'change': True}}, {'add_url': '/admin/auths/hierarchy/add/', 'name': <django.utils.functional.lazy.<locals>.__proxy__ object at 0x00AEAEB0>, 'admin_url': '/admin/auths/hierarchy/', 'object_name': 'Hierarchy', 'perms': {'add': True, 'delete': True, 'change': True}}, {'add_url': '/admin/auths/menu/add/', 'name': <django.utils.functional.lazy.<locals>.__proxy__ object at 0x00AEA7F0>, 'admin_url': '/admin/auths/menu/', 'object_name': 'Menu', 'perms': {'add': True, 'delete': True, 'change': True}}, {'add_url': '/admin/auths/person/add/', 'name': <django.utils.functional.lazy.<locals>.__proxy__ object at 0x00AEA910>, 'admin_url': '/admin/auths/person/', 'object_name': 'Person', 'perms': {'add': True, 'delete': True, 'change': True}}, {'add_url': '/admin/auths/userhierarchygroup/add/', 'name': <django.utils.functional.lazy.<locals>.__proxy__ object at 0x00AEA7B0>, 'admin_url': '/admin/auths/userhierarchygroup/', 'object_name': 'UserHierarchyGroup', 'perms': {'add': True, 'delete': True, 'change': True}}, {'add_url': '/admin/auths/userhierarchypermission/add/', 'name': <django.utils.functional.lazy.<locals>.__proxy__ object at 0x00AEAD30>, 'admin_url': '/admin/auths/userhierarchypermission/', 'object_name': 'UserHierarchyPermission', 'perms': {'add': True, 'delete': True, 'change': True}}, {'add_url': '/admin/auths/user/add/', 'name': <django.utils.functional.lazy.<locals>.__proxy__ object at 0x00AEAA30>, 'admin_url': '/admin/auths/user/', 'object_name': 'User', 'perms': {'add': True, 'delete': True, 'change': True}}], 'app_url': '/admin/auths/'}, {'name': 'Catalogo', 'app_label': 'catalogo', 'has_module_perms': True, 'models': [{'add_url': '/admin/catalogo/autor/add/', 'name': 'Autores', 'admin_url': '/admin/catalogo/autor/', 'object_name': 'Autor', 'perms': {'add': True, 'delete': True, 'change': True}}, {'add_url': '/admin/catalogo/categoria/add/', 'name': 'Categorias', 'admin_url': '/admin/catalogo/categoria/', 'object_name': 'Categoria', 'perms': {'add': True, 'delete': True, 'change': True}}, {'add_url': '/admin/catalogo/libro/add/', 'name': 'Libros', 'admin_url': '/admin/catalogo/libro/', 'object_name': 'Libro', 'perms': {'add': True, 'delete': True, 'change': True}}], 'app_url': '/admin/catalogo/'}, {'name': <django.utils.functional.lazy.<locals>.__proxy__ object at 0x03263210>, 'app_label': 'contenttypes', 'has_module_perms': True, 'models': [{'add_url': '/admin/contenttypes/contenttype/add/', 'name': <django.utils.functional.lazy.<locals>.__proxy__ object at 0x00AF3070>, 'admin_url': '/admin/contenttypes/contenttype/', 'object_name': 'ContentType', 'perms': {'add': True, 'delete': True, 'change': True}}], 'app_url': '/admin/contenttypes/'}, {'name': 'Django OAuth Toolkit', 'app_label': 'oauth2_provider', 'has_module_perms': True, 'models': [{'add_url': '/admin/oauth2_provider/accesstoken/add/', 'name': <django.utils.functional.lazy.<locals>.__proxy__ object at 0x00AEAFD0>, 'admin_url': '/admin/oauth2_provider/accesstoken/', 'object_name': 'AccessToken', 'perms': {'add': True, 'delete': True, 'change': True}}, {'add_url': '/admin/oauth2_provider/application/add/', 'name': <django.utils.functional.lazy.<locals>.__proxy__ object at 0x00AEAF50>, 'admin_url': '/admin/oauth2_provider/application/', 'object_name': 'Application', 'perms': {'add': True, 'delete': True, 'change': True}}, {'add_url': '/admin/oauth2_provider/grant/add/', 'name': <django.utils.functional.lazy.<locals>.__proxy__ object at 0x00AEAA10>, 'admin_url': '/admin/oauth2_provider/grant/', 'object_name': 'Grant', 'perms': {'add': True, 'delete': True, 'change': True}}, {'add_url': '/admin/oauth2_provider/refreshtoken/add/', 'name': <django.utils.functional.lazy.<locals>.__proxy__ object at 0x00AEAE70>, 'admin_url': '/admin/oauth2_provider/refreshtoken/', 'object_name': 'RefreshToken', 'perms': {'add': True, 'delete': True, 'change': True}}], 'app_url': '/admin/oauth2_provider/'}], 'LANGUAGE_BIDI': False, 'title': <django.utils.functional.lazy.<locals>.__proxy__ object at 0x03258C90>, 'site_url': '/', 'LANGUAGE_CODE': 'en-us', 'site_title': <django.utils.functional.lazy.<locals>.__proxy__ object at 0x03258B90>, 'has_permission': True, 'site_header': <django.utils.functional.lazy.<locals>.__proxy__ object at 0x03258C50>}]"
[2016-11-01 10:45:53] DEBUG [django.db.backends:89] (0.002) SELECT "django_admin_log"."id", "django_admin_log"."action_time", "django_admin_log"."user_id", "django_admin_log"."content_type_id", "django_admin_log"."object_id", "django_admin_log"."object_repr", "django_admin_log"."action_flag", "django_admin_log"."change_message", "auths_user"."password", "auths_user"."last_login", "auths_user"."is_superuser", "auths_user"."username", "auths_user"."first_name", "auths_user"."last_name", "auths_user"."email", "auths_user"."is_staff", "auths_user"."is_active", "auths_user"."date_joined", "auths_user"."id", "auths_user"."last_hierarchy_id", "auths_user"."last_module_id", "auths_user"."person_id", "auths_user"."updated_at", "auths_user"."registered_by", "django_content_type"."id", "django_content_type"."app_label", "django_content_type"."model" FROM "django_admin_log" INNER JOIN "auths_user" ON ("django_admin_log"."user_id" = "auths_user"."id") LEFT OUTER JOIN "django_content_type" ON ("django_admin_log"."content_type_id" = "django_content_type"."id") WHERE "django_admin_log"."user_id" = '98c929be19fb4598b30233dd1ddbfcfd' ORDER BY "django_admin_log"."action_time" DESC LIMIT 10; args=('98c929be19fb4598b30233dd1ddbfcfd',)
[2016-11-01 10:56:35] DEBUG [django.db.backends:89] (0.016) SELECT "django_session"."session_key", "django_session"."session_data", "django_session"."expire_date" FROM "django_session" WHERE ("django_session"."expire_date" > '2016-11-01 15:56:35.849203' AND "django_session"."session_key" = 'z4f7zll736z3vighq98miob9f247jz43'); args=('2016-11-01 15:56:35.849203', 'z4f7zll736z3vighq98miob9f247jz43')
[2016-11-01 10:56:35] DEBUG [django.db.backends:89] (0.000) SELECT "auths_user"."password", "auths_user"."last_login", "auths_user"."is_superuser", "auths_user"."username", "auths_user"."first_name", "auths_user"."last_name", "auths_user"."email", "auths_user"."is_staff", "auths_user"."is_active", "auths_user"."date_joined", "auths_user"."id", "auths_user"."last_hierarchy_id", "auths_user"."last_module_id", "auths_user"."person_id", "auths_user"."updated_at", "auths_user"."registered_by" FROM "auths_user" WHERE "auths_user"."id" = '98c929be19fb4598b30233dd1ddbfcfd'; args=('98c929be19fb4598b30233dd1ddbfcfd',)
[2016-11-01 10:56:35] DEBUG [django.db.backends:89] (0.000) SELECT COUNT(*) AS "__count" FROM "auths_menu"; args=()
[2016-11-01 10:56:35] DEBUG [django.db.backends:89] (0.000) SELECT "auths_menu"."id", "auths_menu"."module", "auths_menu"."state", "auths_menu"."title", "auths_menu"."url", "auths_menu"."template_url", "auths_menu"."pos", "auths_menu"."icon", "auths_menu"."is_active", "auths_menu"."is_abstract", "auths_menu"."description", "auths_menu"."permission_id", "auths_menu"."parent_id", "auths_menu"."created_at", "auths_menu"."updated_at", "auths_menu"."registered_by" FROM "auths_menu" ORDER BY "auths_menu"."id" DESC; args=()
[2016-11-01 10:56:35] DEBUG [django.template:927] Exception while resolving variable 'errors' in template 'admin/change_list.html'.
Traceback (most recent call last):
  File "D:\vemo_vent\ve_vemo\lib\site-packages\django\template\base.py", line 883, in _resolve_lookup
    current = current[bit]
TypeError: 'NoneType' object is not subscriptable

During handling of the above exception, another exception occurred:

Traceback (most recent call last):
  File "D:\vemo_vent\ve_vemo\lib\site-packages\django\template\base.py", line 891, in _resolve_lookup
    current = getattr(current, bit)
AttributeError: 'NoneType' object has no attribute 'errors'

During handling of the above exception, another exception occurred:

Traceback (most recent call last):
  File "D:\vemo_vent\ve_vemo\lib\site-packages\django\template\base.py", line 898, in _resolve_lookup
    current = current[int(bit)]
ValueError: invalid literal for int() with base 10: 'errors'

During handling of the above exception, another exception occurred:

Traceback (most recent call last):
  File "D:\vemo_vent\ve_vemo\lib\site-packages\django\template\base.py", line 905, in _resolve_lookup
    (bit, current))  # missing attribute
django.template.base.VariableDoesNotExist: Failed lookup for key [errors] in 'None'
[2016-11-01 10:56:35] DEBUG [django.template:927] Exception while resolving variable 'show' in template 'admin/change_list.html'.
Traceback (most recent call last):
  File "D:\vemo_vent\ve_vemo\lib\site-packages\django\template\base.py", line 883, in _resolve_lookup
    current = current[bit]
  File "D:\vemo_vent\ve_vemo\lib\site-packages\django\template\context.py", line 77, in __getitem__
    raise KeyError(key)
KeyError: 'show'

During handling of the above exception, another exception occurred:

Traceback (most recent call last):
  File "D:\vemo_vent\ve_vemo\lib\site-packages\django\template\base.py", line 889, in _resolve_lookup
    if isinstance(current, BaseContext) and getattr(type(current), bit):
AttributeError: type object 'RequestContext' has no attribute 'show'

During handling of the above exception, another exception occurred:

Traceback (most recent call last):
  File "D:\vemo_vent\ve_vemo\lib\site-packages\django\template\base.py", line 898, in _resolve_lookup
    current = current[int(bit)]
ValueError: invalid literal for int() with base 10: 'show'

During handling of the above exception, another exception occurred:

Traceback (most recent call last):
  File "D:\vemo_vent\ve_vemo\lib\site-packages\django\template\base.py", line 905, in _resolve_lookup
    (bit, current))  # missing attribute
django.template.base.VariableDoesNotExist: Failed lookup for key [show] in "[{'csrf_token': <SimpleLazyObject: <function csrf.<locals>._get_val at 0x00B4D390>>, 'None': None, 'False': False, 'True': True}]"
[2016-11-01 10:56:35] DEBUG [django.template:927] Exception while resolving variable 'is_multipart' in template 'admin/change_list.html'.
Traceback (most recent call last):
  File "D:\vemo_vent\ve_vemo\lib\site-packages\django\template\base.py", line 883, in _resolve_lookup
    current = current[bit]
TypeError: 'NoneType' object is not subscriptable

During handling of the above exception, another exception occurred:

Traceback (most recent call last):
  File "D:\vemo_vent\ve_vemo\lib\site-packages\django\template\base.py", line 891, in _resolve_lookup
    current = getattr(current, bit)
AttributeError: 'NoneType' object has no attribute 'is_multipart'

During handling of the above exception, another exception occurred:

Traceback (most recent call last):
  File "D:\vemo_vent\ve_vemo\lib\site-packages\django\template\base.py", line 898, in _resolve_lookup
    current = current[int(bit)]
ValueError: invalid literal for int() with base 10: 'is_multipart'

During handling of the above exception, another exception occurred:

Traceback (most recent call last):
  File "D:\vemo_vent\ve_vemo\lib\site-packages\django\template\base.py", line 905, in _resolve_lookup
    (bit, current))  # missing attribute
django.template.base.VariableDoesNotExist: Failed lookup for key [is_multipart] in 'None'
[2016-11-01 10:56:35] DEBUG [django.template:927] Exception while resolving variable 'non_field_errors' in template 'admin/change_list.html'.
Traceback (most recent call last):
  File "D:\vemo_vent\ve_vemo\lib\site-packages\django\template\base.py", line 883, in _resolve_lookup
    current = current[bit]
TypeError: 'NoneType' object is not subscriptable

During handling of the above exception, another exception occurred:

Traceback (most recent call last):
  File "D:\vemo_vent\ve_vemo\lib\site-packages\django\template\base.py", line 891, in _resolve_lookup
    current = getattr(current, bit)
AttributeError: 'NoneType' object has no attribute 'non_field_errors'

During handling of the above exception, another exception occurred:

Traceback (most recent call last):
  File "D:\vemo_vent\ve_vemo\lib\site-packages\django\template\base.py", line 898, in _resolve_lookup
    current = current[int(bit)]
ValueError: invalid literal for int() with base 10: 'non_field_errors'

During handling of the above exception, another exception occurred:

Traceback (most recent call last):
  File "D:\vemo_vent\ve_vemo\lib\site-packages\django\template\base.py", line 905, in _resolve_lookup
    (bit, current))  # missing attribute
django.template.base.VariableDoesNotExist: Failed lookup for key [non_field_errors] in 'None'
[2016-11-01 10:56:35] DEBUG [django.template:927] Exception while resolving variable 'non_field_errors' in template 'admin/change_list.html'.
Traceback (most recent call last):
  File "D:\vemo_vent\ve_vemo\lib\site-packages\django\template\base.py", line 883, in _resolve_lookup
    current = current[bit]
TypeError: 'NoneType' object is not subscriptable

During handling of the above exception, another exception occurred:

Traceback (most recent call last):
  File "D:\vemo_vent\ve_vemo\lib\site-packages\django\template\base.py", line 891, in _resolve_lookup
    current = getattr(current, bit)
AttributeError: 'NoneType' object has no attribute 'non_field_errors'

During handling of the above exception, another exception occurred:

Traceback (most recent call last):
  File "D:\vemo_vent\ve_vemo\lib\site-packages\django\template\base.py", line 898, in _resolve_lookup
    current = current[int(bit)]
ValueError: invalid literal for int() with base 10: 'non_field_errors'

During handling of the above exception, another exception occurred:

Traceback (most recent call last):
  File "D:\vemo_vent\ve_vemo\lib\site-packages\django\template\base.py", line 905, in _resolve_lookup
    (bit, current))  # missing attribute
django.template.base.VariableDoesNotExist: Failed lookup for key [non_field_errors] in 'None'
[2016-11-01 10:56:36] DEBUG [django.db.backends:89] (0.000) SELECT "django_session"."session_key", "django_session"."session_data", "django_session"."expire_date" FROM "django_session" WHERE ("django_session"."expire_date" > '2016-11-01 15:56:36.099221' AND "django_session"."session_key" = 'z4f7zll736z3vighq98miob9f247jz43'); args=('2016-11-01 15:56:36.099221', 'z4f7zll736z3vighq98miob9f247jz43')
[2016-11-01 10:56:36] DEBUG [django.db.backends:89] (0.000) SELECT "auths_user"."password", "auths_user"."last_login", "auths_user"."is_superuser", "auths_user"."username", "auths_user"."first_name", "auths_user"."last_name", "auths_user"."email", "auths_user"."is_staff", "auths_user"."is_active", "auths_user"."date_joined", "auths_user"."id", "auths_user"."last_hierarchy_id", "auths_user"."last_module_id", "auths_user"."person_id", "auths_user"."updated_at", "auths_user"."registered_by" FROM "auths_user" WHERE "auths_user"."id" = '98c929be19fb4598b30233dd1ddbfcfd'; args=('98c929be19fb4598b30233dd1ddbfcfd',)
[2016-11-01 10:56:47] DEBUG [django.db.backends:89] (0.016) SELECT "django_session"."session_key", "django_session"."session_data", "django_session"."expire_date" FROM "django_session" WHERE ("django_session"."expire_date" > '2016-11-01 15:56:47.387673' AND "django_session"."session_key" = 'z4f7zll736z3vighq98miob9f247jz43'); args=('2016-11-01 15:56:47.387673', 'z4f7zll736z3vighq98miob9f247jz43')
[2016-11-01 10:56:47] DEBUG [django.db.backends:89] (0.000) SELECT "auths_user"."password", "auths_user"."last_login", "auths_user"."is_superuser", "auths_user"."username", "auths_user"."first_name", "auths_user"."last_name", "auths_user"."email", "auths_user"."is_staff", "auths_user"."is_active", "auths_user"."date_joined", "auths_user"."id", "auths_user"."last_hierarchy_id", "auths_user"."last_module_id", "auths_user"."person_id", "auths_user"."updated_at", "auths_user"."registered_by" FROM "auths_user" WHERE "auths_user"."id" = '98c929be19fb4598b30233dd1ddbfcfd'; args=('98c929be19fb4598b30233dd1ddbfcfd',)
[2016-11-01 10:56:47] DEBUG [django.db.backends:89] (0.000) BEGIN; args=None
[2016-11-01 10:56:47] DEBUG [django.db.backends:89] (0.000) SELECT "auths_menu"."id", "auths_menu"."module", "auths_menu"."state", "auths_menu"."title", "auths_menu"."url", "auths_menu"."template_url", "auths_menu"."pos", "auths_menu"."icon", "auths_menu"."is_active", "auths_menu"."is_abstract", "auths_menu"."description", "auths_menu"."permission_id", "auths_menu"."parent_id", "auths_menu"."created_at", "auths_menu"."updated_at", "auths_menu"."registered_by" FROM "auths_menu" WHERE "auths_menu"."id" = 'b479e020c80844478293cf7e1320fa5b'; args=('b479e020c80844478293cf7e1320fa5b',)
[2016-11-01 10:56:47] DEBUG [django.db.backends:89] (0.000) SELECT "django_content_type"."id", "django_content_type"."app_label", "django_content_type"."model" FROM "django_content_type" WHERE ("django_content_type"."model" = 'menu' AND "django_content_type"."app_label" = 'auths'); args=('menu', 'auths')
[2016-11-01 10:56:47] DEBUG [django.db.backends:89] (0.000) SELECT "auth_permission"."id", "auth_permission"."name", "auth_permission"."content_type_id", "auth_permission"."codename" FROM "auth_permission" INNER JOIN "django_content_type" ON ("auth_permission"."content_type_id" = "django_content_type"."id") ORDER BY "django_content_type"."app_label" ASC, "django_content_type"."model" ASC, "auth_permission"."codename" ASC; args=()
[2016-11-01 10:56:47] DEBUG [django.db.backends:89] (0.000) SELECT "django_content_type"."id", "django_content_type"."app_label", "django_content_type"."model" FROM "django_content_type" WHERE "django_content_type"."id" = 1; args=(1,)
[2016-11-01 10:56:47] DEBUG [django.db.backends:89] (0.000) SELECT "django_content_type"."id", "django_content_type"."app_label", "django_content_type"."model" FROM "django_content_type" WHERE "django_content_type"."id" = 1; args=(1,)
[2016-11-01 10:56:47] DEBUG [django.db.backends:89] (0.000) SELECT "django_content_type"."id", "django_content_type"."app_label", "django_content_type"."model" FROM "django_content_type" WHERE "django_content_type"."id" = 1; args=(1,)
[2016-11-01 10:56:47] DEBUG [django.db.backends:89] (0.000) SELECT "django_content_type"."id", "django_content_type"."app_label", "django_content_type"."model" FROM "django_content_type" WHERE "django_content_type"."id" = 3; args=(3,)
[2016-11-01 10:56:47] DEBUG [django.db.backends:89] (0.000) SELECT "django_content_type"."id", "django_content_type"."app_label", "django_content_type"."model" FROM "django_content_type" WHERE "django_content_type"."id" = 3; args=(3,)
[2016-11-01 10:56:47] DEBUG [django.db.backends:89] (0.000) SELECT "django_content_type"."id", "django_content_type"."app_label", "django_content_type"."model" FROM "django_content_type" WHERE "django_content_type"."id" = 3; args=(3,)
[2016-11-01 10:56:47] DEBUG [django.db.backends:89] (0.000) SELECT "django_content_type"."id", "django_content_type"."app_label", "django_content_type"."model" FROM "django_content_type" WHERE "django_content_type"."id" = 2; args=(2,)
[2016-11-01 10:56:47] DEBUG [django.db.backends:89] (0.000) SELECT "django_content_type"."id", "django_content_type"."app_label", "django_content_type"."model" FROM "django_content_type" WHERE "django_content_type"."id" = 2; args=(2,)
[2016-11-01 10:56:47] DEBUG [django.db.backends:89] (0.000) SELECT "django_content_type"."id", "django_content_type"."app_label", "django_content_type"."model" FROM "django_content_type" WHERE "django_content_type"."id" = 2; args=(2,)
[2016-11-01 10:56:47] DEBUG [django.db.backends:89] (0.000) SELECT "django_content_type"."id", "django_content_type"."app_label", "django_content_type"."model" FROM "django_content_type" WHERE "django_content_type"."id" = 14; args=(14,)
[2016-11-01 10:56:47] DEBUG [django.db.backends:89] (0.000) SELECT "django_content_type"."id", "django_content_type"."app_label", "django_content_type"."model" FROM "django_content_type" WHERE "django_content_type"."id" = 14; args=(14,)
[2016-11-01 10:56:47] DEBUG [django.db.backends:89] (0.000) SELECT "django_content_type"."id", "django_content_type"."app_label", "django_content_type"."model" FROM "django_content_type" WHERE "django_content_type"."id" = 14; args=(14,)
[2016-11-01 10:56:47] DEBUG [django.db.backends:89] (0.000) SELECT "django_content_type"."id", "django_content_type"."app_label", "django_content_type"."model" FROM "django_content_type" WHERE "django_content_type"."id" = 14; args=(14,)
[2016-11-01 10:56:47] DEBUG [django.db.backends:89] (0.000) SELECT "django_content_type"."id", "django_content_type"."app_label", "django_content_type"."model" FROM "django_content_type" WHERE "django_content_type"."id" = 14; args=(14,)
[2016-11-01 10:56:47] DEBUG [django.db.backends:89] (0.000) SELECT "django_content_type"."id", "django_content_type"."app_label", "django_content_type"."model" FROM "django_content_type" WHERE "django_content_type"."id" = 13; args=(13,)
[2016-11-01 10:56:47] DEBUG [django.db.backends:89] (0.000) SELECT "django_content_type"."id", "django_content_type"."app_label", "django_content_type"."model" FROM "django_content_type" WHERE "django_content_type"."id" = 13; args=(13,)
[2016-11-01 10:56:47] DEBUG [django.db.backends:89] (0.000) SELECT "django_content_type"."id", "django_content_type"."app_label", "django_content_type"."model" FROM "django_content_type" WHERE "django_content_type"."id" = 13; args=(13,)
[2016-11-01 10:56:47] DEBUG [django.db.backends:89] (0.000) SELECT "django_content_type"."id", "django_content_type"."app_label", "django_content_type"."model" FROM "django_content_type" WHERE "django_content_type"."id" = 13; args=(13,)
[2016-11-01 10:56:47] DEBUG [django.db.backends:89] (0.000) SELECT "django_content_type"."id", "django_content_type"."app_label", "django_content_type"."model" FROM "django_content_type" WHERE "django_content_type"."id" = 13; args=(13,)
[2016-11-01 10:56:47] DEBUG [django.db.backends:89] (0.000) SELECT "django_content_type"."id", "django_content_type"."app_label", "django_content_type"."model" FROM "django_content_type" WHERE "django_content_type"."id" = 15; args=(15,)
[2016-11-01 10:56:47] DEBUG [django.db.backends:89] (0.000) SELECT "django_content_type"."id", "django_content_type"."app_label", "django_content_type"."model" FROM "django_content_type" WHERE "django_content_type"."id" = 15; args=(15,)
[2016-11-01 10:56:47] DEBUG [django.db.backends:89] (0.000) SELECT "django_content_type"."id", "django_content_type"."app_label", "django_content_type"."model" FROM "django_content_type" WHERE "django_content_type"."id" = 15; args=(15,)
[2016-11-01 10:56:47] DEBUG [django.db.backends:89] (0.000) SELECT "django_content_type"."id", "django_content_type"."app_label", "django_content_type"."model" FROM "django_content_type" WHERE "django_content_type"."id" = 15; args=(15,)
[2016-11-01 10:56:47] DEBUG [django.db.backends:89] (0.000) SELECT "django_content_type"."id", "django_content_type"."app_label", "django_content_type"."model" FROM "django_content_type" WHERE "django_content_type"."id" = 15; args=(15,)
[2016-11-01 10:56:47] DEBUG [django.db.backends:89] (0.000) SELECT "django_content_type"."id", "django_content_type"."app_label", "django_content_type"."model" FROM "django_content_type" WHERE "django_content_type"."id" = 11; args=(11,)
[2016-11-01 10:56:47] DEBUG [django.db.backends:89] (0.000) SELECT "django_content_type"."id", "django_content_type"."app_label", "django_content_type"."model" FROM "django_content_type" WHERE "django_content_type"."id" = 11; args=(11,)
[2016-11-01 10:56:47] DEBUG [django.db.backends:89] (0.000) SELECT "django_content_type"."id", "django_content_type"."app_label", "django_content_type"."model" FROM "django_content_type" WHERE "django_content_type"."id" = 11; args=(11,)
[2016-11-01 10:56:47] DEBUG [django.db.backends:89] (0.000) SELECT "django_content_type"."id", "django_content_type"."app_label", "django_content_type"."model" FROM "django_content_type" WHERE "django_content_type"."id" = 12; args=(12,)
[2016-11-01 10:56:47] DEBUG [django.db.backends:89] (0.000) SELECT "django_content_type"."id", "django_content_type"."app_label", "django_content_type"."model" FROM "django_content_type" WHERE "django_content_type"."id" = 12; args=(12,)
[2016-11-01 10:56:47] DEBUG [django.db.backends:89] (0.000) SELECT "django_content_type"."id", "django_content_type"."app_label", "django_content_type"."model" FROM "django_content_type" WHERE "django_content_type"."id" = 12; args=(12,)
[2016-11-01 10:56:47] DEBUG [django.db.backends:89] (0.000) SELECT "django_content_type"."id", "django_content_type"."app_label", "django_content_type"."model" FROM "django_content_type" WHERE "django_content_type"."id" = 12; args=(12,)
[2016-11-01 10:56:47] DEBUG [django.db.backends:89] (0.000) SELECT "django_content_type"."id", "django_content_type"."app_label", "django_content_type"."model" FROM "django_content_type" WHERE "django_content_type"."id" = 12; args=(12,)
[2016-11-01 10:56:47] DEBUG [django.db.backends:89] (0.000) SELECT "django_content_type"."id", "django_content_type"."app_label", "django_content_type"."model" FROM "django_content_type" WHERE "django_content_type"."id" = 16; args=(16,)
[2016-11-01 10:56:47] DEBUG [django.db.backends:89] (0.000) SELECT "django_content_type"."id", "django_content_type"."app_label", "django_content_type"."model" FROM "django_content_type" WHERE "django_content_type"."id" = 16; args=(16,)
[2016-11-01 10:56:47] DEBUG [django.db.backends:89] (0.000) SELECT "django_content_type"."id", "django_content_type"."app_label", "django_content_type"."model" FROM "django_content_type" WHERE "django_content_type"."id" = 16; args=(16,)
[2016-11-01 10:56:47] DEBUG [django.db.backends:89] (0.000) SELECT "django_content_type"."id", "django_content_type"."app_label", "django_content_type"."model" FROM "django_content_type" WHERE "django_content_type"."id" = 17; args=(17,)
[2016-11-01 10:56:47] DEBUG [django.db.backends:89] (0.000) SELECT "django_content_type"."id", "django_content_type"."app_label", "django_content_type"."model" FROM "django_content_type" WHERE "django_content_type"."id" = 17; args=(17,)
[2016-11-01 10:56:47] DEBUG [django.db.backends:89] (0.000) SELECT "django_content_type"."id", "django_content_type"."app_label", "django_content_type"."model" FROM "django_content_type" WHERE "django_content_type"."id" = 17; args=(17,)
[2016-11-01 10:56:47] DEBUG [django.db.backends:89] (0.000) SELECT "django_content_type"."id", "django_content_type"."app_label", "django_content_type"."model" FROM "django_content_type" WHERE "django_content_type"."id" = 19; args=(19,)
[2016-11-01 10:56:47] DEBUG [django.db.backends:89] (0.000) SELECT "django_content_type"."id", "django_content_type"."app_label", "django_content_type"."model" FROM "django_content_type" WHERE "django_content_type"."id" = 19; args=(19,)
[2016-11-01 10:56:47] DEBUG [django.db.backends:89] (0.000) SELECT "django_content_type"."id", "django_content_type"."app_label", "django_content_type"."model" FROM "django_content_type" WHERE "django_content_type"."id" = 19; args=(19,)
[2016-11-01 10:56:47] DEBUG [django.db.backends:89] (0.000) SELECT "django_content_type"."id", "django_content_type"."app_label", "django_content_type"."model" FROM "django_content_type" WHERE "django_content_type"."id" = 19; args=(19,)
[2016-11-01 10:56:47] DEBUG [django.db.backends:89] (0.000) SELECT "django_content_type"."id", "django_content_type"."app_label", "django_content_type"."model" FROM "django_content_type" WHERE "django_content_type"."id" = 19; args=(19,)
[2016-11-01 10:56:47] DEBUG [django.db.backends:89] (0.000) SELECT "django_content_type"."id", "django_content_type"."app_label", "django_content_type"."model" FROM "django_content_type" WHERE "django_content_type"."id" = 18; args=(18,)
[2016-11-01 10:56:47] DEBUG [django.db.backends:89] (0.000) SELECT "django_content_type"."id", "django_content_type"."app_label", "django_content_type"."model" FROM "django_content_type" WHERE "django_content_type"."id" = 18; args=(18,)
[2016-11-01 10:56:47] DEBUG [django.db.backends:89] (0.000) SELECT "django_content_type"."id", "django_content_type"."app_label", "django_content_type"."model" FROM "django_content_type" WHERE "django_content_type"."id" = 18; args=(18,)
[2016-11-01 10:56:47] DEBUG [django.db.backends:89] (0.000) SELECT "django_content_type"."id", "django_content_type"."app_label", "django_content_type"."model" FROM "django_content_type" WHERE "django_content_type"."id" = 18; args=(18,)
[2016-11-01 10:56:47] DEBUG [django.db.backends:89] (0.000) SELECT "django_content_type"."id", "django_content_type"."app_label", "django_content_type"."model" FROM "django_content_type" WHERE "django_content_type"."id" = 18; args=(18,)
[2016-11-01 10:56:47] DEBUG [django.db.backends:89] (0.000) SELECT "django_content_type"."id", "django_content_type"."app_label", "django_content_type"."model" FROM "django_content_type" WHERE "django_content_type"."id" = 21; args=(21,)
[2016-11-01 10:56:47] DEBUG [django.db.backends:89] (0.000) SELECT "django_content_type"."id", "django_content_type"."app_label", "django_content_type"."model" FROM "django_content_type" WHERE "django_content_type"."id" = 21; args=(21,)
[2016-11-01 10:56:47] DEBUG [django.db.backends:89] (0.000) SELECT "django_content_type"."id", "django_content_type"."app_label", "django_content_type"."model" FROM "django_content_type" WHERE "django_content_type"."id" = 21; args=(21,)
[2016-11-01 10:56:47] DEBUG [django.db.backends:89] (0.000) SELECT "django_content_type"."id", "django_content_type"."app_label", "django_content_type"."model" FROM "django_content_type" WHERE "django_content_type"."id" = 21; args=(21,)
[2016-11-01 10:56:47] DEBUG [django.db.backends:89] (0.000) SELECT "django_content_type"."id", "django_content_type"."app_label", "django_content_type"."model" FROM "django_content_type" WHERE "django_content_type"."id" = 21; args=(21,)
[2016-11-01 10:56:47] DEBUG [django.db.backends:89] (0.000) SELECT "django_content_type"."id", "django_content_type"."app_label", "django_content_type"."model" FROM "django_content_type" WHERE "django_content_type"."id" = 20; args=(20,)
[2016-11-01 10:56:47] DEBUG [django.db.backends:89] (0.000) SELECT "django_content_type"."id", "django_content_type"."app_label", "django_content_type"."model" FROM "django_content_type" WHERE "django_content_type"."id" = 20; args=(20,)
[2016-11-01 10:56:47] DEBUG [django.db.backends:89] (0.000) SELECT "django_content_type"."id", "django_content_type"."app_label", "django_content_type"."model" FROM "django_content_type" WHERE "django_content_type"."id" = 20; args=(20,)
[2016-11-01 10:56:47] DEBUG [django.db.backends:89] (0.000) SELECT "django_content_type"."id", "django_content_type"."app_label", "django_content_type"."model" FROM "django_content_type" WHERE "django_content_type"."id" = 20; args=(20,)
[2016-11-01 10:56:47] DEBUG [django.db.backends:89] (0.000) SELECT "django_content_type"."id", "django_content_type"."app_label", "django_content_type"."model" FROM "django_content_type" WHERE "django_content_type"."id" = 20; args=(20,)
[2016-11-01 10:56:47] DEBUG [django.db.backends:89] (0.000) SELECT "django_content_type"."id", "django_content_type"."app_label", "django_content_type"."model" FROM "django_content_type" WHERE "django_content_type"."id" = 4; args=(4,)
[2016-11-01 10:56:47] DEBUG [django.db.backends:89] (0.000) SELECT "django_content_type"."id", "django_content_type"."app_label", "django_content_type"."model" FROM "django_content_type" WHERE "django_content_type"."id" = 4; args=(4,)
[2016-11-01 10:56:47] DEBUG [django.db.backends:89] (0.000) SELECT "django_content_type"."id", "django_content_type"."app_label", "django_content_type"."model" FROM "django_content_type" WHERE "django_content_type"."id" = 4; args=(4,)
[2016-11-01 10:56:47] DEBUG [django.db.backends:89] (0.000) SELECT "django_content_type"."id", "django_content_type"."app_label", "django_content_type"."model" FROM "django_content_type" WHERE "django_content_type"."id" = 6; args=(6,)
[2016-11-01 10:56:47] DEBUG [django.db.backends:89] (0.000) SELECT "django_content_type"."id", "django_content_type"."app_label", "django_content_type"."model" FROM "django_content_type" WHERE "django_content_type"."id" = 6; args=(6,)
[2016-11-01 10:56:47] DEBUG [django.db.backends:89] (0.000) SELECT "django_content_type"."id", "django_content_type"."app_label", "django_content_type"."model" FROM "django_content_type" WHERE "django_content_type"."id" = 6; args=(6,)
[2016-11-01 10:56:47] DEBUG [django.db.backends:89] (0.000) SELECT "django_content_type"."id", "django_content_type"."app_label", "django_content_type"."model" FROM "django_content_type" WHERE "django_content_type"."id" = 9; args=(9,)
[2016-11-01 10:56:47] DEBUG [django.db.backends:89] (0.000) SELECT "django_content_type"."id", "django_content_type"."app_label", "django_content_type"."model" FROM "django_content_type" WHERE "django_content_type"."id" = 9; args=(9,)
[2016-11-01 10:56:47] DEBUG [django.db.backends:89] (0.000) SELECT "django_content_type"."id", "django_content_type"."app_label", "django_content_type"."model" FROM "django_content_type" WHERE "django_content_type"."id" = 9; args=(9,)
[2016-11-01 10:56:47] DEBUG [django.db.backends:89] (0.000) SELECT "django_content_type"."id", "django_content_type"."app_label", "django_content_type"."model" FROM "django_content_type" WHERE "django_content_type"."id" = 7; args=(7,)
[2016-11-01 10:56:47] DEBUG [django.db.backends:89] (0.000) SELECT "django_content_type"."id", "django_content_type"."app_label", "django_content_type"."model" FROM "django_content_type" WHERE "django_content_type"."id" = 7; args=(7,)
[2016-11-01 10:56:47] DEBUG [django.db.backends:89] (0.000) SELECT "django_content_type"."id", "django_content_type"."app_label", "django_content_type"."model" FROM "django_content_type" WHERE "django_content_type"."id" = 7; args=(7,)
[2016-11-01 10:56:47] DEBUG [django.db.backends:89] (0.000) SELECT "django_content_type"."id", "django_content_type"."app_label", "django_content_type"."model" FROM "django_content_type" WHERE "django_content_type"."id" = 8; args=(8,)
[2016-11-01 10:56:47] DEBUG [django.db.backends:89] (0.000) SELECT "django_content_type"."id", "django_content_type"."app_label", "django_content_type"."model" FROM "django_content_type" WHERE "django_content_type"."id" = 8; args=(8,)
[2016-11-01 10:56:47] DEBUG [django.db.backends:89] (0.000) SELECT "django_content_type"."id", "django_content_type"."app_label", "django_content_type"."model" FROM "django_content_type" WHERE "django_content_type"."id" = 8; args=(8,)
[2016-11-01 10:56:47] DEBUG [django.db.backends:89] (0.000) SELECT "django_content_type"."id", "django_content_type"."app_label", "django_content_type"."model" FROM "django_content_type" WHERE "django_content_type"."id" = 10; args=(10,)
[2016-11-01 10:56:47] DEBUG [django.db.backends:89] (0.000) SELECT "django_content_type"."id", "django_content_type"."app_label", "django_content_type"."model" FROM "django_content_type" WHERE "django_content_type"."id" = 10; args=(10,)
[2016-11-01 10:56:47] DEBUG [django.db.backends:89] (0.000) SELECT "django_content_type"."id", "django_content_type"."app_label", "django_content_type"."model" FROM "django_content_type" WHERE "django_content_type"."id" = 10; args=(10,)
[2016-11-01 10:56:47] DEBUG [django.db.backends:89] (0.000) SELECT "django_content_type"."id", "django_content_type"."app_label", "django_content_type"."model" FROM "django_content_type" WHERE "django_content_type"."id" = 5; args=(5,)
[2016-11-01 10:56:47] DEBUG [django.db.backends:89] (0.000) SELECT "django_content_type"."id", "django_content_type"."app_label", "django_content_type"."model" FROM "django_content_type" WHERE "django_content_type"."id" = 5; args=(5,)
[2016-11-01 10:56:47] DEBUG [django.db.backends:89] (0.000) SELECT "django_content_type"."id", "django_content_type"."app_label", "django_content_type"."model" FROM "django_content_type" WHERE "django_content_type"."id" = 5; args=(5,)
[2016-11-01 10:56:47] DEBUG [django.template:927] Exception while resolving variable 'can_delete_related' in template 'admin/related_widget_wrapper.html'.
Traceback (most recent call last):
  File "D:\vemo_vent\ve_vemo\lib\site-packages\django\template\base.py", line 883, in _resolve_lookup
    current = current[bit]
  File "D:\vemo_vent\ve_vemo\lib\site-packages\django\template\context.py", line 77, in __getitem__
    raise KeyError(key)
KeyError: 'can_delete_related'

During handling of the above exception, another exception occurred:

Traceback (most recent call last):
  File "D:\vemo_vent\ve_vemo\lib\site-packages\django\template\base.py", line 889, in _resolve_lookup
    if isinstance(current, BaseContext) and getattr(type(current), bit):
AttributeError: type object 'Context' has no attribute 'can_delete_related'

During handling of the above exception, another exception occurred:

Traceback (most recent call last):
  File "D:\vemo_vent\ve_vemo\lib\site-packages\django\template\base.py", line 898, in _resolve_lookup
    current = current[int(bit)]
ValueError: invalid literal for int() with base 10: 'can_delete_related'

During handling of the above exception, another exception occurred:

Traceback (most recent call last):
  File "D:\vemo_vent\ve_vemo\lib\site-packages\django\template\base.py", line 905, in _resolve_lookup
    (bit, current))  # missing attribute
django.template.base.VariableDoesNotExist: Failed lookup for key [can_delete_related] in '[{\'None\': None, \'False\': False, \'True\': True}, {\'change_related_template_url\': \'/admin/auth/permission/__fk__/change/\', \'url_params\': \'_to_field=id&_popup=1\', \'can_change_related\': True, \'widget\': \'<select id="id_permission" name="permission">\\n<option value="" selected="selected">---------</option>\\n<option value="1">admin | log entry | Can add log entry</option>\\n<option value="2">admin | log entry | Can change log entry</option>\\n<option value="3">admin | log entry | Can delete log entry</option>\\n<option value="7">auth | group | Can add group</option>\\n<option value="8">auth | group | Can change group</option>\\n<option value="9">auth | group | Can delete group</option>\\n<option value="4">auth | permission | Can add permission</option>\\n<option value="5">auth | permission | Can change permission</option>\\n<option value="6">auth | permission | Can delete permission</option>\\n<option value="44">auths | hierarchy | Can add hierarchy</option>\\n<option value="45">auths | hierarchy | Can change hierarchy</option>\\n<option value="46">auths | hierarchy | Can delete hierarchy</option>\\n<option value="48">auths | hierarchy | Can get hierarchy</option>\\n<option value="47">auths | hierarchy | Can list hierarchy</option>\\n<option value="39">auths | hierarchy type | Can add hierarchy type</option>\\n<option value="40">auths | hierarchy type | Can change hierarchy type</option>\\n<option value="41">auths | hierarchy type | Can delete hierarchy type</option>\\n<option value="43">auths | hierarchy type | Can get hierarchytype</option>\\n<option value="42">auths | hierarchy type | Can list hierarchytype</option>\\n<option value="49">auths | menu | Can add menu</option>\\n<option value="50">auths | menu | Can change menu</option>\\n<option value="51">auths | menu | Can delete menu</option>\\n<option value="53">auths | menu | Can get menu</option>\\n<option value="52">auths | menu | Can list menu</option>\\n<option value="31">auths | Person | Can add Person</option>\\n<option value="32">auths | Person | Can change Person</option>\\n<option value="33">auths | Person | Can delete Person</option>\\n<option value="34">auths | User | Can add User</option>\\n<option value="35">auths | User | Can change User</option>\\n<option value="36">auths | User | Can delete User</option>\\n<option value="38">auths | User | Can get user</option>\\n<option value="37">auths | User | Can list user</option>\\n<option value="54">auths | user hierarchy group | Can add user hierarchy group</option>\\n<option value="55">auths | user hierarchy group | Can change user hierarchy group</option>\\n<option value="56">auths | user hierarchy group | Can delete user hierarchy group</option>\\n<option value="57">auths | user hierarchy permission | Can add user hierarchy permission</option>\\n<option value="58">auths | user hierarchy permission | Can change user hierarchy permission</option>\\n<option value="59">auths | user hierarchy permission | Can delete user hierarchy permission</option>\\n<option value="65">catalogo | Autor | Can add Autor</option>\\n<option value="66">catalogo | Autor | Can change Autor</option>\\n<option value="67">catalogo | Autor | Can delete Autor</option>\\n<option value="69">catalogo | Autor | Can get autor</option>\\n<option value="68">catalogo | Autor | Can list autor</option>\\n<option value="60">catalogo | Categoria | Can add Categoria</option>\\n<option value="61">catalogo | Categoria | Can change Categoria</option>\\n<option value="62">catalogo | Categoria | Can delete Categoria</option>\\n<option value="64">catalogo | Categoria | Can get categoria</option>\\n<option value="63">catalogo | Categoria | Can list categoria</option>\\n<option value="75">catalogo | Ejemplar | Can add Ejemplar</option>\\n<option value="76">catalogo | Ejemplar | Can change Ejemplar</option>\\n<option value="77">catalogo | Ejemplar | Can delete Ejemplar</option>\\n<option value="79">catalogo | Ejemplar | Can get ejemplar</option>\\n<option value="78">catalogo | Ejemplar | Can list ejemplar</option>\\n<option value="70">catalogo | Libro | Can add Libro</option>\\n<option value="71">catalogo | Libro | Can change Libro</option>\\n<option value="72">catalogo | Libro | Can delete Libro</option>\\n<option value="74">catalogo | Libro | Can get libro</option>\\n<option value="73">catalogo | Libro | Can list libro</option>\\n<option value="10">contenttypes | content type | Can add content type</option>\\n<option value="11">contenttypes | content type | Can change content type</option>\\n<option value="12">contenttypes | content type | Can delete content type</option>\\n<option value="16">corsheaders | cors model | Can add cors model</option>\\n<option value="17">corsheaders | cors model | Can change cors model</option>\\n<option value="18">corsheaders | cors model | Can delete cors model</option>\\n<option value="25">oauth2_provider | access token | Can add access token</option>\\n<option value="26">oauth2_provider | access token | Can change access token</option>\\n<option value="27">oauth2_provider | access token | Can delete access token</option>\\n<option value="19">oauth2_provider | application | Can add application</option>\\n<option value="20">oauth2_provider | application | Can change application</option>\\n<option value="21">oauth2_provider | application | Can delete application</option>\\n<option value="22">oauth2_provider | grant | Can add grant</option>\\n<option value="23">oauth2_provider | grant | Can change grant</option>\\n<option value="24">oauth2_provider | grant | Can delete grant</option>\\n<option value="28">oauth2_provider | refresh token | Can add refresh token</option>\\n<option value="29">oauth2_provider | refresh token | Can change refresh token</option>\\n<option value="30">oauth2_provider | refresh token | Can delete refresh token</option>\\n<option value="13">sessions | session | Can add session</option>\\n<option value="14">sessions | session | Can change session</option>\\n<option value="15">sessions | session | Can delete session</option>\\n</select>\', \'model\': <django.utils.functional.lazy.<locals>.__proxy__ object at 0x032FEF90>, \'name\': \'permission\', \'can_add_related\': True, \'add_related_url\': \'/admin/auth/permission/add/\'}, {\'block\': <Block Node: links. Contents: [<TextNode: \'\\n        \'>, <IfNode>, <TextNode: \'\\n        \'>, <IfNode>, <TextNode: \'\\n        \'>, <IfNode>, <TextNode: \'\\n    \'>]>}]'
[2016-11-01 10:56:47] DEBUG [django.db.backends:89] (0.000) SELECT "auths_menu"."id", "auths_menu"."module", "auths_menu"."state", "auths_menu"."title", "auths_menu"."url", "auths_menu"."template_url", "auths_menu"."pos", "auths_menu"."icon", "auths_menu"."is_active", "auths_menu"."is_abstract", "auths_menu"."description", "auths_menu"."permission_id", "auths_menu"."parent_id", "auths_menu"."created_at", "auths_menu"."updated_at", "auths_menu"."registered_by" FROM "auths_menu"; args=()
[2016-11-01 10:56:47] DEBUG [django.template:927] Exception while resolving variable 'can_delete_related' in template 'admin/related_widget_wrapper.html'.
Traceback (most recent call last):
  File "D:\vemo_vent\ve_vemo\lib\site-packages\django\template\base.py", line 883, in _resolve_lookup
    current = current[bit]
  File "D:\vemo_vent\ve_vemo\lib\site-packages\django\template\context.py", line 77, in __getitem__
    raise KeyError(key)
KeyError: 'can_delete_related'

During handling of the above exception, another exception occurred:

Traceback (most recent call last):
  File "D:\vemo_vent\ve_vemo\lib\site-packages\django\template\base.py", line 889, in _resolve_lookup
    if isinstance(current, BaseContext) and getattr(type(current), bit):
AttributeError: type object 'Context' has no attribute 'can_delete_related'

During handling of the above exception, another exception occurred:

Traceback (most recent call last):
  File "D:\vemo_vent\ve_vemo\lib\site-packages\django\template\base.py", line 898, in _resolve_lookup
    current = current[int(bit)]
ValueError: invalid literal for int() with base 10: 'can_delete_related'

During handling of the above exception, another exception occurred:

Traceback (most recent call last):
  File "D:\vemo_vent\ve_vemo\lib\site-packages\django\template\base.py", line 905, in _resolve_lookup
    (bit, current))  # missing attribute
django.template.base.VariableDoesNotExist: Failed lookup for key [can_delete_related] in '[{\'None\': None, \'False\': False, \'True\': True}, {\'change_related_template_url\': \'/admin/auths/menu/__fk__/change/\', \'url_params\': \'_to_field=id&_popup=1\', \'can_change_related\': True, \'widget\': \'<select id="id_parent" name="parent">\\n<option value="" selected="selected">---------</option>\\n<option value="b479e020-c808-4447-8293-cf7e1320fa5b">Catlogo (Backend Manager)</option>\\n<option value="89e73f9b-fbde-41d3-aa4e-612f2a2d2d00">Categoras (Backend Manager)</option>\\n</select>\', \'model\': <django.utils.functional.lazy.<locals>.__proxy__ object at 0x037680F0>, \'name\': \'parent\', \'can_add_related\': True, \'add_related_url\': \'/admin/auths/menu/add/\'}, {\'block\': <Block Node: links. Contents: [<TextNode: \'\\n        \'>, <IfNode>, <TextNode: \'\\n        \'>, <IfNode>, <TextNode: \'\\n        \'>, <IfNode>, <TextNode: \'\\n    \'>]>}]'
[2016-11-01 10:56:47] DEBUG [django.db.backends:89] (0.000) SELECT "django_session"."session_key", "django_session"."session_data", "django_session"."expire_date" FROM "django_session" WHERE ("django_session"."expire_date" > '2016-11-01 15:56:47.903331' AND "django_session"."session_key" = 'z4f7zll736z3vighq98miob9f247jz43'); args=('2016-11-01 15:56:47.903331', 'z4f7zll736z3vighq98miob9f247jz43')
[2016-11-01 10:56:47] DEBUG [django.db.backends:89] (0.000) SELECT "auths_user"."password", "auths_user"."last_login", "auths_user"."is_superuser", "auths_user"."username", "auths_user"."first_name", "auths_user"."last_name", "auths_user"."email", "auths_user"."is_staff", "auths_user"."is_active", "auths_user"."date_joined", "auths_user"."id", "auths_user"."last_hierarchy_id", "auths_user"."last_module_id", "auths_user"."person_id", "auths_user"."updated_at", "auths_user"."registered_by" FROM "auths_user" WHERE "auths_user"."id" = '98c929be19fb4598b30233dd1ddbfcfd'; args=('98c929be19fb4598b30233dd1ddbfcfd',)
[2016-11-01 10:56:56] DEBUG [django.db.backends:89] (0.016) SELECT "django_session"."session_key", "django_session"."session_data", "django_session"."expire_date" FROM "django_session" WHERE ("django_session"."expire_date" > '2016-11-01 15:56:56.400890' AND "django_session"."session_key" = 'z4f7zll736z3vighq98miob9f247jz43'); args=('2016-11-01 15:56:56.400890', 'z4f7zll736z3vighq98miob9f247jz43')
[2016-11-01 10:56:56] DEBUG [django.db.backends:89] (0.000) SELECT "auths_user"."password", "auths_user"."last_login", "auths_user"."is_superuser", "auths_user"."username", "auths_user"."first_name", "auths_user"."last_name", "auths_user"."email", "auths_user"."is_staff", "auths_user"."is_active", "auths_user"."date_joined", "auths_user"."id", "auths_user"."last_hierarchy_id", "auths_user"."last_module_id", "auths_user"."person_id", "auths_user"."updated_at", "auths_user"."registered_by" FROM "auths_user" WHERE "auths_user"."id" = '98c929be19fb4598b30233dd1ddbfcfd'; args=('98c929be19fb4598b30233dd1ddbfcfd',)
[2016-11-01 10:56:56] DEBUG [django.db.backends:89] (0.000) SELECT COUNT(*) AS "__count" FROM "auths_menu"; args=()
[2016-11-01 10:56:56] DEBUG [django.db.backends:89] (0.000) SELECT "auths_menu"."id", "auths_menu"."module", "auths_menu"."state", "auths_menu"."title", "auths_menu"."url", "auths_menu"."template_url", "auths_menu"."pos", "auths_menu"."icon", "auths_menu"."is_active", "auths_menu"."is_abstract", "auths_menu"."description", "auths_menu"."permission_id", "auths_menu"."parent_id", "auths_menu"."created_at", "auths_menu"."updated_at", "auths_menu"."registered_by" FROM "auths_menu" ORDER BY "auths_menu"."id" DESC; args=()
[2016-11-01 10:56:56] DEBUG [django.template:927] Exception while resolving variable 'errors' in template 'admin/change_list.html'.
Traceback (most recent call last):
  File "D:\vemo_vent\ve_vemo\lib\site-packages\django\template\base.py", line 883, in _resolve_lookup
    current = current[bit]
TypeError: 'NoneType' object is not subscriptable

During handling of the above exception, another exception occurred:

Traceback (most recent call last):
  File "D:\vemo_vent\ve_vemo\lib\site-packages\django\template\base.py", line 891, in _resolve_lookup
    current = getattr(current, bit)
AttributeError: 'NoneType' object has no attribute 'errors'

During handling of the above exception, another exception occurred:

Traceback (most recent call last):
  File "D:\vemo_vent\ve_vemo\lib\site-packages\django\template\base.py", line 898, in _resolve_lookup
    current = current[int(bit)]
ValueError: invalid literal for int() with base 10: 'errors'

During handling of the above exception, another exception occurred:

Traceback (most recent call last):
  File "D:\vemo_vent\ve_vemo\lib\site-packages\django\template\base.py", line 905, in _resolve_lookup
    (bit, current))  # missing attribute
django.template.base.VariableDoesNotExist: Failed lookup for key [errors] in 'None'
[2016-11-01 10:56:56] DEBUG [django.template:927] Exception while resolving variable 'show' in template 'admin/change_list.html'.
Traceback (most recent call last):
  File "D:\vemo_vent\ve_vemo\lib\site-packages\django\template\base.py", line 883, in _resolve_lookup
    current = current[bit]
  File "D:\vemo_vent\ve_vemo\lib\site-packages\django\template\context.py", line 77, in __getitem__
    raise KeyError(key)
KeyError: 'show'

During handling of the above exception, another exception occurred:

Traceback (most recent call last):
  File "D:\vemo_vent\ve_vemo\lib\site-packages\django\template\base.py", line 889, in _resolve_lookup
    if isinstance(current, BaseContext) and getattr(type(current), bit):
AttributeError: type object 'RequestContext' has no attribute 'show'

During handling of the above exception, another exception occurred:

Traceback (most recent call last):
  File "D:\vemo_vent\ve_vemo\lib\site-packages\django\template\base.py", line 898, in _resolve_lookup
    current = current[int(bit)]
ValueError: invalid literal for int() with base 10: 'show'

During handling of the above exception, another exception occurred:

Traceback (most recent call last):
  File "D:\vemo_vent\ve_vemo\lib\site-packages\django\template\base.py", line 905, in _resolve_lookup
    (bit, current))  # missing attribute
django.template.base.VariableDoesNotExist: Failed lookup for key [show] in "[{'csrf_token': <SimpleLazyObject: <function csrf.<locals>._get_val at 0x00AFD198>>, 'None': None, 'False': False, 'True': True}]"
[2016-11-01 10:56:56] DEBUG [django.template:927] Exception while resolving variable 'is_multipart' in template 'admin/change_list.html'.
Traceback (most recent call last):
  File "D:\vemo_vent\ve_vemo\lib\site-packages\django\template\base.py", line 883, in _resolve_lookup
    current = current[bit]
TypeError: 'NoneType' object is not subscriptable

During handling of the above exception, another exception occurred:

Traceback (most recent call last):
  File "D:\vemo_vent\ve_vemo\lib\site-packages\django\template\base.py", line 891, in _resolve_lookup
    current = getattr(current, bit)
AttributeError: 'NoneType' object has no attribute 'is_multipart'

During handling of the above exception, another exception occurred:

Traceback (most recent call last):
  File "D:\vemo_vent\ve_vemo\lib\site-packages\django\template\base.py", line 898, in _resolve_lookup
    current = current[int(bit)]
ValueError: invalid literal for int() with base 10: 'is_multipart'

During handling of the above exception, another exception occurred:

Traceback (most recent call last):
  File "D:\vemo_vent\ve_vemo\lib\site-packages\django\template\base.py", line 905, in _resolve_lookup
    (bit, current))  # missing attribute
django.template.base.VariableDoesNotExist: Failed lookup for key [is_multipart] in 'None'
[2016-11-01 10:56:56] DEBUG [django.template:927] Exception while resolving variable 'non_field_errors' in template 'admin/change_list.html'.
Traceback (most recent call last):
  File "D:\vemo_vent\ve_vemo\lib\site-packages\django\template\base.py", line 883, in _resolve_lookup
    current = current[bit]
TypeError: 'NoneType' object is not subscriptable

During handling of the above exception, another exception occurred:

Traceback (most recent call last):
  File "D:\vemo_vent\ve_vemo\lib\site-packages\django\template\base.py", line 891, in _resolve_lookup
    current = getattr(current, bit)
AttributeError: 'NoneType' object has no attribute 'non_field_errors'

During handling of the above exception, another exception occurred:

Traceback (most recent call last):
  File "D:\vemo_vent\ve_vemo\lib\site-packages\django\template\base.py", line 898, in _resolve_lookup
    current = current[int(bit)]
ValueError: invalid literal for int() with base 10: 'non_field_errors'

During handling of the above exception, another exception occurred:

Traceback (most recent call last):
  File "D:\vemo_vent\ve_vemo\lib\site-packages\django\template\base.py", line 905, in _resolve_lookup
    (bit, current))  # missing attribute
django.template.base.VariableDoesNotExist: Failed lookup for key [non_field_errors] in 'None'
[2016-11-01 10:56:56] DEBUG [django.template:927] Exception while resolving variable 'non_field_errors' in template 'admin/change_list.html'.
Traceback (most recent call last):
  File "D:\vemo_vent\ve_vemo\lib\site-packages\django\template\base.py", line 883, in _resolve_lookup
    current = current[bit]
TypeError: 'NoneType' object is not subscriptable

During handling of the above exception, another exception occurred:

Traceback (most recent call last):
  File "D:\vemo_vent\ve_vemo\lib\site-packages\django\template\base.py", line 891, in _resolve_lookup
    current = getattr(current, bit)
AttributeError: 'NoneType' object has no attribute 'non_field_errors'

During handling of the above exception, another exception occurred:

Traceback (most recent call last):
  File "D:\vemo_vent\ve_vemo\lib\site-packages\django\template\base.py", line 898, in _resolve_lookup
    current = current[int(bit)]
ValueError: invalid literal for int() with base 10: 'non_field_errors'

During handling of the above exception, another exception occurred:

Traceback (most recent call last):
  File "D:\vemo_vent\ve_vemo\lib\site-packages\django\template\base.py", line 905, in _resolve_lookup
    (bit, current))  # missing attribute
django.template.base.VariableDoesNotExist: Failed lookup for key [non_field_errors] in 'None'
[2016-11-01 10:56:57] DEBUG [django.db.backends:89] (0.000) SELECT "django_session"."session_key", "django_session"."session_data", "django_session"."expire_date" FROM "django_session" WHERE ("django_session"."expire_date" > '2016-11-01 15:56:57.463467' AND "django_session"."session_key" = 'z4f7zll736z3vighq98miob9f247jz43'); args=('2016-11-01 15:56:57.463467', 'z4f7zll736z3vighq98miob9f247jz43')
[2016-11-01 10:56:57] DEBUG [django.db.backends:89] (0.001) SELECT "auths_user"."password", "auths_user"."last_login", "auths_user"."is_superuser", "auths_user"."username", "auths_user"."first_name", "auths_user"."last_name", "auths_user"."email", "auths_user"."is_staff", "auths_user"."is_active", "auths_user"."date_joined", "auths_user"."id", "auths_user"."last_hierarchy_id", "auths_user"."last_module_id", "auths_user"."person_id", "auths_user"."updated_at", "auths_user"."registered_by" FROM "auths_user" WHERE "auths_user"."id" = '98c929be19fb4598b30233dd1ddbfcfd'; args=('98c929be19fb4598b30233dd1ddbfcfd',)
[2016-11-01 10:56:57] DEBUG [django.template:927] Exception while resolving variable 'is_popup' in template 'admin/index.html'.
Traceback (most recent call last):
  File "D:\vemo_vent\ve_vemo\lib\site-packages\django\template\base.py", line 883, in _resolve_lookup
    current = current[bit]
  File "D:\vemo_vent\ve_vemo\lib\site-packages\django\template\context.py", line 77, in __getitem__
    raise KeyError(key)
KeyError: 'is_popup'

During handling of the above exception, another exception occurred:

Traceback (most recent call last):
  File "D:\vemo_vent\ve_vemo\lib\site-packages\django\template\base.py", line 889, in _resolve_lookup
    if isinstance(current, BaseContext) and getattr(type(current), bit):
AttributeError: type object 'RequestContext' has no attribute 'is_popup'

During handling of the above exception, another exception occurred:

Traceback (most recent call last):
  File "D:\vemo_vent\ve_vemo\lib\site-packages\django\template\base.py", line 898, in _resolve_lookup
    current = current[int(bit)]
ValueError: invalid literal for int() with base 10: 'is_popup'

During handling of the above exception, another exception occurred:

Traceback (most recent call last):
  File "D:\vemo_vent\ve_vemo\lib\site-packages\django\template\base.py", line 905, in _resolve_lookup
    (bit, current))  # missing attribute
django.template.base.VariableDoesNotExist: Failed lookup for key [is_popup] in "[{'None': None, 'False': False, 'True': True}, {'DEFAULT_MESSAGE_LEVELS': {'DEBUG': 10, 'SUCCESS': 25, 'ERROR': 40, 'WARNING': 30, 'INFO': 20}, 'request': <WSGIRequest: GET '/admin/'>, 'csrf_token': <SimpleLazyObject: <function csrf.<locals>._get_val at 0x00B4D0C0>>, 'messages': <django.contrib.messages.storage.fallback.FallbackStorage object at 0x00AE6C90>, 'user': <SimpleLazyObject: <User: admin>>, 'perms': <django.contrib.auth.context_processors.PermWrapper object at 0x00B31F10>}, {}, {'available_apps': [{'name': <django.utils.functional.lazy.<locals>.__proxy__ object at 0x032631B0>, 'app_label': 'auth', 'has_module_perms': True, 'models': [{'add_url': '/admin/auth/group/add/', 'name': <django.utils.functional.lazy.<locals>.__proxy__ object at 0x00AEABB0>, 'admin_url': '/admin/auth/group/', 'object_name': 'Group', 'perms': {'add': True, 'delete': True, 'change': True}}, {'add_url': '/admin/auth/permission/add/', 'name': <django.utils.functional.lazy.<locals>.__proxy__ object at 0x00AE6370>, 'admin_url': '/admin/auth/permission/', 'object_name': 'Permission', 'perms': {'add': True, 'delete': True, 'change': True}}], 'app_url': '/admin/auth/'}, {'name': 'Auths', 'app_label': 'auths', 'has_module_perms': True, 'models': [{'add_url': '/admin/auths/hierarchytype/add/', 'name': <django.utils.functional.lazy.<locals>.__proxy__ object at 0x00AE6B90>, 'admin_url': '/admin/auths/hierarchytype/', 'object_name': 'HierarchyType', 'perms': {'add': True, 'delete': True, 'change': True}}, {'add_url': '/admin/auths/hierarchy/add/', 'name': <django.utils.functional.lazy.<locals>.__proxy__ object at 0x00AE6F10>, 'admin_url': '/admin/auths/hierarchy/', 'object_name': 'Hierarchy', 'perms': {'add': True, 'delete': True, 'change': True}}, {'add_url': '/admin/auths/menu/add/', 'name': <django.utils.functional.lazy.<locals>.__proxy__ object at 0x00AE6190>, 'admin_url': '/admin/auths/menu/', 'object_name': 'Menu', 'perms': {'add': True, 'delete': True, 'change': True}}, {'add_url': '/admin/auths/person/add/', 'name': <django.utils.functional.lazy.<locals>.__proxy__ object at 0x00AE6410>, 'admin_url': '/admin/auths/person/', 'object_name': 'Person', 'perms': {'add': True, 'delete': True, 'change': True}}, {'add_url': '/admin/auths/userhierarchygroup/add/', 'name': <django.utils.functional.lazy.<locals>.__proxy__ object at 0x00AEAED0>, 'admin_url': '/admin/auths/userhierarchygroup/', 'object_name': 'UserHierarchyGroup', 'perms': {'add': True, 'delete': True, 'change': True}}, {'add_url': '/admin/auths/userhierarchypermission/add/', 'name': <django.utils.functional.lazy.<locals>.__proxy__ object at 0x00AEAB30>, 'admin_url': '/admin/auths/userhierarchypermission/', 'object_name': 'UserHierarchyPermission', 'perms': {'add': True, 'delete': True, 'change': True}}, {'add_url': '/admin/auths/user/add/', 'name': <django.utils.functional.lazy.<locals>.__proxy__ object at 0x00AE6BB0>, 'admin_url': '/admin/auths/user/', 'object_name': 'User', 'perms': {'add': True, 'delete': True, 'change': True}}], 'app_url': '/admin/auths/'}, {'name': 'Catalogo', 'app_label': 'catalogo', 'has_module_perms': True, 'models': [{'add_url': '/admin/catalogo/autor/add/', 'name': 'Autores', 'admin_url': '/admin/catalogo/autor/', 'object_name': 'Autor', 'perms': {'add': True, 'delete': True, 'change': True}}, {'add_url': '/admin/catalogo/categoria/add/', 'name': 'Categorias', 'admin_url': '/admin/catalogo/categoria/', 'object_name': 'Categoria', 'perms': {'add': True, 'delete': True, 'change': True}}, {'add_url': '/admin/catalogo/libro/add/', 'name': 'Libros', 'admin_url': '/admin/catalogo/libro/', 'object_name': 'Libro', 'perms': {'add': True, 'delete': True, 'change': True}}], 'app_url': '/admin/catalogo/'}, {'name': <django.utils.functional.lazy.<locals>.__proxy__ object at 0x03263210>, 'app_label': 'contenttypes', 'has_module_perms': True, 'models': [{'add_url': '/admin/contenttypes/contenttype/add/', 'name': <django.utils.functional.lazy.<locals>.__proxy__ object at 0x00AE6D30>, 'admin_url': '/admin/contenttypes/contenttype/', 'object_name': 'ContentType', 'perms': {'add': True, 'delete': True, 'change': True}}], 'app_url': '/admin/contenttypes/'}, {'name': 'Django OAuth Toolkit', 'app_label': 'oauth2_provider', 'has_module_perms': True, 'models': [{'add_url': '/admin/oauth2_provider/accesstoken/add/', 'name': <django.utils.functional.lazy.<locals>.__proxy__ object at 0x00AE6810>, 'admin_url': '/admin/oauth2_provider/accesstoken/', 'object_name': 'AccessToken', 'perms': {'add': True, 'delete': True, 'change': True}}, {'add_url': '/admin/oauth2_provider/application/add/', 'name': <django.utils.functional.lazy.<locals>.__proxy__ object at 0x00AEA3F0>, 'admin_url': '/admin/oauth2_provider/application/', 'object_name': 'Application', 'perms': {'add': True, 'delete': True, 'change': True}}, {'add_url': '/admin/oauth2_provider/grant/add/', 'name': <django.utils.functional.lazy.<locals>.__proxy__ object at 0x00AEA950>, 'admin_url': '/admin/oauth2_provider/grant/', 'object_name': 'Grant', 'perms': {'add': True, 'delete': True, 'change': True}}, {'add_url': '/admin/oauth2_provider/refreshtoken/add/', 'name': <django.utils.functional.lazy.<locals>.__proxy__ object at 0x00AEABF0>, 'admin_url': '/admin/oauth2_provider/refreshtoken/', 'object_name': 'RefreshToken', 'perms': {'add': True, 'delete': True, 'change': True}}], 'app_url': '/admin/oauth2_provider/'}], 'app_list': [{'name': <django.utils.functional.lazy.<locals>.__proxy__ object at 0x032631B0>, 'app_label': 'auth', 'has_module_perms': True, 'models': [{'add_url': '/admin/auth/group/add/', 'name': <django.utils.functional.lazy.<locals>.__proxy__ object at 0x00AE6570>, 'admin_url': '/admin/auth/group/', 'object_name': 'Group', 'perms': {'add': True, 'delete': True, 'change': True}}, {'add_url': '/admin/auth/permission/add/', 'name': <django.utils.functional.lazy.<locals>.__proxy__ object at 0x00AE6A90>, 'admin_url': '/admin/auth/permission/', 'object_name': 'Permission', 'perms': {'add': True, 'delete': True, 'change': True}}], 'app_url': '/admin/auth/'}, {'name': 'Auths', 'app_label': 'auths', 'has_module_perms': True, 'models': [{'add_url': '/admin/auths/hierarchytype/add/', 'name': <django.utils.functional.lazy.<locals>.__proxy__ object at 0x00AE6E70>, 'admin_url': '/admin/auths/hierarchytype/', 'object_name': 'HierarchyType', 'perms': {'add': True, 'delete': True, 'change': True}}, {'add_url': '/admin/auths/hierarchy/add/', 'name': <django.utils.functional.lazy.<locals>.__proxy__ object at 0x00AE63B0>, 'admin_url': '/admin/auths/hierarchy/', 'object_name': 'Hierarchy', 'perms': {'add': True, 'delete': True, 'change': True}}, {'add_url': '/admin/auths/menu/add/', 'name': <django.utils.functional.lazy.<locals>.__proxy__ object at 0x00AE6930>, 'admin_url': '/admin/auths/menu/', 'object_name': 'Menu', 'perms': {'add': True, 'delete': True, 'change': True}}, {'add_url': '/admin/auths/person/add/', 'name': <django.utils.functional.lazy.<locals>.__proxy__ object at 0x00AE6FF0>, 'admin_url': '/admin/auths/person/', 'object_name': 'Person', 'perms': {'add': True, 'delete': True, 'change': True}}, {'add_url': '/admin/auths/userhierarchygroup/add/', 'name': <django.utils.functional.lazy.<locals>.__proxy__ object at 0x00AE6610>, 'admin_url': '/admin/auths/userhierarchygroup/', 'object_name': 'UserHierarchyGroup', 'perms': {'add': True, 'delete': True, 'change': True}}, {'add_url': '/admin/auths/userhierarchypermission/add/', 'name': <django.utils.functional.lazy.<locals>.__proxy__ object at 0x00AE6310>, 'admin_url': '/admin/auths/userhierarchypermission/', 'object_name': 'UserHierarchyPermission', 'perms': {'add': True, 'delete': True, 'change': True}}, {'add_url': '/admin/auths/user/add/', 'name': <django.utils.functional.lazy.<locals>.__proxy__ object at 0x00AE6DD0>, 'admin_url': '/admin/auths/user/', 'object_name': 'User', 'perms': {'add': True, 'delete': True, 'change': True}}], 'app_url': '/admin/auths/'}, {'name': 'Catalogo', 'app_label': 'catalogo', 'has_module_perms': True, 'models': [{'add_url': '/admin/catalogo/autor/add/', 'name': 'Autores', 'admin_url': '/admin/catalogo/autor/', 'object_name': 'Autor', 'perms': {'add': True, 'delete': True, 'change': True}}, {'add_url': '/admin/catalogo/categoria/add/', 'name': 'Categorias', 'admin_url': '/admin/catalogo/categoria/', 'object_name': 'Categoria', 'perms': {'add': True, 'delete': True, 'change': True}}, {'add_url': '/admin/catalogo/libro/add/', 'name': 'Libros', 'admin_url': '/admin/catalogo/libro/', 'object_name': 'Libro', 'perms': {'add': True, 'delete': True, 'change': True}}], 'app_url': '/admin/catalogo/'}, {'name': <django.utils.functional.lazy.<locals>.__proxy__ object at 0x03263210>, 'app_label': 'contenttypes', 'has_module_perms': True, 'models': [{'add_url': '/admin/contenttypes/contenttype/add/', 'name': <django.utils.functional.lazy.<locals>.__proxy__ object at 0x00AE6D70>, 'admin_url': '/admin/contenttypes/contenttype/', 'object_name': 'ContentType', 'perms': {'add': True, 'delete': True, 'change': True}}], 'app_url': '/admin/contenttypes/'}, {'name': 'Django OAuth Toolkit', 'app_label': 'oauth2_provider', 'has_module_perms': True, 'models': [{'add_url': '/admin/oauth2_provider/accesstoken/add/', 'name': <django.utils.functional.lazy.<locals>.__proxy__ object at 0x00AE6470>, 'admin_url': '/admin/oauth2_provider/accesstoken/', 'object_name': 'AccessToken', 'perms': {'add': True, 'delete': True, 'change': True}}, {'add_url': '/admin/oauth2_provider/application/add/', 'name': <django.utils.functional.lazy.<locals>.__proxy__ object at 0x00AE6E30>, 'admin_url': '/admin/oauth2_provider/application/', 'object_name': 'Application', 'perms': {'add': True, 'delete': True, 'change': True}}, {'add_url': '/admin/oauth2_provider/grant/add/', 'name': <django.utils.functional.lazy.<locals>.__proxy__ object at 0x00AE6450>, 'admin_url': '/admin/oauth2_provider/grant/', 'object_name': 'Grant', 'perms': {'add': True, 'delete': True, 'change': True}}, {'add_url': '/admin/oauth2_provider/refreshtoken/add/', 'name': <django.utils.functional.lazy.<locals>.__proxy__ object at 0x00AE64D0>, 'admin_url': '/admin/oauth2_provider/refreshtoken/', 'object_name': 'RefreshToken', 'perms': {'add': True, 'delete': True, 'change': True}}], 'app_url': '/admin/oauth2_provider/'}], 'LANGUAGE_BIDI': False, 'title': <django.utils.functional.lazy.<locals>.__proxy__ object at 0x03258C90>, 'site_url': '/', 'LANGUAGE_CODE': 'en-us', 'site_title': <django.utils.functional.lazy.<locals>.__proxy__ object at 0x03258B90>, 'has_permission': True, 'site_header': <django.utils.functional.lazy.<locals>.__proxy__ object at 0x03258C50>}]"
[2016-11-01 10:56:57] DEBUG [django.template:927] Exception while resolving variable 'is_popup' in template 'admin/index.html'.
Traceback (most recent call last):
  File "D:\vemo_vent\ve_vemo\lib\site-packages\django\template\base.py", line 883, in _resolve_lookup
    current = current[bit]
  File "D:\vemo_vent\ve_vemo\lib\site-packages\django\template\context.py", line 77, in __getitem__
    raise KeyError(key)
KeyError: 'is_popup'

During handling of the above exception, another exception occurred:

Traceback (most recent call last):
  File "D:\vemo_vent\ve_vemo\lib\site-packages\django\template\base.py", line 889, in _resolve_lookup
    if isinstance(current, BaseContext) and getattr(type(current), bit):
AttributeError: type object 'RequestContext' has no attribute 'is_popup'

During handling of the above exception, another exception occurred:

Traceback (most recent call last):
  File "D:\vemo_vent\ve_vemo\lib\site-packages\django\template\base.py", line 898, in _resolve_lookup
    current = current[int(bit)]
ValueError: invalid literal for int() with base 10: 'is_popup'

During handling of the above exception, another exception occurred:

Traceback (most recent call last):
  File "D:\vemo_vent\ve_vemo\lib\site-packages\django\template\base.py", line 905, in _resolve_lookup
    (bit, current))  # missing attribute
django.template.base.VariableDoesNotExist: Failed lookup for key [is_popup] in "[{'None': None, 'False': False, 'True': True}, {'DEFAULT_MESSAGE_LEVELS': {'DEBUG': 10, 'SUCCESS': 25, 'ERROR': 40, 'WARNING': 30, 'INFO': 20}, 'request': <WSGIRequest: GET '/admin/'>, 'csrf_token': <SimpleLazyObject: <function csrf.<locals>._get_val at 0x00B4D0C0>>, 'messages': <django.contrib.messages.storage.fallback.FallbackStorage object at 0x00AE6C90>, 'user': <SimpleLazyObject: <User: admin>>, 'perms': <django.contrib.auth.context_processors.PermWrapper object at 0x00B31F10>}, {}, {'available_apps': [{'name': <django.utils.functional.lazy.<locals>.__proxy__ object at 0x032631B0>, 'app_label': 'auth', 'has_module_perms': True, 'models': [{'add_url': '/admin/auth/group/add/', 'name': <django.utils.functional.lazy.<locals>.__proxy__ object at 0x00AEABB0>, 'admin_url': '/admin/auth/group/', 'object_name': 'Group', 'perms': {'add': True, 'delete': True, 'change': True}}, {'add_url': '/admin/auth/permission/add/', 'name': <django.utils.functional.lazy.<locals>.__proxy__ object at 0x00AE6370>, 'admin_url': '/admin/auth/permission/', 'object_name': 'Permission', 'perms': {'add': True, 'delete': True, 'change': True}}], 'app_url': '/admin/auth/'}, {'name': 'Auths', 'app_label': 'auths', 'has_module_perms': True, 'models': [{'add_url': '/admin/auths/hierarchytype/add/', 'name': <django.utils.functional.lazy.<locals>.__proxy__ object at 0x00AE6B90>, 'admin_url': '/admin/auths/hierarchytype/', 'object_name': 'HierarchyType', 'perms': {'add': True, 'delete': True, 'change': True}}, {'add_url': '/admin/auths/hierarchy/add/', 'name': <django.utils.functional.lazy.<locals>.__proxy__ object at 0x00AE6F10>, 'admin_url': '/admin/auths/hierarchy/', 'object_name': 'Hierarchy', 'perms': {'add': True, 'delete': True, 'change': True}}, {'add_url': '/admin/auths/menu/add/', 'name': <django.utils.functional.lazy.<locals>.__proxy__ object at 0x00AE6190>, 'admin_url': '/admin/auths/menu/', 'object_name': 'Menu', 'perms': {'add': True, 'delete': True, 'change': True}}, {'add_url': '/admin/auths/person/add/', 'name': <django.utils.functional.lazy.<locals>.__proxy__ object at 0x00AE6410>, 'admin_url': '/admin/auths/person/', 'object_name': 'Person', 'perms': {'add': True, 'delete': True, 'change': True}}, {'add_url': '/admin/auths/userhierarchygroup/add/', 'name': <django.utils.functional.lazy.<locals>.__proxy__ object at 0x00AEAED0>, 'admin_url': '/admin/auths/userhierarchygroup/', 'object_name': 'UserHierarchyGroup', 'perms': {'add': True, 'delete': True, 'change': True}}, {'add_url': '/admin/auths/userhierarchypermission/add/', 'name': <django.utils.functional.lazy.<locals>.__proxy__ object at 0x00AEAB30>, 'admin_url': '/admin/auths/userhierarchypermission/', 'object_name': 'UserHierarchyPermission', 'perms': {'add': True, 'delete': True, 'change': True}}, {'add_url': '/admin/auths/user/add/', 'name': <django.utils.functional.lazy.<locals>.__proxy__ object at 0x00AE6BB0>, 'admin_url': '/admin/auths/user/', 'object_name': 'User', 'perms': {'add': True, 'delete': True, 'change': True}}], 'app_url': '/admin/auths/'}, {'name': 'Catalogo', 'app_label': 'catalogo', 'has_module_perms': True, 'models': [{'add_url': '/admin/catalogo/autor/add/', 'name': 'Autores', 'admin_url': '/admin/catalogo/autor/', 'object_name': 'Autor', 'perms': {'add': True, 'delete': True, 'change': True}}, {'add_url': '/admin/catalogo/categoria/add/', 'name': 'Categorias', 'admin_url': '/admin/catalogo/categoria/', 'object_name': 'Categoria', 'perms': {'add': True, 'delete': True, 'change': True}}, {'add_url': '/admin/catalogo/libro/add/', 'name': 'Libros', 'admin_url': '/admin/catalogo/libro/', 'object_name': 'Libro', 'perms': {'add': True, 'delete': True, 'change': True}}], 'app_url': '/admin/catalogo/'}, {'name': <django.utils.functional.lazy.<locals>.__proxy__ object at 0x03263210>, 'app_label': 'contenttypes', 'has_module_perms': True, 'models': [{'add_url': '/admin/contenttypes/contenttype/add/', 'name': <django.utils.functional.lazy.<locals>.__proxy__ object at 0x00AE6D30>, 'admin_url': '/admin/contenttypes/contenttype/', 'object_name': 'ContentType', 'perms': {'add': True, 'delete': True, 'change': True}}], 'app_url': '/admin/contenttypes/'}, {'name': 'Django OAuth Toolkit', 'app_label': 'oauth2_provider', 'has_module_perms': True, 'models': [{'add_url': '/admin/oauth2_provider/accesstoken/add/', 'name': <django.utils.functional.lazy.<locals>.__proxy__ object at 0x00AE6810>, 'admin_url': '/admin/oauth2_provider/accesstoken/', 'object_name': 'AccessToken', 'perms': {'add': True, 'delete': True, 'change': True}}, {'add_url': '/admin/oauth2_provider/application/add/', 'name': <django.utils.functional.lazy.<locals>.__proxy__ object at 0x00AEA3F0>, 'admin_url': '/admin/oauth2_provider/application/', 'object_name': 'Application', 'perms': {'add': True, 'delete': True, 'change': True}}, {'add_url': '/admin/oauth2_provider/grant/add/', 'name': <django.utils.functional.lazy.<locals>.__proxy__ object at 0x00AEA950>, 'admin_url': '/admin/oauth2_provider/grant/', 'object_name': 'Grant', 'perms': {'add': True, 'delete': True, 'change': True}}, {'add_url': '/admin/oauth2_provider/refreshtoken/add/', 'name': <django.utils.functional.lazy.<locals>.__proxy__ object at 0x00AEABF0>, 'admin_url': '/admin/oauth2_provider/refreshtoken/', 'object_name': 'RefreshToken', 'perms': {'add': True, 'delete': True, 'change': True}}], 'app_url': '/admin/oauth2_provider/'}], 'app_list': [{'name': <django.utils.functional.lazy.<locals>.__proxy__ object at 0x032631B0>, 'app_label': 'auth', 'has_module_perms': True, 'models': [{'add_url': '/admin/auth/group/add/', 'name': <django.utils.functional.lazy.<locals>.__proxy__ object at 0x00AE6570>, 'admin_url': '/admin/auth/group/', 'object_name': 'Group', 'perms': {'add': True, 'delete': True, 'change': True}}, {'add_url': '/admin/auth/permission/add/', 'name': <django.utils.functional.lazy.<locals>.__proxy__ object at 0x00AE6A90>, 'admin_url': '/admin/auth/permission/', 'object_name': 'Permission', 'perms': {'add': True, 'delete': True, 'change': True}}], 'app_url': '/admin/auth/'}, {'name': 'Auths', 'app_label': 'auths', 'has_module_perms': True, 'models': [{'add_url': '/admin/auths/hierarchytype/add/', 'name': <django.utils.functional.lazy.<locals>.__proxy__ object at 0x00AE6E70>, 'admin_url': '/admin/auths/hierarchytype/', 'object_name': 'HierarchyType', 'perms': {'add': True, 'delete': True, 'change': True}}, {'add_url': '/admin/auths/hierarchy/add/', 'name': <django.utils.functional.lazy.<locals>.__proxy__ object at 0x00AE63B0>, 'admin_url': '/admin/auths/hierarchy/', 'object_name': 'Hierarchy', 'perms': {'add': True, 'delete': True, 'change': True}}, {'add_url': '/admin/auths/menu/add/', 'name': <django.utils.functional.lazy.<locals>.__proxy__ object at 0x00AE6930>, 'admin_url': '/admin/auths/menu/', 'object_name': 'Menu', 'perms': {'add': True, 'delete': True, 'change': True}}, {'add_url': '/admin/auths/person/add/', 'name': <django.utils.functional.lazy.<locals>.__proxy__ object at 0x00AE6FF0>, 'admin_url': '/admin/auths/person/', 'object_name': 'Person', 'perms': {'add': True, 'delete': True, 'change': True}}, {'add_url': '/admin/auths/userhierarchygroup/add/', 'name': <django.utils.functional.lazy.<locals>.__proxy__ object at 0x00AE6610>, 'admin_url': '/admin/auths/userhierarchygroup/', 'object_name': 'UserHierarchyGroup', 'perms': {'add': True, 'delete': True, 'change': True}}, {'add_url': '/admin/auths/userhierarchypermission/add/', 'name': <django.utils.functional.lazy.<locals>.__proxy__ object at 0x00AE6310>, 'admin_url': '/admin/auths/userhierarchypermission/', 'object_name': 'UserHierarchyPermission', 'perms': {'add': True, 'delete': True, 'change': True}}, {'add_url': '/admin/auths/user/add/', 'name': <django.utils.functional.lazy.<locals>.__proxy__ object at 0x00AE6DD0>, 'admin_url': '/admin/auths/user/', 'object_name': 'User', 'perms': {'add': True, 'delete': True, 'change': True}}], 'app_url': '/admin/auths/'}, {'name': 'Catalogo', 'app_label': 'catalogo', 'has_module_perms': True, 'models': [{'add_url': '/admin/catalogo/autor/add/', 'name': 'Autores', 'admin_url': '/admin/catalogo/autor/', 'object_name': 'Autor', 'perms': {'add': True, 'delete': True, 'change': True}}, {'add_url': '/admin/catalogo/categoria/add/', 'name': 'Categorias', 'admin_url': '/admin/catalogo/categoria/', 'object_name': 'Categoria', 'perms': {'add': True, 'delete': True, 'change': True}}, {'add_url': '/admin/catalogo/libro/add/', 'name': 'Libros', 'admin_url': '/admin/catalogo/libro/', 'object_name': 'Libro', 'perms': {'add': True, 'delete': True, 'change': True}}], 'app_url': '/admin/catalogo/'}, {'name': <django.utils.functional.lazy.<locals>.__proxy__ object at 0x03263210>, 'app_label': 'contenttypes', 'has_module_perms': True, 'models': [{'add_url': '/admin/contenttypes/contenttype/add/', 'name': <django.utils.functional.lazy.<locals>.__proxy__ object at 0x00AE6D70>, 'admin_url': '/admin/contenttypes/contenttype/', 'object_name': 'ContentType', 'perms': {'add': True, 'delete': True, 'change': True}}], 'app_url': '/admin/contenttypes/'}, {'name': 'Django OAuth Toolkit', 'app_label': 'oauth2_provider', 'has_module_perms': True, 'models': [{'add_url': '/admin/oauth2_provider/accesstoken/add/', 'name': <django.utils.functional.lazy.<locals>.__proxy__ object at 0x00AE6470>, 'admin_url': '/admin/oauth2_provider/accesstoken/', 'object_name': 'AccessToken', 'perms': {'add': True, 'delete': True, 'change': True}}, {'add_url': '/admin/oauth2_provider/application/add/', 'name': <django.utils.functional.lazy.<locals>.__proxy__ object at 0x00AE6E30>, 'admin_url': '/admin/oauth2_provider/application/', 'object_name': 'Application', 'perms': {'add': True, 'delete': True, 'change': True}}, {'add_url': '/admin/oauth2_provider/grant/add/', 'name': <django.utils.functional.lazy.<locals>.__proxy__ object at 0x00AE6450>, 'admin_url': '/admin/oauth2_provider/grant/', 'object_name': 'Grant', 'perms': {'add': True, 'delete': True, 'change': True}}, {'add_url': '/admin/oauth2_provider/refreshtoken/add/', 'name': <django.utils.functional.lazy.<locals>.__proxy__ object at 0x00AE64D0>, 'admin_url': '/admin/oauth2_provider/refreshtoken/', 'object_name': 'RefreshToken', 'perms': {'add': True, 'delete': True, 'change': True}}], 'app_url': '/admin/oauth2_provider/'}], 'LANGUAGE_BIDI': False, 'title': <django.utils.functional.lazy.<locals>.__proxy__ object at 0x03258C90>, 'site_url': '/', 'LANGUAGE_CODE': 'en-us', 'site_title': <django.utils.functional.lazy.<locals>.__proxy__ object at 0x03258B90>, 'has_permission': True, 'site_header': <django.utils.functional.lazy.<locals>.__proxy__ object at 0x03258C50>}]"
[2016-11-01 10:56:57] DEBUG [django.db.backends:89] (0.016) SELECT "django_admin_log"."id", "django_admin_log"."action_time", "django_admin_log"."user_id", "django_admin_log"."content_type_id", "django_admin_log"."object_id", "django_admin_log"."object_repr", "django_admin_log"."action_flag", "django_admin_log"."change_message", "auths_user"."password", "auths_user"."last_login", "auths_user"."is_superuser", "auths_user"."username", "auths_user"."first_name", "auths_user"."last_name", "auths_user"."email", "auths_user"."is_staff", "auths_user"."is_active", "auths_user"."date_joined", "auths_user"."id", "auths_user"."last_hierarchy_id", "auths_user"."last_module_id", "auths_user"."person_id", "auths_user"."updated_at", "auths_user"."registered_by", "django_content_type"."id", "django_content_type"."app_label", "django_content_type"."model" FROM "django_admin_log" INNER JOIN "auths_user" ON ("django_admin_log"."user_id" = "auths_user"."id") LEFT OUTER JOIN "django_content_type" ON ("django_admin_log"."content_type_id" = "django_content_type"."id") WHERE "django_admin_log"."user_id" = '98c929be19fb4598b30233dd1ddbfcfd' ORDER BY "django_admin_log"."action_time" DESC LIMIT 10; args=('98c929be19fb4598b30233dd1ddbfcfd',)
[2016-11-01 11:18:26] DEBUG [django.db.backends:89] (0.000) 
            SELECT name, type FROM sqlite_master
            WHERE type in ('table', 'view') AND NOT name='sqlite_sequence'
            ORDER BY name; args=None
[2016-11-01 11:18:26] DEBUG [django.db.backends:89] (0.000) SELECT "django_migrations"."app", "django_migrations"."name" FROM "django_migrations"; args=()
[2016-11-01 11:18:26] DEBUG [django.db.backends:89] (0.000) 
            SELECT name, type FROM sqlite_master
            WHERE type in ('table', 'view') AND NOT name='sqlite_sequence'
            ORDER BY name; args=None
[2016-11-01 11:18:26] DEBUG [django.db.backends:89] (0.000) SELECT "django_migrations"."app", "django_migrations"."name" FROM "django_migrations"; args=()
[2016-11-01 11:18:26] DEBUG [django.db.backends:89] (0.000) SELECT "django_content_type"."id", "django_content_type"."app_label", "django_content_type"."model" FROM "django_content_type" WHERE ("django_content_type"."app_label" = 'admin' AND "django_content_type"."model" = 'logentry'); args=('admin', 'logentry')
[2016-11-01 11:18:26] DEBUG [django.db.backends:89] (0.000) SELECT "auth_permission"."content_type_id", "auth_permission"."codename" FROM "auth_permission" INNER JOIN "django_content_type" ON ("auth_permission"."content_type_id" = "django_content_type"."id") WHERE "auth_permission"."content_type_id" IN (1) ORDER BY "django_content_type"."app_label" ASC, "django_content_type"."model" ASC, "auth_permission"."codename" ASC; args=(1,)
[2016-11-01 11:18:26] DEBUG [django.db.backends:89] (0.000) SELECT "django_content_type"."id", "django_content_type"."app_label", "django_content_type"."model" FROM "django_content_type" WHERE "django_content_type"."app_label" = 'admin'; args=('admin',)
[2016-11-01 11:18:26] DEBUG [django.db.backends:89] (0.000) SELECT "django_content_type"."id", "django_content_type"."app_label", "django_content_type"."model" FROM "django_content_type" WHERE ("django_content_type"."app_label" = 'auth' AND "django_content_type"."model" = 'permission'); args=('auth', 'permission')
[2016-11-01 11:18:26] DEBUG [django.db.backends:89] (0.000) SELECT "django_content_type"."id", "django_content_type"."app_label", "django_content_type"."model" FROM "django_content_type" WHERE ("django_content_type"."app_label" = 'auth' AND "django_content_type"."model" = 'group'); args=('auth', 'group')
[2016-11-01 11:18:26] DEBUG [django.db.backends:89] (0.000) SELECT "auth_permission"."content_type_id", "auth_permission"."codename" FROM "auth_permission" INNER JOIN "django_content_type" ON ("auth_permission"."content_type_id" = "django_content_type"."id") WHERE "auth_permission"."content_type_id" IN (2, 3) ORDER BY "django_content_type"."app_label" ASC, "django_content_type"."model" ASC, "auth_permission"."codename" ASC; args=(2, 3)
[2016-11-01 11:18:26] DEBUG [django.db.backends:89] (0.000) SELECT "django_content_type"."id", "django_content_type"."app_label", "django_content_type"."model" FROM "django_content_type" WHERE "django_content_type"."app_label" = 'auth'; args=('auth',)
[2016-11-01 11:18:26] DEBUG [django.db.backends:89] (0.000) SELECT "django_content_type"."id", "django_content_type"."app_label", "django_content_type"."model" FROM "django_content_type" WHERE ("django_content_type"."app_label" = 'contenttypes' AND "django_content_type"."model" = 'contenttype'); args=('contenttypes', 'contenttype')
[2016-11-01 11:18:26] DEBUG [django.db.backends:89] (0.000) SELECT "auth_permission"."content_type_id", "auth_permission"."codename" FROM "auth_permission" INNER JOIN "django_content_type" ON ("auth_permission"."content_type_id" = "django_content_type"."id") WHERE "auth_permission"."content_type_id" IN (4) ORDER BY "django_content_type"."app_label" ASC, "django_content_type"."model" ASC, "auth_permission"."codename" ASC; args=(4,)
[2016-11-01 11:18:26] DEBUG [django.db.backends:89] (0.000) SELECT "django_content_type"."id", "django_content_type"."app_label", "django_content_type"."model" FROM "django_content_type" WHERE "django_content_type"."app_label" = 'contenttypes'; args=('contenttypes',)
[2016-11-01 11:18:26] DEBUG [django.db.backends:89] (0.000) SELECT "django_content_type"."id", "django_content_type"."app_label", "django_content_type"."model" FROM "django_content_type" WHERE ("django_content_type"."app_label" = 'sessions' AND "django_content_type"."model" = 'session'); args=('sessions', 'session')
[2016-11-01 11:18:26] DEBUG [django.db.backends:89] (0.000) SELECT "auth_permission"."content_type_id", "auth_permission"."codename" FROM "auth_permission" INNER JOIN "django_content_type" ON ("auth_permission"."content_type_id" = "django_content_type"."id") WHERE "auth_permission"."content_type_id" IN (5) ORDER BY "django_content_type"."app_label" ASC, "django_content_type"."model" ASC, "auth_permission"."codename" ASC; args=(5,)
[2016-11-01 11:18:26] DEBUG [django.db.backends:89] (0.000) SELECT "django_content_type"."id", "django_content_type"."app_label", "django_content_type"."model" FROM "django_content_type" WHERE "django_content_type"."app_label" = 'sessions'; args=('sessions',)
[2016-11-01 11:18:26] DEBUG [django.db.backends:89] (0.000) SELECT "django_content_type"."id", "django_content_type"."app_label", "django_content_type"."model" FROM "django_content_type" WHERE ("django_content_type"."app_label" = 'corsheaders' AND "django_content_type"."model" = 'corsmodel'); args=('corsheaders', 'corsmodel')
[2016-11-01 11:18:26] DEBUG [django.db.backends:89] (0.000) SELECT "auth_permission"."content_type_id", "auth_permission"."codename" FROM "auth_permission" INNER JOIN "django_content_type" ON ("auth_permission"."content_type_id" = "django_content_type"."id") WHERE "auth_permission"."content_type_id" IN (6) ORDER BY "django_content_type"."app_label" ASC, "django_content_type"."model" ASC, "auth_permission"."codename" ASC; args=(6,)
[2016-11-01 11:18:26] DEBUG [django.db.backends:89] (0.000) SELECT "django_content_type"."id", "django_content_type"."app_label", "django_content_type"."model" FROM "django_content_type" WHERE "django_content_type"."app_label" = 'corsheaders'; args=('corsheaders',)
[2016-11-01 11:18:26] DEBUG [django.db.backends:89] (0.000) SELECT "django_content_type"."id", "django_content_type"."app_label", "django_content_type"."model" FROM "django_content_type" WHERE ("django_content_type"."app_label" = 'oauth2_provider' AND "django_content_type"."model" = 'application'); args=('oauth2_provider', 'application')
[2016-11-01 11:18:26] DEBUG [django.db.backends:89] (0.000) SELECT "django_content_type"."id", "django_content_type"."app_label", "django_content_type"."model" FROM "django_content_type" WHERE ("django_content_type"."app_label" = 'oauth2_provider' AND "django_content_type"."model" = 'grant'); args=('oauth2_provider', 'grant')
[2016-11-01 11:18:26] DEBUG [django.db.backends:89] (0.000) SELECT "django_content_type"."id", "django_content_type"."app_label", "django_content_type"."model" FROM "django_content_type" WHERE ("django_content_type"."app_label" = 'oauth2_provider' AND "django_content_type"."model" = 'accesstoken'); args=('oauth2_provider', 'accesstoken')
[2016-11-01 11:18:26] DEBUG [django.db.backends:89] (0.000) SELECT "django_content_type"."id", "django_content_type"."app_label", "django_content_type"."model" FROM "django_content_type" WHERE ("django_content_type"."app_label" = 'oauth2_provider' AND "django_content_type"."model" = 'refreshtoken'); args=('oauth2_provider', 'refreshtoken')
[2016-11-01 11:18:26] DEBUG [django.db.backends:89] (0.000) SELECT "auth_permission"."content_type_id", "auth_permission"."codename" FROM "auth_permission" INNER JOIN "django_content_type" ON ("auth_permission"."content_type_id" = "django_content_type"."id") WHERE "auth_permission"."content_type_id" IN (8, 9, 10, 7) ORDER BY "django_content_type"."app_label" ASC, "django_content_type"."model" ASC, "auth_permission"."codename" ASC; args=(8, 9, 10, 7)
[2016-11-01 11:18:26] DEBUG [django.db.backends:89] (0.000) SELECT "django_content_type"."id", "django_content_type"."app_label", "django_content_type"."model" FROM "django_content_type" WHERE "django_content_type"."app_label" = 'oauth2_provider'; args=('oauth2_provider',)
[2016-11-01 11:18:26] DEBUG [django.db.backends:89] (0.000) SELECT "django_content_type"."id", "django_content_type"."app_label", "django_content_type"."model" FROM "django_content_type" WHERE ("django_content_type"."app_label" = 'auths' AND "django_content_type"."model" = 'person'); args=('auths', 'person')
[2016-11-01 11:18:26] DEBUG [django.db.backends:89] (0.000) SELECT "django_content_type"."id", "django_content_type"."app_label", "django_content_type"."model" FROM "django_content_type" WHERE ("django_content_type"."app_label" = 'auths' AND "django_content_type"."model" = 'user'); args=('auths', 'user')
[2016-11-01 11:18:26] DEBUG [django.db.backends:89] (0.016) SELECT "django_content_type"."id", "django_content_type"."app_label", "django_content_type"."model" FROM "django_content_type" WHERE ("django_content_type"."app_label" = 'auths' AND "django_content_type"."model" = 'hierarchytype'); args=('auths', 'hierarchytype')
[2016-11-01 11:18:26] DEBUG [django.db.backends:89] (0.000) SELECT "django_content_type"."id", "django_content_type"."app_label", "django_content_type"."model" FROM "django_content_type" WHERE ("django_content_type"."app_label" = 'auths' AND "django_content_type"."model" = 'hierarchy'); args=('auths', 'hierarchy')
[2016-11-01 11:18:26] DEBUG [django.db.backends:89] (0.000) SELECT "django_content_type"."id", "django_content_type"."app_label", "django_content_type"."model" FROM "django_content_type" WHERE ("django_content_type"."app_label" = 'auths' AND "django_content_type"."model" = 'menu'); args=('auths', 'menu')
[2016-11-01 11:18:26] DEBUG [django.db.backends:89] (0.000) SELECT "django_content_type"."id", "django_content_type"."app_label", "django_content_type"."model" FROM "django_content_type" WHERE ("django_content_type"."app_label" = 'auths' AND "django_content_type"."model" = 'userhierarchygroup'); args=('auths', 'userhierarchygroup')
[2016-11-01 11:18:26] DEBUG [django.db.backends:89] (0.000) SELECT "django_content_type"."id", "django_content_type"."app_label", "django_content_type"."model" FROM "django_content_type" WHERE ("django_content_type"."app_label" = 'auths' AND "django_content_type"."model" = 'userhierarchypermission'); args=('auths', 'userhierarchypermission')
[2016-11-01 11:18:26] DEBUG [django.db.backends:89] (0.000) SELECT "auth_permission"."content_type_id", "auth_permission"."codename" FROM "auth_permission" INNER JOIN "django_content_type" ON ("auth_permission"."content_type_id" = "django_content_type"."id") WHERE "auth_permission"."content_type_id" IN (11, 12, 13, 14, 15, 16, 17) ORDER BY "django_content_type"."app_label" ASC, "django_content_type"."model" ASC, "auth_permission"."codename" ASC; args=(11, 12, 13, 14, 15, 16, 17)
[2016-11-01 11:18:26] DEBUG [django.db.backends:89] (0.000) SELECT "django_content_type"."id", "django_content_type"."app_label", "django_content_type"."model" FROM "django_content_type" WHERE "django_content_type"."app_label" = 'auths'; args=('auths',)
[2016-11-01 11:18:26] DEBUG [django.db.backends:89] (0.000) SELECT "django_content_type"."id", "django_content_type"."app_label", "django_content_type"."model" FROM "django_content_type" WHERE ("django_content_type"."app_label" = 'catalogo' AND "django_content_type"."model" = 'categoria'); args=('catalogo', 'categoria')
[2016-11-01 11:18:26] DEBUG [django.db.backends:89] (0.000) SELECT "django_content_type"."id", "django_content_type"."app_label", "django_content_type"."model" FROM "django_content_type" WHERE ("django_content_type"."app_label" = 'catalogo' AND "django_content_type"."model" = 'autor'); args=('catalogo', 'autor')
[2016-11-01 11:18:26] DEBUG [django.db.backends:89] (0.000) SELECT "django_content_type"."id", "django_content_type"."app_label", "django_content_type"."model" FROM "django_content_type" WHERE ("django_content_type"."app_label" = 'catalogo' AND "django_content_type"."model" = 'libro'); args=('catalogo', 'libro')
[2016-11-01 11:18:26] DEBUG [django.db.backends:89] (0.000) SELECT "django_content_type"."id", "django_content_type"."app_label", "django_content_type"."model" FROM "django_content_type" WHERE ("django_content_type"."app_label" = 'catalogo' AND "django_content_type"."model" = 'ejemplar'); args=('catalogo', 'ejemplar')
[2016-11-01 11:18:26] DEBUG [django.db.backends:89] (0.000) SELECT "auth_permission"."content_type_id", "auth_permission"."codename" FROM "auth_permission" INNER JOIN "django_content_type" ON ("auth_permission"."content_type_id" = "django_content_type"."id") WHERE "auth_permission"."content_type_id" IN (18, 19, 20, 21) ORDER BY "django_content_type"."app_label" ASC, "django_content_type"."model" ASC, "auth_permission"."codename" ASC; args=(18, 19, 20, 21)
[2016-11-01 11:18:26] DEBUG [django.db.backends:89] (0.000) SELECT "django_content_type"."id", "django_content_type"."app_label", "django_content_type"."model" FROM "django_content_type" WHERE "django_content_type"."app_label" = 'catalogo'; args=('catalogo',)
[2016-11-01 11:37:21] DEBUG [django.db.backends:89] (0.000) 
            SELECT name, type FROM sqlite_master
            WHERE type in ('table', 'view') AND NOT name='sqlite_sequence'
            ORDER BY name; args=None
[2016-11-01 11:37:21] DEBUG [django.db.backends:89] (0.001) SELECT "django_migrations"."app", "django_migrations"."name" FROM "django_migrations"; args=()
[2016-11-01 11:37:21] DEBUG [django.db.backends:89] (0.000) 
            SELECT name, type FROM sqlite_master
            WHERE type in ('table', 'view') AND NOT name='sqlite_sequence'
            ORDER BY name; args=None
[2016-11-01 11:37:21] DEBUG [django.db.backends:89] (0.000) SELECT "django_migrations"."app", "django_migrations"."name" FROM "django_migrations"; args=()
[2016-11-01 11:37:21] DEBUG [django.db.backends:89] (0.000) SELECT "django_content_type"."id", "django_content_type"."app_label", "django_content_type"."model" FROM "django_content_type" WHERE ("django_content_type"."model" = 'logentry' AND "django_content_type"."app_label" = 'admin'); args=('logentry', 'admin')
[2016-11-01 11:37:21] DEBUG [django.db.backends:89] (0.000) SELECT "auth_permission"."content_type_id", "auth_permission"."codename" FROM "auth_permission" INNER JOIN "django_content_type" ON ("auth_permission"."content_type_id" = "django_content_type"."id") WHERE "auth_permission"."content_type_id" IN (1) ORDER BY "django_content_type"."app_label" ASC, "django_content_type"."model" ASC, "auth_permission"."codename" ASC; args=(1,)
[2016-11-01 11:37:21] DEBUG [django.db.backends:89] (0.000) SELECT "django_content_type"."id", "django_content_type"."app_label", "django_content_type"."model" FROM "django_content_type" WHERE "django_content_type"."app_label" = 'admin'; args=('admin',)
[2016-11-01 11:37:21] DEBUG [django.db.backends:89] (0.000) SELECT "django_content_type"."id", "django_content_type"."app_label", "django_content_type"."model" FROM "django_content_type" WHERE ("django_content_type"."model" = 'permission' AND "django_content_type"."app_label" = 'auth'); args=('permission', 'auth')
[2016-11-01 11:37:21] DEBUG [django.db.backends:89] (0.000) SELECT "django_content_type"."id", "django_content_type"."app_label", "django_content_type"."model" FROM "django_content_type" WHERE ("django_content_type"."model" = 'group' AND "django_content_type"."app_label" = 'auth'); args=('group', 'auth')
[2016-11-01 11:37:21] DEBUG [django.db.backends:89] (0.000) SELECT "auth_permission"."content_type_id", "auth_permission"."codename" FROM "auth_permission" INNER JOIN "django_content_type" ON ("auth_permission"."content_type_id" = "django_content_type"."id") WHERE "auth_permission"."content_type_id" IN (2, 3) ORDER BY "django_content_type"."app_label" ASC, "django_content_type"."model" ASC, "auth_permission"."codename" ASC; args=(2, 3)
[2016-11-01 11:37:21] DEBUG [django.db.backends:89] (0.000) SELECT "django_content_type"."id", "django_content_type"."app_label", "django_content_type"."model" FROM "django_content_type" WHERE "django_content_type"."app_label" = 'auth'; args=('auth',)
[2016-11-01 11:37:21] DEBUG [django.db.backends:89] (0.000) SELECT "django_content_type"."id", "django_content_type"."app_label", "django_content_type"."model" FROM "django_content_type" WHERE ("django_content_type"."model" = 'contenttype' AND "django_content_type"."app_label" = 'contenttypes'); args=('contenttype', 'contenttypes')
[2016-11-01 11:37:21] DEBUG [django.db.backends:89] (0.000) SELECT "auth_permission"."content_type_id", "auth_permission"."codename" FROM "auth_permission" INNER JOIN "django_content_type" ON ("auth_permission"."content_type_id" = "django_content_type"."id") WHERE "auth_permission"."content_type_id" IN (4) ORDER BY "django_content_type"."app_label" ASC, "django_content_type"."model" ASC, "auth_permission"."codename" ASC; args=(4,)
[2016-11-01 11:37:21] DEBUG [django.db.backends:89] (0.000) SELECT "django_content_type"."id", "django_content_type"."app_label", "django_content_type"."model" FROM "django_content_type" WHERE "django_content_type"."app_label" = 'contenttypes'; args=('contenttypes',)
[2016-11-01 11:37:21] DEBUG [django.db.backends:89] (0.000) SELECT "django_content_type"."id", "django_content_type"."app_label", "django_content_type"."model" FROM "django_content_type" WHERE ("django_content_type"."model" = 'session' AND "django_content_type"."app_label" = 'sessions'); args=('session', 'sessions')
[2016-11-01 11:37:21] DEBUG [django.db.backends:89] (0.000) SELECT "auth_permission"."content_type_id", "auth_permission"."codename" FROM "auth_permission" INNER JOIN "django_content_type" ON ("auth_permission"."content_type_id" = "django_content_type"."id") WHERE "auth_permission"."content_type_id" IN (5) ORDER BY "django_content_type"."app_label" ASC, "django_content_type"."model" ASC, "auth_permission"."codename" ASC; args=(5,)
[2016-11-01 11:37:21] DEBUG [django.db.backends:89] (0.000) SELECT "django_content_type"."id", "django_content_type"."app_label", "django_content_type"."model" FROM "django_content_type" WHERE "django_content_type"."app_label" = 'sessions'; args=('sessions',)
[2016-11-01 11:37:21] DEBUG [django.db.backends:89] (0.000) SELECT "django_content_type"."id", "django_content_type"."app_label", "django_content_type"."model" FROM "django_content_type" WHERE ("django_content_type"."model" = 'corsmodel' AND "django_content_type"."app_label" = 'corsheaders'); args=('corsmodel', 'corsheaders')
[2016-11-01 11:37:21] DEBUG [django.db.backends:89] (0.000) SELECT "auth_permission"."content_type_id", "auth_permission"."codename" FROM "auth_permission" INNER JOIN "django_content_type" ON ("auth_permission"."content_type_id" = "django_content_type"."id") WHERE "auth_permission"."content_type_id" IN (6) ORDER BY "django_content_type"."app_label" ASC, "django_content_type"."model" ASC, "auth_permission"."codename" ASC; args=(6,)
[2016-11-01 11:37:21] DEBUG [django.db.backends:89] (0.000) SELECT "django_content_type"."id", "django_content_type"."app_label", "django_content_type"."model" FROM "django_content_type" WHERE "django_content_type"."app_label" = 'corsheaders'; args=('corsheaders',)
[2016-11-01 11:37:21] DEBUG [django.db.backends:89] (0.000) SELECT "django_content_type"."id", "django_content_type"."app_label", "django_content_type"."model" FROM "django_content_type" WHERE ("django_content_type"."model" = 'application' AND "django_content_type"."app_label" = 'oauth2_provider'); args=('application', 'oauth2_provider')
[2016-11-01 11:37:21] DEBUG [django.db.backends:89] (0.000) SELECT "django_content_type"."id", "django_content_type"."app_label", "django_content_type"."model" FROM "django_content_type" WHERE ("django_content_type"."model" = 'grant' AND "django_content_type"."app_label" = 'oauth2_provider'); args=('grant', 'oauth2_provider')
[2016-11-01 11:37:21] DEBUG [django.db.backends:89] (0.000) SELECT "django_content_type"."id", "django_content_type"."app_label", "django_content_type"."model" FROM "django_content_type" WHERE ("django_content_type"."model" = 'accesstoken' AND "django_content_type"."app_label" = 'oauth2_provider'); args=('accesstoken', 'oauth2_provider')
[2016-11-01 11:37:21] DEBUG [django.db.backends:89] (0.000) SELECT "django_content_type"."id", "django_content_type"."app_label", "django_content_type"."model" FROM "django_content_type" WHERE ("django_content_type"."model" = 'refreshtoken' AND "django_content_type"."app_label" = 'oauth2_provider'); args=('refreshtoken', 'oauth2_provider')
[2016-11-01 11:37:21] DEBUG [django.db.backends:89] (0.000) SELECT "auth_permission"."content_type_id", "auth_permission"."codename" FROM "auth_permission" INNER JOIN "django_content_type" ON ("auth_permission"."content_type_id" = "django_content_type"."id") WHERE "auth_permission"."content_type_id" IN (8, 9, 10, 7) ORDER BY "django_content_type"."app_label" ASC, "django_content_type"."model" ASC, "auth_permission"."codename" ASC; args=(8, 9, 10, 7)
[2016-11-01 11:37:21] DEBUG [django.db.backends:89] (0.000) SELECT "django_content_type"."id", "django_content_type"."app_label", "django_content_type"."model" FROM "django_content_type" WHERE "django_content_type"."app_label" = 'oauth2_provider'; args=('oauth2_provider',)
[2016-11-01 11:37:21] DEBUG [django.db.backends:89] (0.000) SELECT "django_content_type"."id", "django_content_type"."app_label", "django_content_type"."model" FROM "django_content_type" WHERE ("django_content_type"."model" = 'person' AND "django_content_type"."app_label" = 'auths'); args=('person', 'auths')
[2016-11-01 11:37:21] DEBUG [django.db.backends:89] (0.000) SELECT "django_content_type"."id", "django_content_type"."app_label", "django_content_type"."model" FROM "django_content_type" WHERE ("django_content_type"."model" = 'user' AND "django_content_type"."app_label" = 'auths'); args=('user', 'auths')
[2016-11-01 11:37:21] DEBUG [django.db.backends:89] (0.000) SELECT "django_content_type"."id", "django_content_type"."app_label", "django_content_type"."model" FROM "django_content_type" WHERE ("django_content_type"."model" = 'hierarchytype' AND "django_content_type"."app_label" = 'auths'); args=('hierarchytype', 'auths')
[2016-11-01 11:37:21] DEBUG [django.db.backends:89] (0.000) SELECT "django_content_type"."id", "django_content_type"."app_label", "django_content_type"."model" FROM "django_content_type" WHERE ("django_content_type"."model" = 'hierarchy' AND "django_content_type"."app_label" = 'auths'); args=('hierarchy', 'auths')
[2016-11-01 11:37:21] DEBUG [django.db.backends:89] (0.000) SELECT "django_content_type"."id", "django_content_type"."app_label", "django_content_type"."model" FROM "django_content_type" WHERE ("django_content_type"."model" = 'menu' AND "django_content_type"."app_label" = 'auths'); args=('menu', 'auths')
[2016-11-01 11:37:21] DEBUG [django.db.backends:89] (0.000) SELECT "django_content_type"."id", "django_content_type"."app_label", "django_content_type"."model" FROM "django_content_type" WHERE ("django_content_type"."model" = 'userhierarchygroup' AND "django_content_type"."app_label" = 'auths'); args=('userhierarchygroup', 'auths')
[2016-11-01 11:37:21] DEBUG [django.db.backends:89] (0.000) SELECT "django_content_type"."id", "django_content_type"."app_label", "django_content_type"."model" FROM "django_content_type" WHERE ("django_content_type"."model" = 'userhierarchypermission' AND "django_content_type"."app_label" = 'auths'); args=('userhierarchypermission', 'auths')
[2016-11-01 11:37:21] DEBUG [django.db.backends:89] (0.000) SELECT "auth_permission"."content_type_id", "auth_permission"."codename" FROM "auth_permission" INNER JOIN "django_content_type" ON ("auth_permission"."content_type_id" = "django_content_type"."id") WHERE "auth_permission"."content_type_id" IN (11, 12, 13, 14, 15, 16, 17) ORDER BY "django_content_type"."app_label" ASC, "django_content_type"."model" ASC, "auth_permission"."codename" ASC; args=(11, 12, 13, 14, 15, 16, 17)
[2016-11-01 11:37:21] DEBUG [django.db.backends:89] (0.000) SELECT "django_content_type"."id", "django_content_type"."app_label", "django_content_type"."model" FROM "django_content_type" WHERE "django_content_type"."app_label" = 'auths'; args=('auths',)
[2016-11-01 11:37:21] DEBUG [django.db.backends:89] (0.004) SELECT "django_content_type"."id", "django_content_type"."app_label", "django_content_type"."model" FROM "django_content_type" WHERE ("django_content_type"."model" = 'categoria' AND "django_content_type"."app_label" = 'catalogo'); args=('categoria', 'catalogo')
[2016-11-01 11:37:21] DEBUG [django.db.backends:89] (0.000) SELECT "django_content_type"."id", "django_content_type"."app_label", "django_content_type"."model" FROM "django_content_type" WHERE ("django_content_type"."model" = 'autor' AND "django_content_type"."app_label" = 'catalogo'); args=('autor', 'catalogo')
[2016-11-01 11:37:21] DEBUG [django.db.backends:89] (0.000) SELECT "django_content_type"."id", "django_content_type"."app_label", "django_content_type"."model" FROM "django_content_type" WHERE ("django_content_type"."model" = 'libro' AND "django_content_type"."app_label" = 'catalogo'); args=('libro', 'catalogo')
[2016-11-01 11:37:21] DEBUG [django.db.backends:89] (0.000) SELECT "django_content_type"."id", "django_content_type"."app_label", "django_content_type"."model" FROM "django_content_type" WHERE ("django_content_type"."model" = 'ejemplar' AND "django_content_type"."app_label" = 'catalogo'); args=('ejemplar', 'catalogo')
[2016-11-01 11:37:21] DEBUG [django.db.backends:89] (0.004) SELECT "auth_permission"."content_type_id", "auth_permission"."codename" FROM "auth_permission" INNER JOIN "django_content_type" ON ("auth_permission"."content_type_id" = "django_content_type"."id") WHERE "auth_permission"."content_type_id" IN (18, 19, 20, 21) ORDER BY "django_content_type"."app_label" ASC, "django_content_type"."model" ASC, "auth_permission"."codename" ASC; args=(18, 19, 20, 21)
[2016-11-01 11:37:21] DEBUG [django.db.backends:89] (0.000) SELECT "django_content_type"."id", "django_content_type"."app_label", "django_content_type"."model" FROM "django_content_type" WHERE "django_content_type"."app_label" = 'catalogo'; args=('catalogo',)
